#
# There is insufficient memory for the Java Runtime Environment to continue.
# Native memory allocation (mmap) failed to map 134217728 bytes for G1 virtual space
# Possible reasons:
#   The system is out of physical RAM or swap space
#   The process is running with CompressedOops enabled, and the Java Heap may be blocking the growth of the native heap
# Possible solutions:
#   Reduce memory load on the system
#   Increase physical memory or swap space
#   Check if swap backing store is full
#   Decrease Java heap size (-Xmx/-Xms)
#   Decrease number of Java threads
#   Decrease Java thread stack sizes (-Xss)
#   Set larger code cache with -XX:ReservedCodeCacheSize=
#   JVM is running with Unscaled Compressed Oops mode in which the Java heap is
#     placed in the first 4GB address space. The Java Heap base address is the
#     maximum limit for the native heap growth. Please use -XX:HeapBaseMinAddress
#     to set the Java Heap base and to place the Java Heap above 4GB virtual address.
# This output file may be truncated or incomplete.
#
#  Out of Memory Error (./open/src/hotspot/os/windows/os_windows.cpp:3321), pid=115468, tid=95960
#
# JRE version:  (15.0.2+7) (build )
# Java VM: Java HotSpot(TM) 64-Bit Server VM (15.0.2+7-27, mixed mode, sharing, tiered, compressed oops, g1 gc, windows-amd64)
# No core dump will be written. Minidumps are not enabled by default on client versions of Windows
#

---------------  S U M M A R Y ------------

Command Line: -XX:+ShowCodeDetailsInExceptionMessages App

Host: Intel(R) Core(TM) i5-8265U CPU @ 1.60GHz, 8 cores, 7G,  Windows 10 , 64 bit Build 19041 (10.0.19041.1151)
Time: Sat Jul 30 16:01:37 2022 Hora oficial do Brasil elapsed time: 0.032621 seconds (0d 0h 0m 0s)

---------------  T H R E A D  ---------------

Current thread (0x00000245ea3cfe60):  JavaThread "Unknown thread" [_thread_in_vm, id=95960, stack(0x000000754c500000,0x000000754c600000)]

Stack: [0x000000754c500000,0x000000754c600000]
Native frames: (J=compiled Java code, j=interpreted, Vv=VM code, C=native code)
V  [jvm.dll+0x62ae9a]
V  [jvm.dll+0x7817a9]
V  [jvm.dll+0x782f03]
V  [jvm.dll+0x783563]
V  [jvm.dll+0x216325]
V  [jvm.dll+0x6281d9]
V  [jvm.dll+0x61cf55]
V  [jvm.dll+0x2cffdd]
V  [jvm.dll+0x2cfe42]
V  [jvm.dll+0x2d5e1c]
V  [jvm.dll+0x32590a]
V  [jvm.dll+0x324fd4]
V  [jvm.dll+0x2a6f5a]
V  [jvm.dll+0x2a80f8]
V  [jvm.dll+0x75e241]
V  [jvm.dll+0x3341c4]
V  [jvm.dll+0x73e926]
V  [jvm.dll+0x3b7557]
V  [jvm.dll+0x3b8fe1]
C  [jli.dll+0x52fb]
C  [ucrtbase.dll+0x21bb2]
C  [KERNEL32.DLL+0x17034]
C  [ntdll.dll+0x52651]


---------------  P R O C E S S  ---------------

Threads class SMR info:
_java_thread_list=0x00007ffeb6c64ff0, length=0, elements={
}

Java Threads: ( => current thread )

Other Threads:
  0x00000245ea40fbb0 GCTaskThread "GC Thread#0" [stack: 0x000000754c600000,0x000000754c700000] [id=96216]
  0x00000245ea421950 ConcurrentGCThread "G1 Main Marker" [stack: 0x000000754c700000,0x000000754c800000] [id=115192]
  0x00000245ea422540 ConcurrentGCThread "G1 Conc#0" [stack: 0x000000754c800000,0x000000754c900000] [id=105292]

[error occurred during error reporting (printing all threads), id 0xc0000005, EXCEPTION_ACCESS_VIOLATION (0xc0000005) at pc=0x00007ffeb6457e27]

VM state: not at safepoint (not fully initialized)

VM Mutex/Monitor currently owned by a thread:  ([mutex/lock_event])
[0x00000245ea3cb760] Heap_lock - owner thread: 0x00000245ea3cfe60

Heap address: 0x0000000081e00000, size: 2018 MB, Compressed Oops mode: 32-bit
CDS archive(s) mapped at: [0x0000000000000000-0x0000000000000000-0x0000000000000000), size 0, SharedBaseAddress: 0x0000000800000000, ArchiveRelocationMode: 0.
Narrow klass base: 0x0000000000000000, Narrow klass shift: 0, Narrow klass range: 0x0

Heap:
 garbage-first heap   total 131072K, used 0K [0x0000000081e00000, 0x0000000100000000)
  region size 1024K, 0 young (0K), 0 survivors (0K)
 Metaspace       used 0K, capacity 0K, committed 0K, reserved 0K
  class space    used 0K, capacity 0K, committed 0K, reserved 0K

Heap Regions: E=young(eden), S=young(survivor), O=old, HS=humongous(starts), HC=humongous(continues), CS=collection set, F=free, OA=open archive, CA=closed archive, TAMS=top-at-mark-start (previous, next)

Card table byte_map: [0x00000245f2d50000,0x00000245f3150000] _byte_map_base: 0x00000245f2941000

Marking Bits (Prev, Next): (CMBitMap*) 0x00000245ea4113b0, (CMBitMap*) 0x00000245ea4113f0
 Prev Bits: [0x00000245f3550000, 0x00000245f54d8000)
 Next Bits: [0x00000245f54e0000, 0x00000245f7468000)

GC Heap History (0 events):
No events

Deoptimization events (0 events):
No events

Classes unloaded (0 events):
No events

Classes redefined (0 events):
No events

Internal exceptions (0 events):
No events

Events (1 events):
Event: 0.014 Loaded shared library C:\Program Files\Java\jdk-15.0.2\bin\java.dll


Dynamic libraries:
0x00007ff645730000 - 0x00007ff64573f000 	C:\Program Files\Java\jdk-15.0.2\bin\java.exe
0x00007fff01470000 - 0x00007fff01665000 	C:\Windows\SYSTEM32\ntdll.dll
0x00007fff01110000 - 0x00007fff011cd000 	C:\Windows\System32\KERNEL32.DLL
0x00007ffefee90000 - 0x00007ffeff159000 	C:\Windows\System32\KERNELBASE.dll
0x00007ffeff190000 - 0x00007ffeff290000 	C:\Windows\System32\ucrtbase.dll
0x00007ffedb1a0000 - 0x00007ffedb1b8000 	C:\Program Files\Java\jdk-15.0.2\bin\jli.dll
0x00007fff00220000 - 0x00007fff002cc000 	C:\Windows\System32\ADVAPI32.dll
0x00007ffeffc90000 - 0x00007ffeffd2e000 	C:\Windows\System32\msvcrt.dll
0x00007ffed4f30000 - 0x00007ffed4f49000 	C:\Program Files\Java\jdk-15.0.2\bin\VCRUNTIME140.dll
0x00007fff00da0000 - 0x00007fff00e3b000 	C:\Windows\System32\sechost.dll
0x00007fff00c70000 - 0x00007fff00d9a000 	C:\Windows\System32\RPCRT4.dll
0x00007fff011e0000 - 0x00007fff01380000 	C:\Windows\System32\USER32.dll
0x00007ffeff4a0000 - 0x00007ffeff4c2000 	C:\Windows\System32\win32u.dll
0x00007fff010e0000 - 0x00007fff0110a000 	C:\Windows\System32\GDI32.dll
0x00007ffeff390000 - 0x00007ffeff49b000 	C:\Windows\System32\gdi32full.dll
0x00007ffefedf0000 - 0x00007ffefee8d000 	C:\Windows\System32\msvcp_win.dll
0x00007ffee5640000 - 0x00007ffee58da000 	C:\Windows\WinSxS\amd64_microsoft.windows.common-controls_6595b64144ccf1df_6.0.19041.1110_none_60b5254171f9507e\COMCTL32.dll
0x00007ffef3f90000 - 0x00007ffef3f9a000 	C:\Windows\SYSTEM32\VERSION.dll
0x00007fff00ff0000 - 0x00007fff01020000 	C:\Windows\System32\IMM32.DLL
0x00007ffee9620000 - 0x00007ffee962c000 	C:\Program Files\Java\jdk-15.0.2\bin\vcruntime140_1.dll
0x00007ffec9930000 - 0x00007ffec99c1000 	C:\Program Files\Java\jdk-15.0.2\bin\msvcp140.dll
0x00007ffeb61a0000 - 0x00007ffeb6cfe000 	C:\Program Files\Java\jdk-15.0.2\bin\server\jvm.dll
0x00007fff011d0000 - 0x00007fff011d8000 	C:\Windows\System32\PSAPI.DLL
0x00007ffedf780000 - 0x00007ffedf7a7000 	C:\Windows\SYSTEM32\WINMM.dll
0x00007ffe5fae0000 - 0x00007ffe5fae9000 	C:\Windows\SYSTEM32\WSOCK32.dll
0x00007ffeffd30000 - 0x00007ffeffd9b000 	C:\Windows\System32\WS2_32.dll
0x00007ffefd3f0000 - 0x00007ffefd402000 	C:\Windows\SYSTEM32\kernel.appcore.dll
0x00007ffee95b0000 - 0x00007ffee95ba000 	C:\Program Files\Java\jdk-15.0.2\bin\jimage.dll
0x00007ffefc980000 - 0x00007ffefcb64000 	C:\Windows\SYSTEM32\DBGHELP.DLL
0x00007ffed5240000 - 0x00007ffed526c000 	C:\Windows\SYSTEM32\dbgcore.DLL
0x00007ffefeba0000 - 0x00007ffefec23000 	C:\Windows\System32\bcryptPrimitives.dll
0x00007ffed3530000 - 0x00007ffed3555000 	C:\Program Files\Java\jdk-15.0.2\bin\java.dll

dbghelp: loaded successfully - version: 4.0.5 - missing functions: none
symbol engine: initialized successfully - sym options: 0x614 - pdb path: .;C:\Program Files\Java\jdk-15.0.2\bin;C:\Windows\SYSTEM32;C:\Windows\WinSxS\amd64_microsoft.windows.common-controls_6595b64144ccf1df_6.0.19041.1110_none_60b5254171f9507e;C:\Program Files\Java\jdk-15.0.2\bin\server

VM Arguments:
jvm_args: -XX:+ShowCodeDetailsInExceptionMessages 
java_command: App
java_class_path (initial): C:\Users\Junior\Desktop\Projeto2\FaleMais\bin
Launcher Type: SUN_STANDARD

[Global flags]
     intx CICompilerCount                          = 4                                         {product} {ergonomic}
     uint ConcGCThreads                            = 2                                         {product} {ergonomic}
     uint G1ConcRefinementThreads                  = 8                                         {product} {ergonomic}
   size_t G1HeapRegionSize                         = 1048576                                   {product} {ergonomic}
    uintx GCDrainStackTargetSize                   = 64                                        {product} {ergonomic}
   size_t InitialHeapSize                          = 134217728                                 {product} {ergonomic}
   size_t MarkStackSize                            = 4194304                                   {product} {ergonomic}
   size_t MaxHeapSize                              = 2116026368                                {product} {ergonomic}
   size_t MinHeapDeltaBytes                        = 1048576                                   {product} {ergonomic}
   size_t MinHeapSize                              = 8388608                                   {product} {ergonomic}
    uintx NonNMethodCodeHeapSize                   = 5839372                                {pd product} {ergonomic}
    uintx NonProfiledCodeHeapSize                  = 122909434                              {pd product} {ergonomic}
    uintx ProfiledCodeHeapSize                     = 122909434                              {pd product} {ergonomic}
    uintx ReservedCodeCacheSize                    = 251658240                              {pd product} {ergonomic}
     bool SegmentedCodeCache                       = true                                      {product} {ergonomic}
     bool ShowCodeDetailsInExceptionMessages       = true                                   {manageable} {command line}
   size_t SoftMaxHeapSize                          = 2116026368                             {manageable} {ergonomic}
     bool UseCompressedClassPointers               = true                                 {lp64_product} {ergonomic}
     bool UseCompressedOops                        = true                                 {lp64_product} {ergonomic}
     bool UseG1GC                                  = true                                      {product} {ergonomic}
     bool UseLargePagesIndividualAllocation        = false                                  {pd product} {ergonomic}

Logging:
Log output configuration:
 #0: stdout all=warning uptime,level,tags
 #1: stderr all=off uptime,level,tags

Environment Variables:
JAVA_HOME=C:\Program Files\Java\jdk-15.0.2
PATH=C:\ProgramData\Oracle\Java\javapath;C:\Program Files\Common Files\Oracle\Java\javapath;C:\Program Files (x86)\Common Files\Oracle\Java\javapath;C:\Windows\system32;C:\Windows;C:\Windows\System32\Wbem;C:\Windows\System32\WindowsPowerShell\v1.0\;C:\Windows\System32\OpenSSH\;C:\Program Files (x86)\Intel\Intel(R) Management Engine Components\DAL;C:\Program Files\Intel\Intel(R) Management Engine Components\DAL;C:\Program Files\Git\cmd;C:\Program Files\Java\jdk-15.0.2\bin;C:\Program Files\dotnet\;C:\Program Files\nodejs\;C:\Users\Junior\AppData\Local\Programs\Python\Python39\Scripts\;C:\Users\Junior\AppData\Local\Programs\Python\Python39\;C:\Users\Junior\AppData\Local\Microsoft\WindowsApps;C:\Users\Junior\AppData\Local\Programs\Microsoft VS Code\bin;C:\Program Files\Salesforce CLI\bin;C:\Users\Junior\AppData\Roaming\npm
USERNAME=Junior
LANG=pt_BR.UTF-8
OS=Windows_NT
PROCESSOR_IDENTIFIER=Intel64 Family 6 Model 142 Stepping 12, GenuineIntel



---------------  S Y S T E M  ---------------

OS:
 Windows 10 , 64 bit Build 19041 (10.0.19041.1151)
OS uptime: 12 days 5:53 hours
HyperV virtualization detected

CPU: total 8 (initial active 8) (4 cores per cpu, 2 threads per core) family 6 model 142 stepping 12 microcode 0xde, cmov, cx8, fxsr, mmx, sse, sse2, sse3, ssse3, sse4.1, sse4.2, popcnt, vzeroupper, avx, avx2, aes, clmul, erms, 3dnowpref, lzcnt, ht, tsc, tscinvbit, bmi1, bmi2, adx, fma, clflush, clflushopt

Memory: 4k page, system-wide physical 8068M (386M free)
TotalPageFile size 32644M (AvailPageFile size 86M)
current process WorkingSet (physical memory assigned to process): 9M, peak: 9M
current process commit charge ("private bytes"): 60M, peak: 188M

vm_info: Java HotSpot(TM) 64-Bit Server VM (15.0.2+7-27) for windows-amd64 JRE (15.0.2+7-27), built on Dec  7 2020 20:07:01 by "mach5one" with unknown MS VC++:1925

END.
