#
# There is insufficient memory for the Java Runtime Environment to continue.
# Native memory allocation (mmap) failed to map 65536 bytes for Failed to commit metaspace.
# Possible reasons:
#   The system is out of physical RAM or swap space
#   The process is running with CompressedOops enabled, and the Java Heap may be blocking the growth of the native heap
# Possible solutions:
#   Reduce memory load on the system
#   Increase physical memory or swap space
#   Check if swap backing store is full
#   Decrease Java heap size (-Xmx/-Xms)
#   Decrease number of Java threads
#   Decrease Java thread stack sizes (-Xss)
#   Set larger code cache with -XX:ReservedCodeCacheSize=
#   JVM is running with Unscaled Compressed Oops mode in which the Java heap is
#     placed in the first 4GB address space. The Java Heap base address is the
#     maximum limit for the native heap growth. Please use -XX:HeapBaseMinAddress
#     to set the Java Heap base and to place the Java Heap above 4GB virtual address.
# This output file may be truncated or incomplete.
#
#  Out of Memory Error (virtualSpaceNode.cpp:110), pid=123308, tid=94996
#
# JRE version: OpenJDK Runtime Environment Temurin-17.0.3+7 (17.0.3+7) (build 17.0.3+7)
# Java VM: OpenJDK 64-Bit Server VM Temurin-17.0.3+7 (17.0.3+7, mixed mode, tiered, compressed oops, compressed class ptrs, parallel gc, windows-amd64)
# No core dump will be written. Minidumps are not enabled by default on client versions of Windows
#

---------------  S U M M A R Y ------------

Command Line: --add-modules=ALL-SYSTEM --add-opens=java.base/java.util=ALL-UNNAMED --add-opens=java.base/java.lang=ALL-UNNAMED --add-opens=java.base/sun.nio.fs=ALL-UNNAMED -Declipse.application=org.eclipse.jdt.ls.core.id1 -Dosgi.bundles.defaultStartLevel=4 -Declipse.product=org.eclipse.jdt.ls.core.product -Djava.import.generatesMetadataFilesAtProjectRoot=false -Dfile.encoding=utf8 -DwatchParentProcess=false -XX:+UseParallelGC -XX:GCTimeRatio=4 -XX:AdaptiveSizePolicyWeight=90 -Dsun.zip.disableMemoryMapping=true -Xmx1G -Xms100m -javaagent:c:\Users\Junior\.vscode\extensions\redhat.java-1.9.0-win32-x64\lombok\lombok-1.18.24.jar c:\Users\Junior\.vscode\extensions\redhat.java-1.9.0-win32-x64\server\plugins\org.eclipse.equinox.launcher_1.6.400.v20210924-0641.jar -configuration c:\Users\Junior\AppData\Roaming\Code\User\globalStorage\redhat.java\1.9.0\config_ss_win -data c:\Users\Junior\AppData\Roaming\Code\User\workspaceStorage\ffbdc5b72c2d63b49f3b4a6e00aa7888\redhat.java\ss_ws

Host: Intel(R) Core(TM) i5-8265U CPU @ 1.60GHz, 8 cores, 7G,  Windows 10 , 64 bit Build 19041 (10.0.19041.1151)
Time: Tue Aug  2 15:44:39 2022 Hora oficial do Brasil elapsed time: 0.538130 seconds (0d 0h 0m 0s)

---------------  T H R E A D  ---------------

Current thread (0x000002776d2d80c0):  JavaThread "main" [_thread_in_vm, id=94996, stack(0x000000f116700000,0x000000f116800000)]

Stack: [0x000000f116700000,0x000000f116800000]
Native frames: (J=compiled Java code, j=interpreted, Vv=VM code, C=native code)
V  [jvm.dll+0x675efa]
V  [jvm.dll+0x830a24]
V  [jvm.dll+0x8321ce]
V  [jvm.dll+0x832833]
V  [jvm.dll+0x2454b5]
V  [jvm.dll+0x82c9cb]
V  [jvm.dll+0x61ab26]
V  [jvm.dll+0x61ab8a]
V  [jvm.dll+0x61d3aa]
V  [jvm.dll+0x61b4c6]
V  [jvm.dll+0x239a1f]
V  [jvm.dll+0x6252d5]
V  [jvm.dll+0x1ea19b]
V  [jvm.dll+0x1ea6d5]
V  [jvm.dll+0x1eb10f]
V  [jvm.dll+0x1e05b1]
V  [jvm.dll+0x53bb80]
V  [jvm.dll+0x1f0da7]
V  [jvm.dll+0x7aae5b]
V  [jvm.dll+0x7ac202]
V  [jvm.dll+0x7ac538]
V  [jvm.dll+0x23d79e]
V  [jvm.dll+0x37ed5e]
C  0x000002776ff7af44

Java frames: (J=compiled Java code, j=interpreted, Vv=VM code)
j  java.lang.invoke.VarHandles.byteArrayViewHandle(Ljava/lang/Class;Z)Ljava/lang/invoke/VarHandle;+47 java.base@17.0.3
j  java.lang.invoke.MethodHandles.byteArrayViewVarHandle(Ljava/lang/Class;Ljava/nio/ByteOrder;)Ljava/lang/invoke/VarHandle;+18 java.base@17.0.3
j  sun.security.provider.ByteArrayAccess$BE.<clinit>()V+19 java.base@17.0.3
v  ~StubRoutines::call_stub
j  sun.security.provider.ByteArrayAccess.b2iBig64([BI[I)V+2 java.base@17.0.3
j  sun.security.provider.SHA2.implCompress0([BI)V+21 java.base@17.0.3
j  sun.security.provider.SHA2.implCompress([BI)V+9 java.base@17.0.3
j  sun.security.provider.DigestBase.implCompressMultiBlock0([BII)I+8 java.base@17.0.3
j  sun.security.provider.DigestBase.implCompressMultiBlock([BII)I+11 java.base@17.0.3
j  sun.security.provider.DigestBase.engineUpdate([BII)V+159 java.base@17.0.3
j  java.security.MessageDigest$Delegate.engineUpdate([BII)V+7 java.base@17.0.3
j  java.security.MessageDigest.update([B)V+5 java.base@17.0.3
j  java.security.MessageDigest.digest([B)[B+2 java.base@17.0.3
j  sun.security.pkcs.SignerInfo.verify(Lsun/security/pkcs/PKCS7;[B)Lsun/security/pkcs/SignerInfo;+306 java.base@17.0.3
j  sun.security.pkcs.PKCS7.verify(Lsun/security/pkcs/SignerInfo;[B)Lsun/security/pkcs/SignerInfo;+3 java.base@17.0.3
j  sun.security.pkcs.PKCS7.verify([B)[Lsun/security/pkcs/SignerInfo;+27 java.base@17.0.3
j  sun.security.pkcs.SignerInfo.getTimestamp()Ljava/security/Timestamp;+45 java.base@17.0.3
j  sun.security.pkcs.SignerInfo.verify(Lsun/security/pkcs/PKCS7;[B)Lsun/security/pkcs/SignerInfo;+3 java.base@17.0.3
j  sun.security.pkcs.PKCS7.verify(Lsun/security/pkcs/SignerInfo;[B)Lsun/security/pkcs/SignerInfo;+3 java.base@17.0.3
j  sun.security.pkcs.PKCS7.verify([B)[Lsun/security/pkcs/SignerInfo;+27 java.base@17.0.3
j  sun.security.util.SignatureFileVerifier.processImpl(Ljava/util/Hashtable;Ljava/util/List;Ljava/lang/String;)V+63 java.base@17.0.3
j  sun.security.util.SignatureFileVerifier.process(Ljava/util/Hashtable;Ljava/util/List;Ljava/lang/String;)V+12 java.base@17.0.3
j  java.util.jar.JarVerifier.processEntry(Lsun/security/util/ManifestEntryVerifier;)V+396 java.base@17.0.3
j  java.util.jar.JarVerifier.update(I[BIILsun/security/util/ManifestEntryVerifier;)V+39 java.base@17.0.3
j  java.util.jar.JarFile.initializeVerifier()V+163 java.base@17.0.3
j  java.util.jar.JarFile.ensureInitialization()V+41 java.base@17.0.3
j  java.util.jar.JavaUtilJarAccessImpl.ensureInitialization(Ljava/util/jar/JarFile;)V+1 java.base@17.0.3
j  jdk.internal.loader.URLClassPath$JarLoader$2.getManifest()Ljava/util/jar/Manifest;+10 java.base@17.0.3
j  jdk.internal.loader.BuiltinClassLoader.defineClass(Ljava/lang/String;Ljdk/internal/loader/Resource;)Ljava/lang/Class;+29 java.base@17.0.3
j  jdk.internal.loader.BuiltinClassLoader.findClassOnClassPathOrNull(Ljava/lang/String;)Ljava/lang/Class;+37 java.base@17.0.3
j  jdk.internal.loader.BuiltinClassLoader.loadClassOrNull(Ljava/lang/String;Z)Ljava/lang/Class;+111 java.base@17.0.3
j  jdk.internal.loader.BuiltinClassLoader.loadClass(Ljava/lang/String;Z)Ljava/lang/Class;+3 java.base@17.0.3
j  jdk.internal.loader.ClassLoaders$AppClassLoader.loadClass(Ljava/lang/String;Z)Ljava/lang/Class;+36 java.base@17.0.3
j  java.lang.ClassLoader.loadClass(Ljava/lang/String;)Ljava/lang/Class;+3 java.base@17.0.3
v  ~StubRoutines::call_stub
j  java.lang.Class.forName0(Ljava/lang/String;ZLjava/lang/ClassLoader;Ljava/lang/Class;)Ljava/lang/Class;+0 java.base@17.0.3
j  java.lang.Class.forName(Ljava/lang/String;ZLjava/lang/ClassLoader;)Ljava/lang/Class;+43 java.base@17.0.3
j  sun.launcher.LauncherHelper.loadMainClass(ILjava/lang/String;)Ljava/lang/Class;+95 java.base@17.0.3
j  sun.launcher.LauncherHelper.checkAndLoadMain(ZILjava/lang/String;)Ljava/lang/Class;+42 java.base@17.0.3
v  ~StubRoutines::call_stub

---------------  P R O C E S S  ---------------

Threads class SMR info:
_java_thread_list=0x0000027703a9c990, length=13, elements={
0x000002776d2d80c0, 0x000002777f156e10, 0x000002777f158880, 0x00000277037a6150,
0x00000277037a6ed0, 0x00000277037a83f0, 0x00000277037aa7c0, 0x00000277037b1ec0,
0x00000277037b4890, 0x00000277037b5d30, 0x00000277038bf050, 0x0000027703949870,
0x0000027703a8f8c0
}

Java Threads: ( => current thread )
=>0x000002776d2d80c0 JavaThread "main" [_thread_in_vm, id=94996, stack(0x000000f116700000,0x000000f116800000)]
  0x000002777f156e10 JavaThread "Reference Handler" daemon [_thread_blocked, id=107568, stack(0x000000f116a00000,0x000000f116b00000)]
  0x000002777f158880 JavaThread "Finalizer" daemon [_thread_blocked, id=113004, stack(0x000000f116b00000,0x000000f116c00000)]
  0x00000277037a6150 JavaThread "Signal Dispatcher" daemon [_thread_blocked, id=113256, stack(0x000000f116c00000,0x000000f116d00000)]
  0x00000277037a6ed0 JavaThread "Attach Listener" daemon [_thread_blocked, id=86308, stack(0x000000f116d00000,0x000000f116e00000)]
  0x00000277037a83f0 JavaThread "Service Thread" daemon [_thread_blocked, id=121956, stack(0x000000f116e00000,0x000000f116f00000)]
  0x00000277037aa7c0 JavaThread "Monitor Deflation Thread" daemon [_thread_blocked, id=119176, stack(0x000000f116f00000,0x000000f117000000)]
  0x00000277037b1ec0 JavaThread "C2 CompilerThread0" daemon [_thread_in_native, id=116168, stack(0x000000f117000000,0x000000f117100000)]
  0x00000277037b4890 JavaThread "C1 CompilerThread0" daemon [_thread_blocked, id=116416, stack(0x000000f117100000,0x000000f117200000)]
  0x00000277037b5d30 JavaThread "Sweeper thread" daemon [_thread_blocked, id=102720, stack(0x000000f117200000,0x000000f117300000)]
  0x00000277038bf050 JavaThread "Common-Cleaner" daemon [_thread_blocked, id=105108, stack(0x000000f117300000,0x000000f117400000)]
  0x0000027703949870 JavaThread "C2 CompilerThread1" daemon [_thread_in_native, id=112020, stack(0x000000f117400000,0x000000f117500000)]
  0x0000027703a8f8c0 JavaThread "Notification Thread" daemon [_thread_blocked, id=97268, stack(0x000000f117500000,0x000000f117600000)]

Other Threads:
  0x000002777f14ee80 VMThread "VM Thread" [stack: 0x000000f116900000,0x000000f116a00000] [id=115768]
  0x000002777f15a890 WatcherThread [stack: 0x000000f117600000,0x000000f117700000] [id=110316]
  0x000002776d2ede90 GCTaskThread "GC Thread#0" [stack: 0x000000f116800000,0x000000f116900000] [id=103264]

Threads with active compile tasks:
C2 CompilerThread0      561  481       4       lombok.patcher.PatchScript::classMatches (41 bytes)
C2 CompilerThread1      561  460       4       lombok.patcher.scripts.MethodLevelPatchScript::patch (21 bytes)

VM state: not at safepoint (normal execution)

VM Mutex/Monitor currently owned by a thread:  ([mutex/lock_event])
[0x000002776d2d1270] Metaspace_lock - owner thread: 0x000002776d2d80c0

Heap address: 0x00000000c0000000, size: 1024 MB, Compressed Oops mode: 32-bit

CDS archive(s) not mapped
Compressed class space mapped at: 0x0000000100000000-0x0000000140000000, reserved size: 1073741824
Narrow klass base: 0x0000000000000000, Narrow klass shift: 3, Narrow klass range: 0x140000000

GC Precious Log:
 CPUs: 8 total, 8 available
 Memory: 8068M
 Large Page Support: Disabled
 NUMA Support: Disabled
 Compressed Oops: Enabled (32-bit)
 Alignments: Space 512K, Generation 512K, Heap 2M
 Heap Min Capacity: 100M
 Heap Initial Capacity: 100M
 Heap Max Capacity: 1G
 Pre-touch: Disabled
 Parallel Workers: 8

Heap:
 PSYoungGen      total 29696K, used 10342K [0x00000000eab00000, 0x00000000ecc00000, 0x0000000100000000)
  eden space 25600K, 40% used [0x00000000eab00000,0x00000000eb519968,0x00000000ec400000)
  from space 4096K, 0% used [0x00000000ec800000,0x00000000ec800000,0x00000000ecc00000)
  to   space 4096K, 0% used [0x00000000ec400000,0x00000000ec400000,0x00000000ec800000)
 ParOldGen       total 68608K, used 0K [0x00000000c0000000, 0x00000000c4300000, 0x00000000eab00000)
  object space 68608K, 0% used [0x00000000c0000000,0x00000000c0000000,0x00000000c4300000)
 Metaspace       used 7802K, committed 7872K, reserved 1056768K
  class space    used 772K, committed 832K, reserved 1048576K

Card table byte_map: [0x000002776cc90000,0x000002776cea0000] _byte_map_base: 0x000002776c690000

Marking Bits: (ParMarkBitMap*) 0x00007ffeb74d4b80
 Begin Bits: [0x0000027700000000, 0x0000027701000000)
 End Bits:   [0x0000027701000000, 0x0000027702000000)

Polling page: 0x000002776b290000

Metaspace:

Usage:
  Non-class:      6.87 MB used.
      Class:    772.55 KB used.
       Both:      7.62 MB used.

Virtual space:
  Non-class space:        8.00 MB reserved,       6.88 MB ( 86%) committed,  1 nodes.
      Class space:        1.00 GB reserved,     832.00 KB ( <1%) committed,  1 nodes.
             Both:        1.01 GB reserved,       7.69 MB ( <1%) committed. 

Chunk freelists:
   Non-Class:  1.00 MB
       Class:  3.22 MB
        Both:  4.22 MB

MaxMetaspaceSize: unlimited
CompressedClassSpaceSize: 1.00 GB
Initial GC threshold: 21.00 MB
Current GC threshold: 21.00 MB
CDS: off
MetaspaceReclaimPolicy: balanced
 - commit_granule_bytes: 65536.
 - commit_granule_words: 8192.
 - virtual_space_node_default_size: 1048576.
 - enlarge_chunks_in_place: 1.
 - new_chunks_are_fully_committed: 0.
 - uncommit_free_chunks: 1.
 - use_allocation_guard: 0.
 - handle_deallocations: 1.


Internal statistics:

num_allocs_failed_limit: 0.
num_arena_births: 10.
num_arena_deaths: 0.
num_vsnodes_births: 2.
num_vsnodes_deaths: 0.
num_space_committed: 123.
num_space_uncommitted: 0.
num_chunks_returned_to_freelist: 0.
num_chunks_taken_from_freelist: 37.
num_chunk_merges: 0.
num_chunk_splits: 20.
num_chunks_enlarged: 16.
num_purges: 0.
num_inconsistent_stats: 0.

CodeHeap 'non-profiled nmethods': size=120000Kb used=162Kb max_used=162Kb free=119837Kb
 bounds [0x0000027777a30000, 0x0000027777ca0000, 0x000002777ef60000]
CodeHeap 'profiled nmethods': size=120000Kb used=658Kb max_used=658Kb free=119341Kb
 bounds [0x0000027770500000, 0x0000027770770000, 0x0000027777a30000]
CodeHeap 'non-nmethods': size=5760Kb used=1119Kb max_used=1136Kb free=4640Kb
 bounds [0x000002776ff60000, 0x00000277701d0000, 0x0000027770500000]
 total_blobs=882 nmethods=477 adapters=320
 compilation: enabled
              stopped_count=0, restarted_count=0
 full_count=0

Compilation events (20 events):
Event: 0.522 Thread 0x00000277037b4890 nmethod 476 0x00000277705a1b90 code [0x00000277705a1d40, 0x00000277705a1ec8]
Event: 0.522 Thread 0x00000277037b4890  477       1       java.math.BigInteger::signum (5 bytes)
Event: 0.522 Thread 0x00000277037b4890 nmethod 477 0x0000027777a56990 code [0x0000027777a56b20, 0x0000027777a56bf8]
Event: 0.523 Thread 0x00000277037b1ec0 nmethod 461 0x0000027777a56c90 code [0x0000027777a56e60, 0x0000027777a574f8]
Event: 0.523 Thread 0x00000277037b1ec0  475       4       java.math.BigInteger::destructiveMulAdd (150 bytes)
Event: 0.524 Thread 0x00000277037b4890  478       3       java.lang.Byte::<init> (10 bytes)
Event: 0.524 Thread 0x00000277037b4890 nmethod 478 0x00000277705a1f90 code [0x00000277705a2140, 0x00000277705a2318]
Event: 0.526 Thread 0x00000277037b4890  479       3       java.lang.reflect.Modifier::isPublic (12 bytes)
Event: 0.526 Thread 0x00000277037b4890 nmethod 479 0x00000277705a2410 code [0x00000277705a25a0, 0x00000277705a26f8]
Event: 0.526 Thread 0x00000277037b4890  480  s    3       java.io.ByteArrayOutputStream::write (32 bytes)
Event: 0.526 Thread 0x00000277037b4890 nmethod 480 0x00000277705a2790 code [0x00000277705a2940, 0x00000277705a2b88]
Event: 0.530 Thread 0x00000277037b1ec0 nmethod 475 0x0000027777a57910 code [0x0000027777a57a80, 0x0000027777a57d38]
Event: 0.530 Thread 0x00000277037b1ec0  474       4       java.lang.StringLatin1::lastIndexOf (40 bytes)
Event: 0.532 Thread 0x00000277037b1ec0 nmethod 474 0x0000027777a57e90 code [0x0000027777a58000, 0x0000027777a58198]
Event: 0.532 Thread 0x00000277037b1ec0  467       4       java.lang.CharacterData::of (136 bytes)
Event: 0.533 Thread 0x00000277037b1ec0 nmethod 467 0x0000027777a58290 code [0x0000027777a58400, 0x0000027777a58478]
Event: 0.533 Thread 0x00000277037b1ec0  469       4       java.lang.CharacterDataLatin1::digit (32 bytes)
Event: 0.534 Thread 0x00000277037b1ec0 nmethod 469 0x0000027777a58590 code [0x0000027777a58720, 0x0000027777a58818]
Event: 0.534 Thread 0x00000277037b1ec0  481       4       lombok.patcher.PatchScript::classMatches (41 bytes)
Event: 0.534 Thread 0x00000277037b4890  482   !   3       java.lang.invoke.MemberName::getMethodType (211 bytes)

GC Heap History (0 events):
No events

Deoptimization events (20 events):
Event: 0.471 Thread 0x000002776d2d80c0 Uncommon trap: trap_request=0xffffffde fr.pc=0x0000027777a51544 relative=0x0000000000000124
Event: 0.471 Thread 0x000002776d2d80c0 Uncommon trap: reason=class_check action=maybe_recompile pc=0x0000027777a51544 method=jdk.internal.misc.Unsafe.allocateUninitializedArray(Ljava/lang/Class;I)Ljava/lang/Object; @ 51 c2
Event: 0.471 Thread 0x000002776d2d80c0 DEOPT PACKING pc=0x0000027777a51544 sp=0x000000f1167fc0a0
Event: 0.471 Thread 0x000002776d2d80c0 DEOPT UNPACKING pc=0x000002776ffb20a3 sp=0x000000f1167fc028 mode 2
Event: 0.471 Thread 0x000002776d2d80c0 Uncommon trap: trap_request=0xffffffde fr.pc=0x0000027777a51544 relative=0x0000000000000124
Event: 0.471 Thread 0x000002776d2d80c0 Uncommon trap: reason=class_check action=maybe_recompile pc=0x0000027777a51544 method=jdk.internal.misc.Unsafe.allocateUninitializedArray(Ljava/lang/Class;I)Ljava/lang/Object; @ 51 c2
Event: 0.471 Thread 0x000002776d2d80c0 DEOPT PACKING pc=0x0000027777a51544 sp=0x000000f1167fc0a0
Event: 0.471 Thread 0x000002776d2d80c0 DEOPT UNPACKING pc=0x000002776ffb20a3 sp=0x000000f1167fc028 mode 2
Event: 0.471 Thread 0x000002776d2d80c0 Uncommon trap: trap_request=0xffffffde fr.pc=0x0000027777a51544 relative=0x0000000000000124
Event: 0.471 Thread 0x000002776d2d80c0 Uncommon trap: reason=class_check action=maybe_recompile pc=0x0000027777a51544 method=jdk.internal.misc.Unsafe.allocateUninitializedArray(Ljava/lang/Class;I)Ljava/lang/Object; @ 51 c2
Event: 0.471 Thread 0x000002776d2d80c0 DEOPT PACKING pc=0x0000027777a51544 sp=0x000000f1167fc0e0
Event: 0.471 Thread 0x000002776d2d80c0 DEOPT UNPACKING pc=0x000002776ffb20a3 sp=0x000000f1167fc068 mode 2
Event: 0.494 Thread 0x000002776d2d80c0 Uncommon trap: trap_request=0xffffff45 fr.pc=0x0000027777a44244 relative=0x00000000000000c4
Event: 0.494 Thread 0x000002776d2d80c0 Uncommon trap: reason=unstable_if action=reinterpret pc=0x0000027777a44244 method=java.net.URI.match(CJJ)Z @ 45 c2
Event: 0.494 Thread 0x000002776d2d80c0 DEOPT PACKING pc=0x0000027777a44244 sp=0x000000f1167fcb50
Event: 0.494 Thread 0x000002776d2d80c0 DEOPT UNPACKING pc=0x000002776ffb20a3 sp=0x000000f1167fcad8 mode 2
Event: 0.512 Thread 0x000002776d2d80c0 Uncommon trap: trap_request=0xffffff45 fr.pc=0x0000027777a554dc relative=0x000000000000067c
Event: 0.512 Thread 0x000002776d2d80c0 Uncommon trap: reason=unstable_if action=reinterpret pc=0x0000027777a554dc method=java.lang.String.replace(Ljava/lang/CharSequence;Ljava/lang/CharSequence;)Ljava/lang/String; @ 48 c2
Event: 0.512 Thread 0x000002776d2d80c0 DEOPT PACKING pc=0x0000027777a554dc sp=0x000000f1167fcad0
Event: 0.512 Thread 0x000002776d2d80c0 DEOPT UNPACKING pc=0x000002776ffb20a3 sp=0x000000f1167fca50 mode 2

Classes unloaded (0 events):
No events

Classes redefined (0 events):
No events

Internal exceptions (2 events):
Event: 0.162 Thread 0x000002776d2d80c0 Exception <a 'java/lang/NoSuchMethodError'{0x00000000eacb24e8}: 'void java.lang.invoke.DirectMethodHandle$Holder.invokeStatic(java.lang.Object, java.lang.Object, java.lang.Object)'> (0x00000000eacb24e8) 
thrown [e:\jenkins\tmp\workspace\build\src\src\hotspot\share\interpreter\linkResolver.cpp, line 766]
Event: 0.334 Thread 0x000002776d2d80c0 Exception <a 'java/lang/reflect/InvocationTargetException'{0x00000000eaf79638}> (0x00000000eaf79638) 
thrown [e:\jenkins\tmp\workspace\build\src\src\hotspot\share\runtime\reflection.cpp, line 1121]

VM Operations (2 events):
Event: 0.167 Executing VM operation: HandshakeAllThreads
Event: 0.167 Executing VM operation: HandshakeAllThreads done

Events (20 events):
Event: 0.529 loading class java/security/MessageDigest$Delegate done
Event: 0.529 loading class java/security/MessageDigest$Delegate$CloneableDelegate
Event: 0.529 loading class java/security/MessageDigest$Delegate$CloneableDelegate done
Event: 0.529 loading class sun/security/provider/ByteArrayAccess
Event: 0.531 loading class sun/security/provider/ByteArrayAccess done
Event: 0.531 loading class sun/security/provider/ByteArrayAccess$BE
Event: 0.531 loading class sun/security/provider/ByteArrayAccess$BE done
Event: 0.531 loading class java/lang/invoke/VarHandleByteArrayAsInts$ArrayHandle
Event: 0.533 loading class java/lang/invoke/VarHandleByteArrayAsInts$ByteArrayViewVarHandle
Event: 0.534 loading class java/lang/invoke/VarHandleByteArrayAsInts$ByteArrayViewVarHandle done
Event: 0.534 loading class java/lang/invoke/VarHandleByteArrayAsInts$ArrayHandle done
Event: 0.534 loading class java/lang/ArrayIndexOutOfBoundsException
Event: 0.534 loading class java/lang/IndexOutOfBoundsException
Event: 0.534 loading class java/lang/IndexOutOfBoundsException done
Event: 0.534 loading class java/lang/ArrayIndexOutOfBoundsException done
Event: 0.535 loading class java/lang/invoke/VarHandleByteArrayAsInts
Event: 0.535 loading class java/lang/invoke/VarHandleByteArrayBase
Event: 0.535 loading class java/lang/invoke/VarHandleByteArrayBase done
Event: 0.535 loading class java/lang/invoke/VarHandleByteArrayAsInts done
Event: 0.535 loading class java/lang/invoke/VarHandleByteArrayAsLongs$ArrayHandle


Dynamic libraries:
0x00007ff7d5350000 - 0x00007ff7d535e000 	c:\Users\Junior\.vscode\extensions\redhat.java-1.9.0-win32-x64\jre\17.0.3-win32-x86_64\bin\java.exe
0x00007fff01470000 - 0x00007fff01665000 	C:\Windows\SYSTEM32\ntdll.dll
0x00007fff01110000 - 0x00007fff011cd000 	C:\Windows\System32\KERNEL32.DLL
0x00007ffefee90000 - 0x00007ffeff159000 	C:\Windows\System32\KERNELBASE.dll
0x00007ffeff190000 - 0x00007ffeff290000 	C:\Windows\System32\ucrtbase.dll
0x00007ffeeb9a0000 - 0x00007ffeeb9b8000 	c:\Users\Junior\.vscode\extensions\redhat.java-1.9.0-win32-x64\jre\17.0.3-win32-x86_64\bin\jli.dll
0x00007ffeeb980000 - 0x00007ffeeb999000 	c:\Users\Junior\.vscode\extensions\redhat.java-1.9.0-win32-x64\jre\17.0.3-win32-x86_64\bin\VCRUNTIME140.dll
0x00007fff011e0000 - 0x00007fff01380000 	C:\Windows\System32\USER32.dll
0x00007ffeff4a0000 - 0x00007ffeff4c2000 	C:\Windows\System32\win32u.dll
0x00007fff010e0000 - 0x00007fff0110a000 	C:\Windows\System32\GDI32.dll
0x00007ffee5640000 - 0x00007ffee58da000 	C:\Windows\WinSxS\amd64_microsoft.windows.common-controls_6595b64144ccf1df_6.0.19041.1110_none_60b5254171f9507e\COMCTL32.dll
0x00007ffeff390000 - 0x00007ffeff49b000 	C:\Windows\System32\gdi32full.dll
0x00007ffefedf0000 - 0x00007ffefee8d000 	C:\Windows\System32\msvcp_win.dll
0x00007ffeffc90000 - 0x00007ffeffd2e000 	C:\Windows\System32\msvcrt.dll
0x00007fff00ff0000 - 0x00007fff01020000 	C:\Windows\System32\IMM32.DLL
0x00007ffef6fc0000 - 0x00007ffef6fcc000 	c:\Users\Junior\.vscode\extensions\redhat.java-1.9.0-win32-x64\jre\17.0.3-win32-x86_64\bin\vcruntime140_1.dll
0x00007ffededf0000 - 0x00007ffedee81000 	c:\Users\Junior\.vscode\extensions\redhat.java-1.9.0-win32-x64\jre\17.0.3-win32-x86_64\bin\msvcp140.dll
0x00007ffeb6950000 - 0x00007ffeb7598000 	c:\Users\Junior\.vscode\extensions\redhat.java-1.9.0-win32-x64\jre\17.0.3-win32-x86_64\bin\server\jvm.dll
0x00007fff00220000 - 0x00007fff002cc000 	C:\Windows\System32\ADVAPI32.dll
0x00007fff00da0000 - 0x00007fff00e3b000 	C:\Windows\System32\sechost.dll
0x00007fff00c70000 - 0x00007fff00d9a000 	C:\Windows\System32\RPCRT4.dll
0x00007fff011d0000 - 0x00007fff011d8000 	C:\Windows\System32\PSAPI.DLL
0x00007ffedf780000 - 0x00007ffedf7a7000 	C:\Windows\SYSTEM32\WINMM.dll
0x00007ffef3f90000 - 0x00007ffef3f9a000 	C:\Windows\SYSTEM32\VERSION.dll
0x00007ffe5fae0000 - 0x00007ffe5fae9000 	C:\Windows\SYSTEM32\WSOCK32.dll
0x00007ffeffd30000 - 0x00007ffeffd9b000 	C:\Windows\System32\WS2_32.dll
0x00007ffefd3f0000 - 0x00007ffefd402000 	C:\Windows\SYSTEM32\kernel.appcore.dll
0x00007ffef5070000 - 0x00007ffef507a000 	c:\Users\Junior\.vscode\extensions\redhat.java-1.9.0-win32-x64\jre\17.0.3-win32-x86_64\bin\jimage.dll
0x00007ffefc980000 - 0x00007ffefcb64000 	C:\Windows\SYSTEM32\DBGHELP.DLL
0x00007ffed5240000 - 0x00007ffed526c000 	C:\Windows\SYSTEM32\dbgcore.DLL
0x00007ffefeba0000 - 0x00007ffefec23000 	C:\Windows\System32\bcryptPrimitives.dll
0x00007ffef3d60000 - 0x00007ffef3d6e000 	c:\Users\Junior\.vscode\extensions\redhat.java-1.9.0-win32-x64\jre\17.0.3-win32-x86_64\bin\instrument.dll
0x00007ffee7a70000 - 0x00007ffee7a95000 	c:\Users\Junior\.vscode\extensions\redhat.java-1.9.0-win32-x64\jre\17.0.3-win32-x86_64\bin\java.dll
0x00007ffeebc90000 - 0x00007ffeebca8000 	c:\Users\Junior\.vscode\extensions\redhat.java-1.9.0-win32-x64\jre\17.0.3-win32-x86_64\bin\zip.dll
0x00007fff00480000 - 0x00007fff00bbf000 	C:\Windows\System32\SHELL32.dll
0x00007ffefcc50000 - 0x00007ffefd3e0000 	C:\Windows\SYSTEM32\windows.storage.dll
0x00007ffeff680000 - 0x00007ffeff9d5000 	C:\Windows\System32\combase.dll
0x00007ffefe530000 - 0x00007ffefe55c000 	C:\Windows\SYSTEM32\Wldp.dll
0x00007fff01380000 - 0x00007fff0142e000 	C:\Windows\System32\SHCORE.dll
0x00007fff01020000 - 0x00007fff01075000 	C:\Windows\System32\shlwapi.dll
0x00007ffefeae0000 - 0x00007ffefeaff000 	C:\Windows\SYSTEM32\profapi.dll
0x00007ffeeaca0000 - 0x00007ffeeacb9000 	C:\Users\Junior\.vscode\extensions\redhat.java-1.9.0-win32-x64\jre\17.0.3-win32-x86_64\bin\net.dll
0x00007ffef0640000 - 0x00007ffef0748000 	C:\Windows\SYSTEM32\WINHTTP.dll
0x00007ffefe270000 - 0x00007ffefe2da000 	C:\Windows\system32\mswsock.dll
0x00007ffee9780000 - 0x00007ffee9795000 	C:\Users\Junior\.vscode\extensions\redhat.java-1.9.0-win32-x64\jre\17.0.3-win32-x86_64\bin\nio.dll
0x00007ffef3d00000 - 0x00007ffef3d10000 	c:\Users\Junior\.vscode\extensions\redhat.java-1.9.0-win32-x64\jre\17.0.3-win32-x86_64\bin\verify.dll

dbghelp: loaded successfully - version: 4.0.5 - missing functions: none
symbol engine: initialized successfully - sym options: 0x614 - pdb path: .;c:\Users\Junior\.vscode\extensions\redhat.java-1.9.0-win32-x64\jre\17.0.3-win32-x86_64\bin;C:\Windows\SYSTEM32;C:\Windows\WinSxS\amd64_microsoft.windows.common-controls_6595b64144ccf1df_6.0.19041.1110_none_60b5254171f9507e;c:\Users\Junior\.vscode\extensions\redhat.java-1.9.0-win32-x64\jre\17.0.3-win32-x86_64\bin\server

VM Arguments:
jvm_args: --add-modules=ALL-SYSTEM --add-opens=java.base/java.util=ALL-UNNAMED --add-opens=java.base/java.lang=ALL-UNNAMED --add-opens=java.base/sun.nio.fs=ALL-UNNAMED -Declipse.application=org.eclipse.jdt.ls.core.id1 -Dosgi.bundles.defaultStartLevel=4 -Declipse.product=org.eclipse.jdt.ls.core.product -Djava.import.generatesMetadataFilesAtProjectRoot=false -Dfile.encoding=utf8 -DwatchParentProcess=false -XX:+UseParallelGC -XX:GCTimeRatio=4 -XX:AdaptiveSizePolicyWeight=90 -Dsun.zip.disableMemoryMapping=true -Xmx1G -Xms100m -javaagent:c:\Users\Junior\.vscode\extensions\redhat.java-1.9.0-win32-x64\lombok\lombok-1.18.24.jar 
java_command: c:\Users\Junior\.vscode\extensions\redhat.java-1.9.0-win32-x64\server\plugins\org.eclipse.equinox.launcher_1.6.400.v20210924-0641.jar -configuration c:\Users\Junior\AppData\Roaming\Code\User\globalStorage\redhat.java\1.9.0\config_ss_win -data c:\Users\Junior\AppData\Roaming\Code\User\workspaceStorage\ffbdc5b72c2d63b49f3b4a6e00aa7888\redhat.java\ss_ws
java_class_path (initial): c:\Users\Junior\.vscode\extensions\redhat.java-1.9.0-win32-x64\server\plugins\org.eclipse.equinox.launcher_1.6.400.v20210924-0641.jar
Launcher Type: SUN_STANDARD

[Global flags]
    uintx AdaptiveSizePolicyWeight                 = 90                                        {product} {command line}
     intx CICompilerCount                          = 4                                         {product} {ergonomic}
    uintx GCTimeRatio                              = 4                                         {product} {command line}
   size_t InitialHeapSize                          = 104857600                                 {product} {command line}
   size_t MaxHeapSize                              = 1073741824                                {product} {command line}
   size_t MaxNewSize                               = 357564416                                 {product} {ergonomic}
   size_t MinHeapDeltaBytes                        = 524288                                    {product} {ergonomic}
   size_t MinHeapSize                              = 104857600                                 {product} {command line}
   size_t NewSize                                  = 34603008                                  {product} {ergonomic}
    uintx NonNMethodCodeHeapSize                   = 5839372                                {pd product} {ergonomic}
    uintx NonProfiledCodeHeapSize                  = 122909434                              {pd product} {ergonomic}
   size_t OldSize                                  = 70254592                                  {product} {ergonomic}
    uintx ProfiledCodeHeapSize                     = 122909434                              {pd product} {ergonomic}
    uintx ReservedCodeCacheSize                    = 251658240                              {pd product} {ergonomic}
     bool SegmentedCodeCache                       = true                                      {product} {ergonomic}
   size_t SoftMaxHeapSize                          = 1073741824                             {manageable} {ergonomic}
     bool UseCompressedClassPointers               = true                           {product lp64_product} {ergonomic}
     bool UseCompressedOops                        = true                           {product lp64_product} {ergonomic}
     bool UseLargePagesIndividualAllocation        = false                                  {pd product} {ergonomic}
     bool UseParallelGC                            = true                                      {product} {command line}

Logging:
Log output configuration:
 #0: stdout all=warning uptime,level,tags
 #1: stderr all=off uptime,level,tags

Environment Variables:
JAVA_HOME=C:\Program Files\Java\jdk-15.0.2
PATH=C:\ProgramData\Oracle\Java\javapath;C:\Program Files\Common Files\Oracle\Java\javapath;C:\Program Files (x86)\Common Files\Oracle\Java\javapath;C:\Windows\system32;C:\Windows;C:\Windows\System32\Wbem;C:\Windows\System32\WindowsPowerShell\v1.0\;C:\Windows\System32\OpenSSH\;C:\Program Files (x86)\Intel\Intel(R) Management Engine Components\DAL;C:\Program Files\Intel\Intel(R) Management Engine Components\DAL;C:\Program Files\Git\cmd;C:\Program Files\Java\jdk-15.0.2\bin;C:\Program Files\dotnet\;C:\Program Files\nodejs\;C:\Users\Junior\AppData\Local\Programs\Python\Python39\Scripts\;C:\Users\Junior\AppData\Local\Programs\Python\Python39\;C:\Users\Junior\AppData\Local\Microsoft\WindowsApps;C:\Users\Junior\AppData\Local\Programs\Microsoft VS Code\bin;C:\Program Files\Salesforce CLI\bin;C:\Users\Junior\AppData\Roaming\npm
USERNAME=Junior
OS=Windows_NT
PROCESSOR_IDENTIFIER=Intel64 Family 6 Model 142 Stepping 12, GenuineIntel



---------------  S Y S T E M  ---------------

OS:
 Windows 10 , 64 bit Build 19041 (10.0.19041.1151)
OS uptime: 15 days 5:36 hours
Hyper-V role detected

CPU: total 8 (initial active 8) (4 cores per cpu, 2 threads per core) family 6 model 142 stepping 12 microcode 0xde, cx8, cmov, fxsr, ht, mmx, 3dnowpref, sse, sse2, sse3, ssse3, sse4.1, sse4.2, popcnt, lzcnt, tsc, tscinvbit, avx, avx2, aes, erms, clmul, bmi1, bmi2, adx, fma, vzeroupper, clflush, clflushopt, hv

Memory: 4k page, system-wide physical 8068M (537M free)
TotalPageFile size 32644M (AvailPageFile size 8M)
current process WorkingSet (physical memory assigned to process): 49M, peak: 49M
current process commit charge ("private bytes"): 193M, peak: 193M

vm_info: OpenJDK 64-Bit Server VM (17.0.3+7) for windows-amd64 JRE (17.0.3+7), built on Apr 19 2022 16:55:35 by "" with MS VC++ 16.7 (VS2019)

END.
