#
# There is insufficient memory for the Java Runtime Environment to continue.
# Native memory allocation (malloc) failed to allocate 1195760 bytes for Chunk::new
# Possible reasons:
#   The system is out of physical RAM or swap space
#   The process is running with CompressedOops enabled, and the Java Heap may be blocking the growth of the native heap
# Possible solutions:
#   Reduce memory load on the system
#   Increase physical memory or swap space
#   Check if swap backing store is full
#   Decrease Java heap size (-Xmx/-Xms)
#   Decrease number of Java threads
#   Decrease Java thread stack sizes (-Xss)
#   Set larger code cache with -XX:ReservedCodeCacheSize=
#   JVM is running with Unscaled Compressed Oops mode in which the Java heap is
#     placed in the first 4GB address space. The Java Heap base address is the
#     maximum limit for the native heap growth. Please use -XX:HeapBaseMinAddress
#     to set the Java Heap base and to place the Java Heap above 4GB virtual address.
# This output file may be truncated or incomplete.
#
#  Out of Memory Error (arena.cpp:189), pid=102768, tid=121040
#
# JRE version: OpenJDK Runtime Environment Temurin-17.0.3+7 (17.0.3+7) (build 17.0.3+7)
# Java VM: OpenJDK 64-Bit Server VM Temurin-17.0.3+7 (17.0.3+7, mixed mode, tiered, compressed oops, compressed class ptrs, parallel gc, windows-amd64)
# No core dump will be written. Minidumps are not enabled by default on client versions of Windows
#

---------------  S U M M A R Y ------------

Command Line: --add-modules=ALL-SYSTEM --add-opens=java.base/java.util=ALL-UNNAMED --add-opens=java.base/java.lang=ALL-UNNAMED --add-opens=java.base/sun.nio.fs=ALL-UNNAMED -Declipse.application=org.eclipse.jdt.ls.core.id1 -Dosgi.bundles.defaultStartLevel=4 -Declipse.product=org.eclipse.jdt.ls.core.product -Djava.import.generatesMetadataFilesAtProjectRoot=false -Dfile.encoding=utf8 -DwatchParentProcess=false -XX:+UseParallelGC -XX:GCTimeRatio=4 -XX:AdaptiveSizePolicyWeight=90 -Dsun.zip.disableMemoryMapping=true -Xmx1G -Xms100m -javaagent:c:\Users\Junior\.vscode\extensions\redhat.java-1.9.0-win32-x64\lombok\lombok-1.18.24.jar -XX:+HeapDumpOnOutOfMemoryError -XX:HeapDumpPath=c:\Users\Junior\AppData\Roaming\Code\User\workspaceStorage\ffbdc5b72c2d63b49f3b4a6e00aa7888\redhat.java c:\Users\Junior\.vscode\extensions\redhat.java-1.9.0-win32-x64\server\plugins\org.eclipse.equinox.launcher_1.6.400.v20210924-0641.jar -configuration c:\Users\Junior\AppData\Roaming\Code\User\globalStorage\redhat.java\1.9.0\config_win -data c:\Users\Junior\AppData\Roaming\Code\User\workspaceStorage\ffbdc5b72c2d63b49f3b4a6e00aa7888\redhat.java\jdt_ws

Host: Intel(R) Core(TM) i5-8265U CPU @ 1.60GHz, 8 cores, 7G,  Windows 10 , 64 bit Build 19041 (10.0.19041.1151)
Time: Tue Aug  2 16:16:08 2022 Hora oficial do Brasil elapsed time: 13.863311 seconds (0d 0h 0m 13s)

---------------  T H R E A D  ---------------

Current thread (0x00000284bc3f22e0):  JavaThread "C2 CompilerThread0" daemon [_thread_in_native, id=121040, stack(0x000000c9bcd00000,0x000000c9bce00000)]


Current CompileTask:
C2:  13863 7091 % !   4       org.eclipse.jdt.internal.compiler.classfmt.ClassFileReader::<init> @ 63 (2113 bytes)

Stack: [0x000000c9bcd00000,0x000000c9bce00000]
Native frames: (J=compiled Java code, j=interpreted, Vv=VM code, C=native code)
V  [jvm.dll+0x675efa]
V  [jvm.dll+0x830a24]
V  [jvm.dll+0x8321ce]
V  [jvm.dll+0x832833]
V  [jvm.dll+0x2454b5]
V  [jvm.dll+0xabd7b]
V  [jvm.dll+0xac30c]
V  [jvm.dll+0x363627]
V  [jvm.dll+0x32dca1]
V  [jvm.dll+0x32d14a]
V  [jvm.dll+0x218361]
V  [jvm.dll+0x217781]
V  [jvm.dll+0x1a3ccd]
V  [jvm.dll+0x227178]
V  [jvm.dll+0x2252bc]
V  [jvm.dll+0x7e673b]
V  [jvm.dll+0x7e0cfa]
V  [jvm.dll+0x674d85]
C  [ucrtbase.dll+0x21bb2]
C  [KERNEL32.DLL+0x17034]
C  [ntdll.dll+0x52651]


---------------  P R O C E S S  ---------------

Threads class SMR info:
_java_thread_list=0x00000284c1a2bfd0, length=34, elements={
0x00000284a40bff80, 0x00000284b9ea8da0, 0x00000284b9eaa400, 0x00000284bc3e2160,
0x00000284bc3e2ee0, 0x00000284bc3e6310, 0x00000284bc3e8620, 0x00000284bc3f22e0,
0x00000284bc3f4390, 0x00000284bc3f6440, 0x00000284b9d31510, 0x00000284bc672aa0,
0x00000284bdc1f930, 0x00000284bcff34f0, 0x00000284be33aaf0, 0x00000284bce59ba0,
0x00000284be1e70c0, 0x00000284be1e6250, 0x00000284be1e6720, 0x00000284be1e7590,
0x00000284be1e6bf0, 0x00000284be1e5d80, 0x00000284bdf93ee0, 0x00000284bdf91390,
0x00000284bdf943b0, 0x00000284be9507b0, 0x00000284bdf96090, 0x00000284bdf956f0,
0x00000284bdf96f00, 0x00000284bdf95bc0, 0x00000284bdf91860, 0x00000284bdf973d0,
0x00000284bdf926d0, 0x00000284bdf978a0
}

Java Threads: ( => current thread )
  0x00000284a40bff80 JavaThread "main" [_thread_blocked, id=123276, stack(0x000000c9bc400000,0x000000c9bc500000)]
  0x00000284b9ea8da0 JavaThread "Reference Handler" daemon [_thread_blocked, id=125740, stack(0x000000c9bc700000,0x000000c9bc800000)]
  0x00000284b9eaa400 JavaThread "Finalizer" daemon [_thread_blocked, id=125904, stack(0x000000c9bc800000,0x000000c9bc900000)]
  0x00000284bc3e2160 JavaThread "Signal Dispatcher" daemon [_thread_blocked, id=117180, stack(0x000000c9bc900000,0x000000c9bca00000)]
  0x00000284bc3e2ee0 JavaThread "Attach Listener" daemon [_thread_blocked, id=117692, stack(0x000000c9bca00000,0x000000c9bcb00000)]
  0x00000284bc3e6310 JavaThread "Service Thread" daemon [_thread_blocked, id=110772, stack(0x000000c9bcb00000,0x000000c9bcc00000)]
  0x00000284bc3e8620 JavaThread "Monitor Deflation Thread" daemon [_thread_blocked, id=112628, stack(0x000000c9bcc00000,0x000000c9bcd00000)]
=>0x00000284bc3f22e0 JavaThread "C2 CompilerThread0" daemon [_thread_in_native, id=121040, stack(0x000000c9bcd00000,0x000000c9bce00000)]
  0x00000284bc3f4390 JavaThread "C1 CompilerThread0" daemon [_thread_blocked, id=105600, stack(0x000000c9bce00000,0x000000c9bcf00000)]
  0x00000284bc3f6440 JavaThread "Sweeper thread" daemon [_thread_blocked, id=105084, stack(0x000000c9bcf00000,0x000000c9bd000000)]
  0x00000284b9d31510 JavaThread "Common-Cleaner" daemon [_thread_blocked, id=114188, stack(0x000000c9bd000000,0x000000c9bd100000)]
  0x00000284bc672aa0 JavaThread "Notification Thread" daemon [_thread_blocked, id=114660, stack(0x000000c9bd100000,0x000000c9bd200000)]
  0x00000284bdc1f930 JavaThread "Active Thread: Equinox Container: 4defb364-2075-454f-80f0-48e631e10302" [_thread_blocked, id=111268, stack(0x000000c9bd900000,0x000000c9bda00000)]
  0x00000284bcff34f0 JavaThread "Framework Event Dispatcher: Equinox Container: 4defb364-2075-454f-80f0-48e631e10302" daemon [_thread_blocked, id=101244, stack(0x000000c9bda00000,0x000000c9bdb00000)]
  0x00000284be33aaf0 JavaThread "Start Level: Equinox Container: 4defb364-2075-454f-80f0-48e631e10302" daemon [_thread_blocked, id=119388, stack(0x000000c9bdb00000,0x000000c9bdc00000)]
  0x00000284bce59ba0 JavaThread "SCR Component Actor" daemon [_thread_blocked, id=108624, stack(0x000000c9bdc00000,0x000000c9bdd00000)]
  0x00000284be1e70c0 JavaThread "Bundle File Closer" daemon [_thread_blocked, id=117328, stack(0x000000c9be000000,0x000000c9be100000)]
  0x00000284be1e6250 JavaThread "Worker-JM" [_thread_blocked, id=78100, stack(0x000000c9bd800000,0x000000c9bd900000)]
  0x00000284be1e6720 JavaThread "Worker-0" [_thread_blocked, id=120388, stack(0x000000c9be100000,0x000000c9be200000)]
  0x00000284be1e7590 JavaThread "Worker-1" [_thread_blocked, id=123596, stack(0x000000c9be200000,0x000000c9be300000)]
  0x00000284be1e6bf0 JavaThread "Worker-2" [_thread_blocked, id=122728, stack(0x000000c9be300000,0x000000c9be400000)]
  0x00000284be1e5d80 JavaThread "Java indexing" daemon [_thread_blocked, id=123864, stack(0x000000c9be600000,0x000000c9be700000)]
  0x00000284bdf93ee0 JavaThread "pool-1-thread-1" [_thread_in_native, id=110760, stack(0x000000c9be700000,0x000000c9be800000)]
  0x00000284bdf91390 JavaThread "Worker-3" [_thread_blocked, id=126092, stack(0x000000c9be800000,0x000000c9be900000)]
  0x00000284bdf943b0 JavaThread "Worker-4" [_thread_blocked, id=103348, stack(0x000000c9be900000,0x000000c9bea00000)]
  0x00000284be9507b0 JavaThread "C2 CompilerThread1" daemon [_thread_blocked, id=125568, stack(0x000000c9bdf00000,0x000000c9be000000)]
  0x00000284bdf96090 JavaThread "ForkJoinPool.commonPool-worker-1" daemon [_thread_blocked, id=120108, stack(0x000000c9be400000,0x000000c9be500000)]
  0x00000284bdf956f0 JavaThread "ForkJoinPool.commonPool-worker-2" daemon [_thread_blocked, id=428, stack(0x000000c9be500000,0x000000c9be600000)]
  0x00000284bdf96f00 JavaThread "ForkJoinPool.commonPool-worker-3" daemon [_thread_blocked, id=114976, stack(0x000000c9beb00000,0x000000c9bec00000)]
  0x00000284bdf95bc0 JavaThread "ForkJoinPool.commonPool-worker-4" daemon [_thread_blocked, id=125756, stack(0x000000c9bec00000,0x000000c9bed00000)]
  0x00000284bdf91860 JavaThread "ForkJoinPool.commonPool-worker-5" daemon [_thread_blocked, id=125940, stack(0x000000c9bed00000,0x000000c9bee00000)]
  0x00000284bdf973d0 JavaThread "ForkJoinPool.commonPool-worker-6" daemon [_thread_blocked, id=125772, stack(0x000000c9bee00000,0x000000c9bef00000)]
  0x00000284bdf926d0 JavaThread "Thread-2" daemon [_thread_in_Java, id=126068, stack(0x000000c9bef00000,0x000000c9bf000000)]
  0x00000284bdf978a0 JavaThread "ForkJoinPool.commonPool-worker-7" daemon [_thread_blocked, id=125080, stack(0x000000c9bf000000,0x000000c9bf100000)]

Other Threads:
  0x00000284b9ea1210 VMThread "VM Thread" [stack: 0x000000c9bc600000,0x000000c9bc700000] [id=123768]
  0x00000284bc8e8b50 WatcherThread [stack: 0x000000c9bd200000,0x000000c9bd300000] [id=107628]
  0x00000284a40d5950 GCTaskThread "GC Thread#0" [stack: 0x000000c9bc500000,0x000000c9bc600000] [id=120440]
  0x00000284bd0115d0 GCTaskThread "GC Thread#1" [stack: 0x000000c9bd300000,0x000000c9bd400000] [id=122420]
  0x00000284bd04d940 GCTaskThread "GC Thread#2" [stack: 0x000000c9bd400000,0x000000c9bd500000] [id=117228]
  0x00000284bd011880 GCTaskThread "GC Thread#3" [stack: 0x000000c9bd500000,0x000000c9bd600000] [id=102884]
  0x00000284bd011b30 GCTaskThread "GC Thread#4" [stack: 0x000000c9bd600000,0x000000c9bd700000] [id=120608]
  0x00000284bd0b5030 GCTaskThread "GC Thread#5" [stack: 0x000000c9bd700000,0x000000c9bd800000] [id=119068]
  0x00000284bccd55d0 GCTaskThread "GC Thread#6" [stack: 0x000000c9bdd00000,0x000000c9bde00000] [id=122872]
  0x00000284bdf9c2c0 GCTaskThread "GC Thread#7" [stack: 0x000000c9bde00000,0x000000c9bdf00000] [id=123668]

Threads with active compile tasks:
C2 CompilerThread0    13915 7091 % !   4       org.eclipse.jdt.internal.compiler.classfmt.ClassFileReader::<init> @ 63 (2113 bytes)

VM state: not at safepoint (normal execution)

VM Mutex/Monitor currently owned by a thread: None

Heap address: 0x00000000c0000000, size: 1024 MB, Compressed Oops mode: 32-bit

CDS archive(s) not mapped
Compressed class space mapped at: 0x0000000100000000-0x0000000140000000, reserved size: 1073741824
Narrow klass base: 0x0000000000000000, Narrow klass shift: 3, Narrow klass range: 0x140000000

GC Precious Log:
 CPUs: 8 total, 8 available
 Memory: 8068M
 Large Page Support: Disabled
 NUMA Support: Disabled
 Compressed Oops: Enabled (32-bit)
 Alignments: Space 512K, Generation 512K, Heap 2M
 Heap Min Capacity: 100M
 Heap Initial Capacity: 100M
 Heap Max Capacity: 1G
 Pre-touch: Disabled
 Parallel Workers: 8

Heap:
 PSYoungGen      total 25088K, used 13373K [0x00000000eab00000, 0x00000000ed000000, 0x0000000100000000)
  eden space 15872K, 26% used [0x00000000eab00000,0x00000000eaf0f700,0x00000000eba80000)
  from space 9216K, 100% used [0x00000000eba80000,0x00000000ec380000,0x00000000ec380000)
  to   space 5632K, 0% used [0x00000000ec380000,0x00000000ec380000,0x00000000ec900000)
 ParOldGen       total 91136K, used 66569K [0x00000000c0000000, 0x00000000c5900000, 0x00000000eab00000)
  object space 91136K, 73% used [0x00000000c0000000,0x00000000c41027f0,0x00000000c5900000)
 Metaspace       used 63294K, committed 64256K, reserved 1114112K
  class space    used 6806K, committed 7232K, reserved 1048576K

Card table byte_map: [0x00000284b7720000,0x00000284b7930000] _byte_map_base: 0x00000284b7120000

Marking Bits: (ParMarkBitMap*) 0x00007ffec1394b80
 Begin Bits: [0x00000284b7a90000, 0x00000284b8a90000)
 End Bits:   [0x00000284b8a90000, 0x00000284b9a90000)

Polling page: 0x00000284a41a0000

Metaspace:

Usage:
  Non-class:     55.16 MB used.
      Class:      6.65 MB used.
       Both:     61.81 MB used.

Virtual space:
  Non-class space:       64.00 MB reserved,      55.69 MB ( 87%) committed,  8 nodes.
      Class space:        1.00 GB reserved,       7.06 MB ( <1%) committed,  1 nodes.
             Both:        1.06 GB reserved,      62.75 MB (  6%) committed. 

Chunk freelists:
   Non-Class:  3.84 MB
       Class:  930.00 KB
        Both:  4.75 MB

MaxMetaspaceSize: unlimited
CompressedClassSpaceSize: 1.00 GB
Initial GC threshold: 21.00 MB
Current GC threshold: 104.06 MB
CDS: off
MetaspaceReclaimPolicy: balanced
 - commit_granule_bytes: 65536.
 - commit_granule_words: 8192.
 - virtual_space_node_default_size: 1048576.
 - enlarge_chunks_in_place: 1.
 - new_chunks_are_fully_committed: 0.
 - uncommit_free_chunks: 1.
 - use_allocation_guard: 0.
 - handle_deallocations: 1.


Internal statistics:

num_allocs_failed_limit: 11.
num_arena_births: 410.
num_arena_deaths: 14.
num_vsnodes_births: 9.
num_vsnodes_deaths: 0.
num_space_committed: 1004.
num_space_uncommitted: 0.
num_chunks_returned_to_freelist: 25.
num_chunks_taken_from_freelist: 2652.
num_chunk_merges: 12.
num_chunk_splits: 1718.
num_chunks_enlarged: 1094.
num_purges: 2.
num_inconsistent_stats: 0.

CodeHeap 'non-profiled nmethods': size=120000Kb used=3562Kb max_used=3562Kb free=116438Kb
 bounds [0x00000284b0010000, 0x00000284b0390000, 0x00000284b7540000]
CodeHeap 'profiled nmethods': size=120000Kb used=13913Kb max_used=13913Kb free=106086Kb
 bounds [0x00000284a8ae0000, 0x00000284a9880000, 0x00000284b0010000]
CodeHeap 'non-nmethods': size=5760Kb used=1363Kb max_used=1430Kb free=4396Kb
 bounds [0x00000284a8540000, 0x00000284a87b0000, 0x00000284a8ae0000]
 total_blobs=6963 nmethods=6256 adapters=619
 compilation: enabled
              stopped_count=0, restarted_count=0
 full_count=0

Compilation events (20 events):
Event: 13.712 Thread 0x00000284bc3f4390 7120       3       com.google.gson.internal.bind.ReflectiveTypeAdapterFactory$1::<init> (50 bytes)
Event: 13.713 Thread 0x00000284bc3f4390 nmethod 7120 0x00000284a986d090 code [0x00000284a986d240, 0x00000284a986d4b8]
Event: 13.713 Thread 0x00000284bc3f4390 7121       3       com.google.gson.internal.$Gson$Types::getRawType (157 bytes)
Event: 13.714 Thread 0x00000284be9507b0 nmethod 7107 0x00000284b0381c90 code [0x00000284b0381e60, 0x00000284b03826e8]
Event: 13.714 Thread 0x00000284be9507b0 7119       4       com.google.gson.internal.bind.MapTypeAdapterFactory$Adapter::read (224 bytes)
Event: 13.715 Thread 0x00000284bc3f4390 nmethod 7121 0x00000284a986d610 code [0x00000284a986d9e0, 0x00000284a986f5c8]
Event: 13.715 Thread 0x00000284bc3f4390 7122       3       java.util.Locale::getUnicodeLocaleType (55 bytes)
Event: 13.716 Thread 0x00000284bc3f4390 nmethod 7122 0x00000284a986fc90 code [0x00000284a986ff20, 0x00000284a9870918]
Event: 13.716 Thread 0x00000284bc3f4390 7123       3       java.util.Locale::isUnicodeExtensionKey (21 bytes)
Event: 13.717 Thread 0x00000284bc3f4390 nmethod 7123 0x00000284a9870c90 code [0x00000284a9870ee0, 0x00000284a9871928]
Event: 13.839 Thread 0x00000284be9507b0 nmethod 7119 0x00000284b0382b90 code [0x00000284b0382ee0, 0x00000284b03846e0]
Event: 13.839 Thread 0x00000284be9507b0 7111       4       com.google.gson.stream.JsonReader::push (76 bytes)
Event: 13.840 Thread 0x00000284be9507b0 nmethod 7111 0x00000284b0385910 code [0x00000284b0385a80, 0x00000284b0385b58]
Event: 13.840 Thread 0x00000284be9507b0 7102       4       com.google.gson.internal.bind.TypeAdapters$15::read (6 bytes)
Event: 13.849 Thread 0x00000284bc3f4390 7124       3       java.lang.Class::protectionDomain (48 bytes)
Event: 13.850 Thread 0x00000284bc3f4390 nmethod 7124 0x00000284a9871d10 code [0x00000284a9871f40, 0x00000284a98724d8]
Event: 13.851 Thread 0x00000284be9507b0 nmethod 7102 0x00000284b0385c90 code [0x00000284b0385e80, 0x00000284b03862c0]
Event: 13.851 Thread 0x00000284be9507b0 7103       4       com.google.gson.internal.bind.TypeAdapters$15::read (38 bytes)
Event: 13.852 Thread 0x00000284bc3f4390 7125       3       com.google.gson.internal.$Gson$Types::equals (283 bytes)
Event: 13.853 Thread 0x00000284bc3f4390 nmethod 7125 0x00000284a9872710 code [0x00000284a9872b60, 0x00000284a9875318]

GC Heap History (20 events):
Event: 10.953 GC heap before
{Heap before GC invocations=26 (full 2):
 PSYoungGen      total 22016K, used 20800K [0x00000000eab00000, 0x00000000ec200000, 0x0000000100000000)
  eden space 20480K, 100% used [0x00000000eab00000,0x00000000ebf00000,0x00000000ebf00000)
  from space 1536K, 20% used [0x00000000ebf80000,0x00000000ebfd0000,0x00000000ec100000)
  to   space 1024K, 0% used [0x00000000ec100000,0x00000000ec100000,0x00000000ec200000)
 ParOldGen       total 68608K, used 34497K [0x00000000c0000000, 0x00000000c4300000, 0x00000000eab00000)
  object space 68608K, 50% used [0x00000000c0000000,0x00000000c21b0750,0x00000000c4300000)
 Metaspace       used 54555K, committed 55296K, reserved 1105920K
  class space    used 5936K, committed 6272K, reserved 1048576K
}
Event: 10.956 GC heap after
{Heap after GC invocations=26 (full 2):
 PSYoungGen      total 21504K, used 1008K [0x00000000eab00000, 0x00000000ec300000, 0x0000000100000000)
  eden space 20480K, 0% used [0x00000000eab00000,0x00000000eab00000,0x00000000ebf00000)
  from space 1024K, 98% used [0x00000000ec100000,0x00000000ec1fc290,0x00000000ec200000)
  to   space 2048K, 0% used [0x00000000ebf00000,0x00000000ebf00000,0x00000000ec100000)
 ParOldGen       total 68608K, used 35112K [0x00000000c0000000, 0x00000000c4300000, 0x00000000eab00000)
  object space 68608K, 51% used [0x00000000c0000000,0x00000000c224a3c8,0x00000000c4300000)
 Metaspace       used 54555K, committed 55296K, reserved 1105920K
  class space    used 5936K, committed 6272K, reserved 1048576K
}
Event: 11.320 GC heap before
{Heap before GC invocations=27 (full 2):
 PSYoungGen      total 21504K, used 21428K [0x00000000eab00000, 0x00000000ec300000, 0x0000000100000000)
  eden space 20480K, 99% used [0x00000000eab00000,0x00000000ebef1168,0x00000000ebf00000)
  from space 1024K, 98% used [0x00000000ec100000,0x00000000ec1fc290,0x00000000ec200000)
  to   space 2048K, 0% used [0x00000000ebf00000,0x00000000ebf00000,0x00000000ec100000)
 ParOldGen       total 68608K, used 35112K [0x00000000c0000000, 0x00000000c4300000, 0x00000000eab00000)
  object space 68608K, 51% used [0x00000000c0000000,0x00000000c224a3c8,0x00000000c4300000)
 Metaspace       used 55941K, committed 56640K, reserved 1105920K
  class space    used 6042K, committed 6336K, reserved 1048576K
}
Event: 11.321 GC heap after
{Heap after GC invocations=27 (full 2):
 PSYoungGen      total 20992K, used 352K [0x00000000eab00000, 0x00000000ec180000, 0x0000000100000000)
  eden space 20480K, 0% used [0x00000000eab00000,0x00000000eab00000,0x00000000ebf00000)
  from space 512K, 68% used [0x00000000ebf00000,0x00000000ebf58000,0x00000000ebf80000)
  to   space 1024K, 0% used [0x00000000ec080000,0x00000000ec080000,0x00000000ec180000)
 ParOldGen       total 68608K, used 35328K [0x00000000c0000000, 0x00000000c4300000, 0x00000000eab00000)
  object space 68608K, 51% used [0x00000000c0000000,0x00000000c22803c8,0x00000000c4300000)
 Metaspace       used 55941K, committed 56640K, reserved 1105920K
  class space    used 6042K, committed 6336K, reserved 1048576K
}
Event: 11.813 GC heap before
{Heap before GC invocations=28 (full 2):
 PSYoungGen      total 20992K, used 20832K [0x00000000eab00000, 0x00000000ec180000, 0x0000000100000000)
  eden space 20480K, 100% used [0x00000000eab00000,0x00000000ebf00000,0x00000000ebf00000)
  from space 512K, 68% used [0x00000000ebf00000,0x00000000ebf58000,0x00000000ebf80000)
  to   space 1024K, 0% used [0x00000000ec080000,0x00000000ec080000,0x00000000ec180000)
 ParOldGen       total 68608K, used 35328K [0x00000000c0000000, 0x00000000c4300000, 0x00000000eab00000)
  object space 68608K, 51% used [0x00000000c0000000,0x00000000c22803c8,0x00000000c4300000)
 Metaspace       used 56597K, committed 57408K, reserved 1105920K
  class space    used 6106K, committed 6464K, reserved 1048576K
}
Event: 11.815 GC heap after
{Heap after GC invocations=28 (full 2):
 PSYoungGen      total 21504K, used 809K [0x00000000eab00000, 0x00000000ec180000, 0x0000000100000000)
  eden space 20480K, 0% used [0x00000000eab00000,0x00000000eab00000,0x00000000ebf00000)
  from space 1024K, 79% used [0x00000000ec080000,0x00000000ec14a480,0x00000000ec180000)
  to   space 1024K, 0% used [0x00000000ebf80000,0x00000000ebf80000,0x00000000ec080000)
 ParOldGen       total 68608K, used 35488K [0x00000000c0000000, 0x00000000c4300000, 0x00000000eab00000)
  object space 68608K, 51% used [0x00000000c0000000,0x00000000c22a83c8,0x00000000c4300000)
 Metaspace       used 56597K, committed 57408K, reserved 1105920K
  class space    used 6106K, committed 6464K, reserved 1048576K
}
Event: 12.421 GC heap before
{Heap before GC invocations=29 (full 2):
 PSYoungGen      total 21504K, used 17255K [0x00000000eab00000, 0x00000000ec180000, 0x0000000100000000)
  eden space 20480K, 80% used [0x00000000eab00000,0x00000000ebb0f908,0x00000000ebf00000)
  from space 1024K, 79% used [0x00000000ec080000,0x00000000ec14a480,0x00000000ec180000)
  to   space 1024K, 0% used [0x00000000ebf80000,0x00000000ebf80000,0x00000000ec080000)
 ParOldGen       total 68608K, used 35488K [0x00000000c0000000, 0x00000000c4300000, 0x00000000eab00000)
  object space 68608K, 51% used [0x00000000c0000000,0x00000000c22a83c8,0x00000000c4300000)
 Metaspace       used 58947K, committed 59776K, reserved 1105920K
  class space    used 6346K, committed 6720K, reserved 1048576K
}
Event: 12.423 GC heap after
{Heap after GC invocations=29 (full 2):
 PSYoungGen      total 21504K, used 608K [0x00000000eab00000, 0x00000000ec100000, 0x0000000100000000)
  eden space 20480K, 0% used [0x00000000eab00000,0x00000000eab00000,0x00000000ebf00000)
  from space 1024K, 59% used [0x00000000ebf80000,0x00000000ec018228,0x00000000ec080000)
  to   space 512K, 0% used [0x00000000ec080000,0x00000000ec080000,0x00000000ec100000)
 ParOldGen       total 68608K, used 36115K [0x00000000c0000000, 0x00000000c4300000, 0x00000000eab00000)
  object space 68608K, 52% used [0x00000000c0000000,0x00000000c2344c78,0x00000000c4300000)
 Metaspace       used 58947K, committed 59776K, reserved 1105920K
  class space    used 6346K, committed 6720K, reserved 1048576K
}
Event: 12.423 GC heap before
{Heap before GC invocations=30 (full 3):
 PSYoungGen      total 21504K, used 608K [0x00000000eab00000, 0x00000000ec100000, 0x0000000100000000)
  eden space 20480K, 0% used [0x00000000eab00000,0x00000000eab00000,0x00000000ebf00000)
  from space 1024K, 59% used [0x00000000ebf80000,0x00000000ec018228,0x00000000ec080000)
  to   space 512K, 0% used [0x00000000ec080000,0x00000000ec080000,0x00000000ec100000)
 ParOldGen       total 68608K, used 36115K [0x00000000c0000000, 0x00000000c4300000, 0x00000000eab00000)
  object space 68608K, 52% used [0x00000000c0000000,0x00000000c2344c78,0x00000000c4300000)
 Metaspace       used 58947K, committed 59776K, reserved 1105920K
  class space    used 6346K, committed 6720K, reserved 1048576K
}
Event: 12.519 GC heap after
{Heap after GC invocations=30 (full 3):
 PSYoungGen      total 21504K, used 0K [0x00000000eab00000, 0x00000000ec100000, 0x0000000100000000)
  eden space 20480K, 0% used [0x00000000eab00000,0x00000000eab00000,0x00000000ebf00000)
  from space 1024K, 0% used [0x00000000ebf80000,0x00000000ebf80000,0x00000000ec080000)
  to   space 512K, 0% used [0x00000000ec080000,0x00000000ec080000,0x00000000ec100000)
 ParOldGen       total 68608K, used 34173K [0x00000000c0000000, 0x00000000c4300000, 0x00000000eab00000)
  object space 68608K, 49% used [0x00000000c0000000,0x00000000c215f6a8,0x00000000c4300000)
 Metaspace       used 58947K, committed 59776K, reserved 1105920K
  class space    used 6346K, committed 6720K, reserved 1048576K
}
Event: 12.974 GC heap before
{Heap before GC invocations=31 (full 3):
 PSYoungGen      total 21504K, used 20480K [0x00000000eab00000, 0x00000000ec100000, 0x0000000100000000)
  eden space 20480K, 100% used [0x00000000eab00000,0x00000000ebf00000,0x00000000ebf00000)
  from space 1024K, 0% used [0x00000000ebf80000,0x00000000ebf80000,0x00000000ec080000)
  to   space 512K, 0% used [0x00000000ec080000,0x00000000ec080000,0x00000000ec100000)
 ParOldGen       total 68608K, used 34174K [0x00000000c0000000, 0x00000000c4300000, 0x00000000eab00000)
  object space 68608K, 49% used [0x00000000c0000000,0x00000000c215fa30,0x00000000c4300000)
 Metaspace       used 61213K, committed 62144K, reserved 1105920K
  class space    used 6594K, committed 6976K, reserved 1048576K
}
Event: 12.977 GC heap after
{Heap after GC invocations=31 (full 3):
 PSYoungGen      total 19968K, used 512K [0x00000000eab00000, 0x00000000ec400000, 0x0000000100000000)
  eden space 19456K, 0% used [0x00000000eab00000,0x00000000eab00000,0x00000000ebe00000)
  from space 512K, 100% used [0x00000000ec080000,0x00000000ec100000,0x00000000ec100000)
  to   space 2560K, 0% used [0x00000000ebe00000,0x00000000ebe00000,0x00000000ec080000)
 ParOldGen       total 68608K, used 35602K [0x00000000c0000000, 0x00000000c4300000, 0x00000000eab00000)
  object space 68608K, 51% used [0x00000000c0000000,0x00000000c22c48e8,0x00000000c4300000)
 Metaspace       used 61213K, committed 62144K, reserved 1105920K
  class space    used 6594K, committed 6976K, reserved 1048576K
}
Event: 13.483 GC heap before
{Heap before GC invocations=32 (full 3):
 PSYoungGen      total 19968K, used 19968K [0x00000000eab00000, 0x00000000ec400000, 0x0000000100000000)
  eden space 19456K, 100% used [0x00000000eab00000,0x00000000ebe00000,0x00000000ebe00000)
  from space 512K, 100% used [0x00000000ec080000,0x00000000ec100000,0x00000000ec100000)
  to   space 2560K, 0% used [0x00000000ebe00000,0x00000000ebe00000,0x00000000ec080000)
 ParOldGen       total 68608K, used 41349K [0x00000000c0000000, 0x00000000c4300000, 0x00000000eab00000)
  object space 68608K, 60% used [0x00000000c0000000,0x00000000c2861538,0x00000000c4300000)
 Metaspace       used 62568K, committed 63552K, reserved 1105920K
  class space    used 6740K, committed 7168K, reserved 1048576K
}
Event: 13.487 GC heap after
{Heap after GC invocations=32 (full 3):
 PSYoungGen      total 22016K, used 2537K [0x00000000eab00000, 0x00000000ec900000, 0x0000000100000000)
  eden space 19456K, 0% used [0x00000000eab00000,0x00000000eab00000,0x00000000ebe00000)
  from space 2560K, 99% used [0x00000000ebe00000,0x00000000ec07a5d8,0x00000000ec080000)
  to   space 5632K, 0% used [0x00000000ec380000,0x00000000ec380000,0x00000000ec900000)
 ParOldGen       total 68608K, used 43679K [0x00000000c0000000, 0x00000000c4300000, 0x00000000eab00000)
  object space 68608K, 63% used [0x00000000c0000000,0x00000000c2aa7f88,0x00000000c4300000)
 Metaspace       used 62568K, committed 63552K, reserved 1105920K
  class space    used 6740K, committed 7168K, reserved 1048576K
}
Event: 13.666 GC heap before
{Heap before GC invocations=33 (full 3):
 PSYoungGen      total 22016K, used 21993K [0x00000000eab00000, 0x00000000ec900000, 0x0000000100000000)
  eden space 19456K, 100% used [0x00000000eab00000,0x00000000ebe00000,0x00000000ebe00000)
  from space 2560K, 99% used [0x00000000ebe00000,0x00000000ec07a5d8,0x00000000ec080000)
  to   space 5632K, 0% used [0x00000000ec380000,0x00000000ec380000,0x00000000ec900000)
 ParOldGen       total 91136K, used 81018K [0x00000000c0000000, 0x00000000c5900000, 0x00000000eab00000)
  object space 91136K, 88% used [0x00000000c0000000,0x00000000c4f1ead8,0x00000000c5900000)
 Metaspace       used 62859K, committed 63808K, reserved 1105920K
  class space    used 6766K, committed 7168K, reserved 1048576K
}
Event: 13.671 GC heap after
{Heap after GC invocations=33 (full 3):
 PSYoungGen      total 21504K, used 5632K [0x00000000eab00000, 0x00000000ed000000, 0x0000000100000000)
  eden space 15872K, 0% used [0x00000000eab00000,0x00000000eab00000,0x00000000eba80000)
  from space 5632K, 100% used [0x00000000ec380000,0x00000000ec900000,0x00000000ec900000)
  to   space 9216K, 0% used [0x00000000eba80000,0x00000000eba80000,0x00000000ec380000)
 ParOldGen       total 91136K, used 83801K [0x00000000c0000000, 0x00000000c5900000, 0x00000000eab00000)
  object space 91136K, 91% used [0x00000000c0000000,0x00000000c51d65b8,0x00000000c5900000)
 Metaspace       used 62859K, committed 63808K, reserved 1105920K
  class space    used 6766K, committed 7168K, reserved 1048576K
}
Event: 13.732 GC heap before
{Heap before GC invocations=34 (full 3):
 PSYoungGen      total 21504K, used 21504K [0x00000000eab00000, 0x00000000ed000000, 0x0000000100000000)
  eden space 15872K, 100% used [0x00000000eab00000,0x00000000eba80000,0x00000000eba80000)
  from space 5632K, 100% used [0x00000000ec380000,0x00000000ec900000,0x00000000ec900000)
  to   space 9216K, 0% used [0x00000000eba80000,0x00000000eba80000,0x00000000ec380000)
 ParOldGen       total 91136K, used 83801K [0x00000000c0000000, 0x00000000c5900000, 0x00000000eab00000)
  object space 91136K, 91% used [0x00000000c0000000,0x00000000c51d65b8,0x00000000c5900000)
 Metaspace       used 62986K, committed 63936K, reserved 1105920K
  class space    used 6771K, committed 7168K, reserved 1048576K
}
Event: 13.742 GC heap after
{Heap after GC invocations=34 (full 3):
 PSYoungGen      total 25088K, used 9216K [0x00000000eab00000, 0x00000000ed000000, 0x0000000100000000)
  eden space 15872K, 0% used [0x00000000eab00000,0x00000000eab00000,0x00000000eba80000)
  from space 9216K, 100% used [0x00000000eba80000,0x00000000ec380000,0x00000000ec380000)
  to   space 5632K, 0% used [0x00000000ec380000,0x00000000ec380000,0x00000000ec900000)
 ParOldGen       total 91136K, used 90953K [0x00000000c0000000, 0x00000000c5900000, 0x00000000eab00000)
  object space 91136K, 99% used [0x00000000c0000000,0x00000000c58d25d8,0x00000000c5900000)
 Metaspace       used 62986K, committed 63936K, reserved 1105920K
  class space    used 6771K, committed 7168K, reserved 1048576K
}
Event: 13.743 GC heap before
{Heap before GC invocations=35 (full 4):
 PSYoungGen      total 25088K, used 9216K [0x00000000eab00000, 0x00000000ed000000, 0x0000000100000000)
  eden space 15872K, 0% used [0x00000000eab00000,0x00000000eab00000,0x00000000eba80000)
  from space 9216K, 100% used [0x00000000eba80000,0x00000000ec380000,0x00000000ec380000)
  to   space 5632K, 0% used [0x00000000ec380000,0x00000000ec380000,0x00000000ec900000)
 ParOldGen       total 91136K, used 90953K [0x00000000c0000000, 0x00000000c5900000, 0x00000000eab00000)
  object space 91136K, 99% used [0x00000000c0000000,0x00000000c58d25d8,0x00000000c5900000)
 Metaspace       used 62986K, committed 63936K, reserved 1105920K
  class space    used 6771K, committed 7168K, reserved 1048576K
}
Event: 13.810 GC heap after
{Heap after GC invocations=35 (full 4):
 PSYoungGen      total 21504K, used 0K [0x00000000eab00000, 0x00000000ed000000, 0x0000000100000000)
  eden space 15872K, 0% used [0x00000000eab00000,0x00000000eab00000,0x00000000eba80000)
  from space 5632K, 0% used [0x00000000ec380000,0x00000000ec380000,0x00000000ec900000)
  to   space 9216K, 0% used [0x00000000eba80000,0x00000000eba80000,0x00000000ec380000)
 ParOldGen       total 91136K, used 65881K [0x00000000c0000000, 0x00000000c5900000, 0x00000000eab00000)
  object space 91136K, 72% used [0x00000000c0000000,0x00000000c40567f0,0x00000000c5900000)
 Metaspace       used 62986K, committed 63936K, reserved 1105920K
  class space    used 6771K, committed 7168K, reserved 1048576K
}

Deoptimization events (20 events):
Event: 13.453 Thread 0x00000284bdf926d0 DEOPT PACKING pc=0x00000284b01ef50c sp=0x000000c9beffee30
Event: 13.453 Thread 0x00000284bdf926d0 DEOPT UNPACKING pc=0x00000284a85920a3 sp=0x000000c9beffee80 mode 2
Event: 13.453 Thread 0x00000284bdf926d0 Uncommon trap: trap_request=0xffffffde fr.pc=0x00000284b01ef50c relative=0x000000000000102c
Event: 13.453 Thread 0x00000284bdf926d0 Uncommon trap: reason=class_check action=maybe_recompile pc=0x00000284b01ef50c method=java.util.zip.InflaterInputStream.read([BII)I @ 100 c2
Event: 13.453 Thread 0x00000284bdf926d0 DEOPT PACKING pc=0x00000284b01ef50c sp=0x000000c9beffee30
Event: 13.453 Thread 0x00000284bdf926d0 DEOPT UNPACKING pc=0x00000284a85920a3 sp=0x000000c9beffee80 mode 2
Event: 13.453 Thread 0x00000284bdf926d0 Uncommon trap: trap_request=0xffffffde fr.pc=0x00000284b01ef50c relative=0x000000000000102c
Event: 13.453 Thread 0x00000284bdf926d0 Uncommon trap: reason=class_check action=maybe_recompile pc=0x00000284b01ef50c method=java.util.zip.InflaterInputStream.read([BII)I @ 100 c2
Event: 13.453 Thread 0x00000284bdf926d0 DEOPT PACKING pc=0x00000284b01ef50c sp=0x000000c9beffee30
Event: 13.453 Thread 0x00000284bdf926d0 DEOPT UNPACKING pc=0x00000284a85920a3 sp=0x000000c9beffee80 mode 2
Event: 13.494 Thread 0x00000284bdf956f0 DEOPT PACKING pc=0x00000284a962bf4e sp=0x000000c9be5fd7d0
Event: 13.495 Thread 0x00000284bdf956f0 DEOPT UNPACKING pc=0x00000284a8592843 sp=0x000000c9be5fcc60 mode 0
Event: 13.622 Thread 0x00000284bdf926d0 Uncommon trap: trap_request=0xffffffc6 fr.pc=0x00000284b010f534 relative=0x0000000000002254
Event: 13.622 Thread 0x00000284bdf926d0 Uncommon trap: reason=bimorphic_or_optimized_type_check action=maybe_recompile pc=0x00000284b010f534 method=com.google.gson.internal.bind.TypeAdapterRuntimeTypeWrapper.read(Lcom/google/gson/stream/JsonReader;)Ljava/lang/Object; @ 5 c2
Event: 13.622 Thread 0x00000284bdf926d0 DEOPT PACKING pc=0x00000284b010f534 sp=0x000000c9beffeaa0
Event: 13.622 Thread 0x00000284bdf926d0 DEOPT UNPACKING pc=0x00000284a85920a3 sp=0x000000c9beffeae8 mode 2
Event: 13.622 Thread 0x00000284bdf926d0 Uncommon trap: trap_request=0xffffffc6 fr.pc=0x00000284b010f534 relative=0x0000000000002254
Event: 13.622 Thread 0x00000284bdf926d0 Uncommon trap: reason=bimorphic_or_optimized_type_check action=maybe_recompile pc=0x00000284b010f534 method=com.google.gson.internal.bind.TypeAdapterRuntimeTypeWrapper.read(Lcom/google/gson/stream/JsonReader;)Ljava/lang/Object; @ 5 c2
Event: 13.622 Thread 0x00000284bdf926d0 DEOPT PACKING pc=0x00000284b010f534 sp=0x000000c9beffe990
Event: 13.622 Thread 0x00000284bdf926d0 DEOPT UNPACKING pc=0x00000284a85920a3 sp=0x000000c9beffe9e8 mode 2

Classes unloaded (7 events):
Event: 3.154 Thread 0x00000284b9ea1210 Unloading class 0x0000000100218800 'java/lang/invoke/LambdaForm$MH+0x0000000100218800'
Event: 3.154 Thread 0x00000284b9ea1210 Unloading class 0x0000000100218400 'java/lang/invoke/LambdaForm$MH+0x0000000100218400'
Event: 3.154 Thread 0x00000284b9ea1210 Unloading class 0x0000000100218000 'java/lang/invoke/LambdaForm$MH+0x0000000100218000'
Event: 3.154 Thread 0x00000284b9ea1210 Unloading class 0x0000000100217c00 'java/lang/invoke/LambdaForm$MH+0x0000000100217c00'
Event: 3.154 Thread 0x00000284b9ea1210 Unloading class 0x0000000100217400 'java/lang/invoke/LambdaForm$BMH+0x0000000100217400'
Event: 3.154 Thread 0x00000284b9ea1210 Unloading class 0x0000000100217000 'java/lang/invoke/LambdaForm$DMH+0x0000000100217000'
Event: 3.154 Thread 0x00000284b9ea1210 Unloading class 0x0000000100214400 'java/lang/invoke/LambdaForm$DMH+0x0000000100214400'

Classes redefined (0 events):
No events

Internal exceptions (20 events):
Event: 11.440 Thread 0x00000284bdf943b0 Exception <a 'sun/nio/fs/WindowsException'{0x00000000eacbf950}> (0x00000000eacbf950) 
thrown [e:\jenkins\tmp\workspace\build\src\src\hotspot\share\prims\jni.cpp, line 516]
Event: 11.456 Thread 0x00000284bdf943b0 Exception <a 'sun/nio/fs/WindowsException'{0x00000000ead016b8}> (0x00000000ead016b8) 
thrown [e:\jenkins\tmp\workspace\build\src\src\hotspot\share\prims\jni.cpp, line 516]
Event: 11.556 Thread 0x00000284be1e6720 Exception <a 'java/lang/NoSuchMethodError'{0x00000000eacd1ac0}: 'java.lang.Object java.lang.invoke.DirectMethodHandle$Holder.invokeStatic(java.lang.Object, java.lang.Object, java.lang.Object, long)'> (0x00000000eacd1ac0) 
thrown [e:\jenkins\tmp\workspace\build\src\src\hotspot\share\interpreter\linkResolver.cpp, line 766]
Event: 11.562 Thread 0x00000284be1e6720 Exception <a 'java/lang/NoSuchMethodError'{0x00000000eacd91b8}: 'java.lang.Object java.lang.invoke.DirectMethodHandle$Holder.newInvokeSpecial(java.lang.Object, java.lang.Object, java.lang.Object, long)'> (0x00000000eacd91b8) 
thrown [e:\jenkins\tmp\workspace\build\src\src\hotspot\share\interpreter\linkResolver.cpp, line 766]
Event: 11.563 Thread 0x00000284be1e6720 Exception <a 'java/lang/NoSuchMethodError'{0x00000000eae341e8}: 'java.lang.Object java.lang.invoke.DirectMethodHandle$Holder.invokeSpecial(java.lang.Object, java.lang.Object, java.lang.Object, java.lang.Object, long)'> (0x00000000eae341e8) 
thrown [e:\jenkins\tmp\workspace\build\src\src\hotspot\share\interpreter\linkResolver.cpp, line 766]
Event: 11.563 Thread 0x00000284be1e6720 Exception <a 'java/lang/NoSuchMethodError'{0x00000000eae37db8}: 'java.lang.Object java.lang.invoke.Invokers$Holder.linkToTargetMethod(java.lang.Object, java.lang.Object, long, java.lang.Object)'> (0x00000000eae37db8) 
thrown [e:\jenkins\tmp\workspace\build\src\src\hotspot\share\interpreter\linkResolver.cpp, line 766]
Event: 11.563 Thread 0x00000284bdf93ee0 Exception <a 'sun/nio/fs/WindowsException'{0x00000000eae3cb68}> (0x00000000eae3cb68) 
thrown [e:\jenkins\tmp\workspace\build\src\src\hotspot\share\prims\jni.cpp, line 516]
Event: 11.582 Thread 0x00000284bdf93ee0 Exception <a 'java/lang/NoSuchMethodError'{0x00000000eaecc738}: 'java.lang.Object java.lang.invoke.DirectMethodHandle$Holder.invokeInterface(java.lang.Object, java.lang.Object, java.lang.Object)'> (0x00000000eaecc738) 
thrown [e:\jenkins\tmp\workspace\build\src\src\hotspot\share\interpreter\linkResolver.cpp, line 766]
Event: 11.605 Thread 0x00000284be1e6720 Exception <a 'java/io/FileNotFoundException'{0x00000000eaf2d3e0}> (0x00000000eaf2d3e0) 
thrown [e:\jenkins\tmp\workspace\build\src\src\hotspot\share\prims\jni.cpp, line 516]
Event: 11.605 Thread 0x00000284be1e6720 Exception <a 'java/io/FileNotFoundException'{0x00000000eaf2f1f0}> (0x00000000eaf2f1f0) 
thrown [e:\jenkins\tmp\workspace\build\src\src\hotspot\share\prims\jni.cpp, line 516]
Event: 11.615 Thread 0x00000284be1e6720 Exception <a 'java/io/FileNotFoundException'{0x00000000eaf307a8}> (0x00000000eaf307a8) 
thrown [e:\jenkins\tmp\workspace\build\src\src\hotspot\share\prims\jni.cpp, line 516]
Event: 11.989 Thread 0x00000284be1e6720 Exception <a 'java/lang/NoSuchMethodError'{0x00000000eb108ca8}: 'int java.lang.invoke.DirectMethodHandle$Holder.invokeVirtual(java.lang.Object, java.lang.Object, java.lang.Object)'> (0x00000000eb108ca8) 
thrown [e:\jenkins\tmp\workspace\build\src\src\hotspot\share\interpreter\linkResolver.cpp, line 766]
Event: 12.382 Thread 0x00000284be1e6720 Exception <a 'sun/nio/fs/WindowsException'{0x00000000eb9a9788}> (0x00000000eb9a9788) 
thrown [e:\jenkins\tmp\workspace\build\src\src\hotspot\share\prims\jni.cpp, line 516]
Event: 12.404 Thread 0x00000284be1e6720 Exception <a 'java/io/FileNotFoundException'{0x00000000eba08eb0}> (0x00000000eba08eb0) 
thrown [e:\jenkins\tmp\workspace\build\src\src\hotspot\share\prims\jni.cpp, line 516]
Event: 12.404 Thread 0x00000284be1e6720 Exception <a 'java/io/FileNotFoundException'{0x00000000eba0a1a8}> (0x00000000eba0a1a8) 
thrown [e:\jenkins\tmp\workspace\build\src\src\hotspot\share\prims\jni.cpp, line 516]
Event: 12.563 Thread 0x00000284bdf93ee0 Exception <a 'java/io/FileNotFoundException'{0x00000000ead8df98}> (0x00000000ead8df98) 
thrown [e:\jenkins\tmp\workspace\build\src\src\hotspot\share\prims\jni.cpp, line 516]
Event: 12.689 Thread 0x00000284bdf943b0 Exception <a 'java/lang/NoSuchMethodError'{0x00000000eb289f30}: 'int java.lang.invoke.DirectMethodHandle$Holder.invokeStatic(java.lang.Object, java.lang.Object, java.lang.Object, int)'> (0x00000000eb289f30) 
thrown [e:\jenkins\tmp\workspace\build\src\src\hotspot\share\interpreter\linkResolver.cpp, line 766]
Event: 12.747 Thread 0x00000284bdf943b0 Exception <a 'java/io/FileNotFoundException'{0x00000000eb48bb48}> (0x00000000eb48bb48) 
thrown [e:\jenkins\tmp\workspace\build\src\src\hotspot\share\prims\jni.cpp, line 516]
Event: 13.151 Thread 0x00000284bdf93ee0 Exception <a 'java/lang/ClassNotFoundException'{0x00000000eb22de00}: sun/util/logging/resources/spi/loggingProvider> (0x00000000eb22de00) 
thrown [e:\jenkins\tmp\workspace\build\src\src\hotspot\share\classfile\systemDictionary.cpp, line 256]
Event: 13.567 Thread 0x00000284bdf96f00 Exception <a 'java/io/FileNotFoundException'{0x00000000eb4fd628}> (0x00000000eb4fd628) 
thrown [e:\jenkins\tmp\workspace\build\src\src\hotspot\share\prims\jni.cpp, line 516]

VM Operations (20 events):
Event: 12.701 Executing VM operation: HandshakeAllThreads
Event: 12.701 Executing VM operation: HandshakeAllThreads done
Event: 12.845 Executing VM operation: HandshakeAllThreads
Event: 12.845 Executing VM operation: HandshakeAllThreads done
Event: 12.973 Executing VM operation: ParallelGCFailedAllocation
Event: 12.974 Executing VM operation: ParallelGCFailedAllocation done
Event: 12.974 Executing VM operation: ParallelGCSystemGC
Event: 12.977 Executing VM operation: ParallelGCSystemGC done
Event: 13.381 Executing VM operation: HandshakeAllThreads
Event: 13.381 Executing VM operation: HandshakeAllThreads done
Event: 13.435 Executing VM operation: HandshakeAllThreads
Event: 13.442 Executing VM operation: HandshakeAllThreads done
Event: 13.482 Executing VM operation: ParallelGCFailedAllocation
Event: 13.491 Executing VM operation: ParallelGCFailedAllocation done
Event: 13.504 Executing VM operation: HandshakeAllThreads
Event: 13.504 Executing VM operation: HandshakeAllThreads done
Event: 13.666 Executing VM operation: ParallelGCFailedAllocation
Event: 13.671 Executing VM operation: ParallelGCFailedAllocation done
Event: 13.732 Executing VM operation: ParallelGCFailedAllocation
Event: 13.810 Executing VM operation: ParallelGCFailedAllocation done

Events (20 events):
Event: 13.154 loading class java/time/LocalTime$1
Event: 13.154 loading class java/time/LocalTime$1 done
Event: 13.350 loading class java/util/HashMap$ValueSpliterator
Event: 13.351 loading class java/util/HashMap$ValueSpliterator done
Event: 13.355 Thread 0x00000284bdf95bc0 Thread added: 0x00000284bdf95bc0
Event: 13.356 loading class jdk/internal/event/SecurityPropertyModificationEvent
Event: 13.356 loading class jdk/internal/event/SecurityPropertyModificationEvent done
Event: 13.356 Thread 0x00000284bdf91860 Thread added: 0x00000284bdf91860
Event: 13.358 Thread 0x00000284bdf973d0 Thread added: 0x00000284bdf973d0
Event: 13.364 Thread 0x00000284bdf926d0 Thread added: 0x00000284bdf926d0
Event: 13.400 loading class java/util/LinkedList$LLSpliterator
Event: 13.401 loading class java/util/LinkedList$LLSpliterator done
Event: 13.422 loading class javax/xml/transform/TransformerConfigurationException
Event: 13.422 loading class javax/xml/transform/TransformerConfigurationException done
Event: 13.494 loading class java/util/Hashtable$KeySet
Event: 13.495 loading class java/util/Hashtable$KeySet done
Event: 13.587 loading class java/util/zip/GZIPInputStream$1
Event: 13.587 loading class java/util/zip/GZIPInputStream$1 done
Event: 13.850 loading class java/util/concurrent/CompletionException
Event: 13.850 loading class java/util/concurrent/CompletionException done


Dynamic libraries:
0x00007ff7d5d60000 - 0x00007ff7d5d6e000 	c:\Users\Junior\.vscode\extensions\redhat.java-1.9.0-win32-x64\jre\17.0.3-win32-x86_64\bin\java.exe
0x00007fff01470000 - 0x00007fff01665000 	C:\Windows\SYSTEM32\ntdll.dll
0x00007fff01110000 - 0x00007fff011cd000 	C:\Windows\System32\KERNEL32.DLL
0x00007ffefee90000 - 0x00007ffeff159000 	C:\Windows\System32\KERNELBASE.dll
0x00007ffeff190000 - 0x00007ffeff290000 	C:\Windows\System32\ucrtbase.dll
0x00007ffef3f70000 - 0x00007ffef3f89000 	c:\Users\Junior\.vscode\extensions\redhat.java-1.9.0-win32-x64\jre\17.0.3-win32-x86_64\bin\VCRUNTIME140.dll
0x00007ffee8bc0000 - 0x00007ffee8bd8000 	c:\Users\Junior\.vscode\extensions\redhat.java-1.9.0-win32-x64\jre\17.0.3-win32-x86_64\bin\jli.dll
0x00007fff011e0000 - 0x00007fff01380000 	C:\Windows\System32\USER32.dll
0x00007ffeff4a0000 - 0x00007ffeff4c2000 	C:\Windows\System32\win32u.dll
0x00007fff010e0000 - 0x00007fff0110a000 	C:\Windows\System32\GDI32.dll
0x00007ffeff390000 - 0x00007ffeff49b000 	C:\Windows\System32\gdi32full.dll
0x00007ffefedf0000 - 0x00007ffefee8d000 	C:\Windows\System32\msvcp_win.dll
0x00007ffee5640000 - 0x00007ffee58da000 	C:\Windows\WinSxS\amd64_microsoft.windows.common-controls_6595b64144ccf1df_6.0.19041.1110_none_60b5254171f9507e\COMCTL32.dll
0x00007ffeffc90000 - 0x00007ffeffd2e000 	C:\Windows\System32\msvcrt.dll
0x00007fff00ff0000 - 0x00007fff01020000 	C:\Windows\System32\IMM32.DLL
0x00007ffef58f0000 - 0x00007ffef58fc000 	c:\Users\Junior\.vscode\extensions\redhat.java-1.9.0-win32-x64\jre\17.0.3-win32-x86_64\bin\vcruntime140_1.dll
0x00007ffec1b70000 - 0x00007ffec1c01000 	c:\Users\Junior\.vscode\extensions\redhat.java-1.9.0-win32-x64\jre\17.0.3-win32-x86_64\bin\msvcp140.dll
0x00007ffec0810000 - 0x00007ffec1458000 	c:\Users\Junior\.vscode\extensions\redhat.java-1.9.0-win32-x64\jre\17.0.3-win32-x86_64\bin\server\jvm.dll
0x00007fff00220000 - 0x00007fff002cc000 	C:\Windows\System32\ADVAPI32.dll
0x00007fff00da0000 - 0x00007fff00e3b000 	C:\Windows\System32\sechost.dll
0x00007fff00c70000 - 0x00007fff00d9a000 	C:\Windows\System32\RPCRT4.dll
0x00007fff011d0000 - 0x00007fff011d8000 	C:\Windows\System32\PSAPI.DLL
0x00007ffedf780000 - 0x00007ffedf7a7000 	C:\Windows\SYSTEM32\WINMM.dll
0x00007ffe5fae0000 - 0x00007ffe5fae9000 	C:\Windows\SYSTEM32\WSOCK32.dll
0x00007ffef3f90000 - 0x00007ffef3f9a000 	C:\Windows\SYSTEM32\VERSION.dll
0x00007ffeffd30000 - 0x00007ffeffd9b000 	C:\Windows\System32\WS2_32.dll
0x00007ffefd3f0000 - 0x00007ffefd402000 	C:\Windows\SYSTEM32\kernel.appcore.dll
0x00007ffef35a0000 - 0x00007ffef35aa000 	c:\Users\Junior\.vscode\extensions\redhat.java-1.9.0-win32-x64\jre\17.0.3-win32-x86_64\bin\jimage.dll
0x00007ffefc980000 - 0x00007ffefcb64000 	C:\Windows\SYSTEM32\DBGHELP.DLL
0x00007ffed5240000 - 0x00007ffed526c000 	C:\Windows\SYSTEM32\dbgcore.DLL
0x00007ffefeba0000 - 0x00007ffefec23000 	C:\Windows\System32\bcryptPrimitives.dll
0x00007ffef1910000 - 0x00007ffef191e000 	c:\Users\Junior\.vscode\extensions\redhat.java-1.9.0-win32-x64\jre\17.0.3-win32-x86_64\bin\instrument.dll
0x00007ffee6220000 - 0x00007ffee6245000 	c:\Users\Junior\.vscode\extensions\redhat.java-1.9.0-win32-x64\jre\17.0.3-win32-x86_64\bin\java.dll
0x00007ffee6270000 - 0x00007ffee6288000 	c:\Users\Junior\.vscode\extensions\redhat.java-1.9.0-win32-x64\jre\17.0.3-win32-x86_64\bin\zip.dll
0x00007fff00480000 - 0x00007fff00bbf000 	C:\Windows\System32\SHELL32.dll
0x00007ffefcc50000 - 0x00007ffefd3e0000 	C:\Windows\SYSTEM32\windows.storage.dll
0x00007ffeff680000 - 0x00007ffeff9d5000 	C:\Windows\System32\combase.dll
0x00007ffefe530000 - 0x00007ffefe55c000 	C:\Windows\SYSTEM32\Wldp.dll
0x00007fff01380000 - 0x00007fff0142e000 	C:\Windows\System32\SHCORE.dll
0x00007fff01020000 - 0x00007fff01075000 	C:\Windows\System32\shlwapi.dll
0x00007ffefeae0000 - 0x00007ffefeaff000 	C:\Windows\SYSTEM32\profapi.dll
0x00007ffee5b10000 - 0x00007ffee5b29000 	C:\Users\Junior\.vscode\extensions\redhat.java-1.9.0-win32-x64\jre\17.0.3-win32-x86_64\bin\net.dll
0x00007ffef0640000 - 0x00007ffef0748000 	C:\Windows\SYSTEM32\WINHTTP.dll
0x00007ffefe270000 - 0x00007ffefe2da000 	C:\Windows\system32\mswsock.dll
0x00007ffee1cf0000 - 0x00007ffee1d05000 	C:\Users\Junior\.vscode\extensions\redhat.java-1.9.0-win32-x64\jre\17.0.3-win32-x86_64\bin\nio.dll
0x00007ffeeba20000 - 0x00007ffeeba30000 	c:\Users\Junior\.vscode\extensions\redhat.java-1.9.0-win32-x64\jre\17.0.3-win32-x86_64\bin\verify.dll
0x00007ffed4f30000 - 0x00007ffed4f6e000 	C:\Users\Junior\AppData\Roaming\Code\User\globalStorage\redhat.java\1.9.0\config_win\org.eclipse.equinox.launcher\org.eclipse.equinox.launcher.win32.win32.x86_64_1.2.500.v20220509-0833\eclipse_11700.dll
0x00007ffeff550000 - 0x00007ffeff67a000 	C:\Windows\System32\ole32.dll
0x00007ffefe490000 - 0x00007ffefe4a8000 	C:\Windows\SYSTEM32\CRYPTSP.dll
0x00007ffefdbd0000 - 0x00007ffefdc04000 	C:\Windows\system32\rsaenh.dll
0x00007ffeff160000 - 0x00007ffeff187000 	C:\Windows\System32\bcrypt.dll
0x00007ffefeaa0000 - 0x00007ffefeace000 	C:\Windows\SYSTEM32\USERENV.dll
0x00007ffefe480000 - 0x00007ffefe48c000 	C:\Windows\SYSTEM32\CRYPTBASE.dll
0x00007ffefdf50000 - 0x00007ffefdf8b000 	C:\Windows\SYSTEM32\IPHLPAPI.DLL
0x00007fff00470000 - 0x00007fff00478000 	C:\Windows\System32\NSI.dll
0x00007ffef0d60000 - 0x00007ffef0d77000 	C:\Windows\SYSTEM32\dhcpcsvc6.DLL
0x00007ffef1740000 - 0x00007ffef175d000 	C:\Windows\SYSTEM32\dhcpcsvc.DLL
0x00007ffefdf90000 - 0x00007ffefe05c000 	C:\Windows\SYSTEM32\DNSAPI.dll
0x00007ffeda900000 - 0x00007ffeda944000 	C:\Users\Junior\AppData\Local\Temp\jna--2064976695\jna5573640144027579520.dll
0x00007ffeeae00000 - 0x00007ffeeae0e000 	C:\Users\Junior\.vscode\extensions\redhat.java-1.9.0-win32-x64\jre\17.0.3-win32-x86_64\bin\sunmscapi.dll
0x00007ffefec30000 - 0x00007ffefed8f000 	C:\Windows\System32\CRYPT32.dll
0x00007ffefe5a0000 - 0x00007ffefe5c7000 	C:\Windows\SYSTEM32\ncrypt.dll
0x00007ffefe560000 - 0x00007ffefe59b000 	C:\Windows\SYSTEM32\NTASN1.dll
0x00007ffef34d0000 - 0x00007ffef34da000 	C:\Windows\System32\rasadhlp.dll
0x00007ffeea440000 - 0x00007ffeea4bf000 	C:\Windows\System32\fwpuclnt.dll

dbghelp: loaded successfully - version: 4.0.5 - missing functions: none
symbol engine: initialized successfully - sym options: 0x614 - pdb path: .;c:\Users\Junior\.vscode\extensions\redhat.java-1.9.0-win32-x64\jre\17.0.3-win32-x86_64\bin;C:\Windows\SYSTEM32;C:\Windows\WinSxS\amd64_microsoft.windows.common-controls_6595b64144ccf1df_6.0.19041.1110_none_60b5254171f9507e;c:\Users\Junior\.vscode\extensions\redhat.java-1.9.0-win32-x64\jre\17.0.3-win32-x86_64\bin\server;C:\Users\Junior\AppData\Roaming\Code\User\globalStorage\redhat.java\1.9.0\config_win\org.eclipse.equinox.launcher\org.eclipse.equinox.launcher.win32.win32.x86_64_1.2.500.v20220509-0833;C:\Users\Junior\AppData\Local\Temp\jna--2064976695

VM Arguments:
jvm_args: --add-modules=ALL-SYSTEM --add-opens=java.base/java.util=ALL-UNNAMED --add-opens=java.base/java.lang=ALL-UNNAMED --add-opens=java.base/sun.nio.fs=ALL-UNNAMED -Declipse.application=org.eclipse.jdt.ls.core.id1 -Dosgi.bundles.defaultStartLevel=4 -Declipse.product=org.eclipse.jdt.ls.core.product -Djava.import.generatesMetadataFilesAtProjectRoot=false -Dfile.encoding=utf8 -DwatchParentProcess=false -XX:+UseParallelGC -XX:GCTimeRatio=4 -XX:AdaptiveSizePolicyWeight=90 -Dsun.zip.disableMemoryMapping=true -Xmx1G -Xms100m -javaagent:c:\Users\Junior\.vscode\extensions\redhat.java-1.9.0-win32-x64\lombok\lombok-1.18.24.jar -XX:+HeapDumpOnOutOfMemoryError -XX:HeapDumpPath=c:\Users\Junior\AppData\Roaming\Code\User\workspaceStorage\ffbdc5b72c2d63b49f3b4a6e00aa7888\redhat.java 
java_command: c:\Users\Junior\.vscode\extensions\redhat.java-1.9.0-win32-x64\server\plugins\org.eclipse.equinox.launcher_1.6.400.v20210924-0641.jar -configuration c:\Users\Junior\AppData\Roaming\Code\User\globalStorage\redhat.java\1.9.0\config_win -data c:\Users\Junior\AppData\Roaming\Code\User\workspaceStorage\ffbdc5b72c2d63b49f3b4a6e00aa7888\redhat.java\jdt_ws
java_class_path (initial): c:\Users\Junior\.vscode\extensions\redhat.java-1.9.0-win32-x64\server\plugins\org.eclipse.equinox.launcher_1.6.400.v20210924-0641.jar
Launcher Type: SUN_STANDARD

[Global flags]
    uintx AdaptiveSizePolicyWeight                 = 90                                        {product} {command line}
     intx CICompilerCount                          = 4                                         {product} {ergonomic}
    uintx GCTimeRatio                              = 4                                         {product} {command line}
     bool HeapDumpOnOutOfMemoryError               = true                                   {manageable} {command line}
    ccstr HeapDumpPath                             = c:\Users\Junior\AppData\Roaming\Code\User\workspaceStorage\ffbdc5b72c2d63b49f3b4a6e00aa7888\redhat.java         {manageable} {command line}
   size_t InitialHeapSize                          = 104857600                                 {product} {command line}
   size_t MaxHeapSize                              = 1073741824                                {product} {command line}
   size_t MaxNewSize                               = 357564416                                 {product} {ergonomic}
   size_t MinHeapDeltaBytes                        = 524288                                    {product} {ergonomic}
   size_t MinHeapSize                              = 104857600                                 {product} {command line}
   size_t NewSize                                  = 34603008                                  {product} {ergonomic}
    uintx NonNMethodCodeHeapSize                   = 5839372                                {pd product} {ergonomic}
    uintx NonProfiledCodeHeapSize                  = 122909434                              {pd product} {ergonomic}
   size_t OldSize                                  = 70254592                                  {product} {ergonomic}
    uintx ProfiledCodeHeapSize                     = 122909434                              {pd product} {ergonomic}
    uintx ReservedCodeCacheSize                    = 251658240                              {pd product} {ergonomic}
     bool SegmentedCodeCache                       = true                                      {product} {ergonomic}
   size_t SoftMaxHeapSize                          = 1073741824                             {manageable} {ergonomic}
     bool UseCompressedClassPointers               = true                           {product lp64_product} {ergonomic}
     bool UseCompressedOops                        = true                           {product lp64_product} {ergonomic}
     bool UseLargePagesIndividualAllocation        = false                                  {pd product} {ergonomic}
     bool UseParallelGC                            = true                                      {product} {command line}

Logging:
Log output configuration:
 #0: stdout all=warning uptime,level,tags
 #1: stderr all=off uptime,level,tags

Environment Variables:
JAVA_HOME=C:\Program Files\Java\jdk-15.0.2
PATH=C:\ProgramData\Oracle\Java\javapath;C:\Program Files\Common Files\Oracle\Java\javapath;C:\Program Files (x86)\Common Files\Oracle\Java\javapath;C:\Windows\system32;C:\Windows;C:\Windows\System32\Wbem;C:\Windows\System32\WindowsPowerShell\v1.0\;C:\Windows\System32\OpenSSH\;C:\Program Files (x86)\Intel\Intel(R) Management Engine Components\DAL;C:\Program Files\Intel\Intel(R) Management Engine Components\DAL;C:\Program Files\Git\cmd;C:\Program Files\Java\jdk-15.0.2\bin;C:\Program Files\dotnet\;C:\Program Files\nodejs\;C:\Users\Junior\AppData\Local\Programs\Python\Python39\Scripts\;C:\Users\Junior\AppData\Local\Programs\Python\Python39\;C:\Users\Junior\AppData\Local\Microsoft\WindowsApps;C:\Users\Junior\AppData\Local\Programs\Microsoft VS Code\bin;C:\Program Files\Salesforce CLI\bin;C:\Users\Junior\AppData\Roaming\npm
USERNAME=Junior
OS=Windows_NT
PROCESSOR_IDENTIFIER=Intel64 Family 6 Model 142 Stepping 12, GenuineIntel



---------------  S Y S T E M  ---------------

OS:
 Windows 10 , 64 bit Build 19041 (10.0.19041.1151)
OS uptime: 15 days 6:07 hours
Hyper-V role detected

CPU: total 8 (initial active 8) (4 cores per cpu, 2 threads per core) family 6 model 142 stepping 12 microcode 0xde, cx8, cmov, fxsr, ht, mmx, 3dnowpref, sse, sse2, sse3, ssse3, sse4.1, sse4.2, popcnt, lzcnt, tsc, tscinvbit, avx, avx2, aes, erms, clmul, bmi1, bmi2, adx, fma, vzeroupper, clflush, clflushopt, hv

Memory: 4k page, system-wide physical 8068M (403M free)
TotalPageFile size 32644M (AvailPageFile size 3M)
current process WorkingSet (physical memory assigned to process): 307M, peak: 307M
current process commit charge ("private bytes"): 353M, peak: 946M

vm_info: OpenJDK 64-Bit Server VM (17.0.3+7) for windows-amd64 JRE (17.0.3+7), built on Apr 19 2022 16:55:35 by "" with MS VC++ 16.7 (VS2019)

END.
