#
# There is insufficient memory for the Java Runtime Environment to continue.
# Native memory allocation (mmap) failed to map 65536 bytes for Failed to commit metaspace.
# Possible reasons:
#   The system is out of physical RAM or swap space
#   The process is running with CompressedOops enabled, and the Java Heap may be blocking the growth of the native heap
# Possible solutions:
#   Reduce memory load on the system
#   Increase physical memory or swap space
#   Check if swap backing store is full
#   Decrease Java heap size (-Xmx/-Xms)
#   Decrease number of Java threads
#   Decrease Java thread stack sizes (-Xss)
#   Set larger code cache with -XX:ReservedCodeCacheSize=
#   JVM is running with Unscaled Compressed Oops mode in which the Java heap is
#     placed in the first 4GB address space. The Java Heap base address is the
#     maximum limit for the native heap growth. Please use -XX:HeapBaseMinAddress
#     to set the Java Heap base and to place the Java Heap above 4GB virtual address.
# This output file may be truncated or incomplete.
#
#  Out of Memory Error (virtualSpaceNode.cpp:110), pid=106732, tid=117704
#
# JRE version: OpenJDK Runtime Environment Temurin-17.0.3+7 (17.0.3+7) (build 17.0.3+7)
# Java VM: OpenJDK 64-Bit Server VM Temurin-17.0.3+7 (17.0.3+7, mixed mode, tiered, compressed oops, compressed class ptrs, parallel gc, windows-amd64)
# No core dump will be written. Minidumps are not enabled by default on client versions of Windows
#

---------------  S U M M A R Y ------------

Command Line: --add-modules=ALL-SYSTEM --add-opens=java.base/java.util=ALL-UNNAMED --add-opens=java.base/java.lang=ALL-UNNAMED --add-opens=java.base/sun.nio.fs=ALL-UNNAMED -Declipse.application=org.eclipse.jdt.ls.core.id1 -Dosgi.bundles.defaultStartLevel=4 -Declipse.product=org.eclipse.jdt.ls.core.product -Djava.import.generatesMetadataFilesAtProjectRoot=false -Dfile.encoding=utf8 -DwatchParentProcess=false -XX:+UseParallelGC -XX:GCTimeRatio=4 -XX:AdaptiveSizePolicyWeight=90 -Dsun.zip.disableMemoryMapping=true -Xmx1G -Xms100m -javaagent:c:\Users\Junior\.vscode\extensions\redhat.java-1.9.0-win32-x64\lombok\lombok-1.18.24.jar c:\Users\Junior\.vscode\extensions\redhat.java-1.9.0-win32-x64\server\plugins\org.eclipse.equinox.launcher_1.6.400.v20210924-0641.jar -configuration c:\Users\Junior\AppData\Roaming\Code\User\globalStorage\redhat.java\1.9.0\config_ss_win -data c:\Users\Junior\AppData\Roaming\Code\User\workspaceStorage\ffbdc5b72c2d63b49f3b4a6e00aa7888\redhat.java\ss_ws

Host: Intel(R) Core(TM) i5-8265U CPU @ 1.60GHz, 8 cores, 7G,  Windows 10 , 64 bit Build 19041 (10.0.19041.1151)
Time: Tue Aug  2 15:42:56 2022 Hora oficial do Brasil elapsed time: 1.657168 seconds (0d 0h 0m 1s)

---------------  T H R E A D  ---------------

Current thread (0x00000221f61901e0):  JavaThread "main" [_thread_in_vm, id=117704, stack(0x0000002da8800000,0x0000002da8900000)]

Stack: [0x0000002da8800000,0x0000002da8900000]
Native frames: (J=compiled Java code, j=interpreted, Vv=VM code, C=native code)
V  [jvm.dll+0x675efa]
V  [jvm.dll+0x830a24]
V  [jvm.dll+0x8321ce]
V  [jvm.dll+0x832833]
V  [jvm.dll+0x2454b5]
V  [jvm.dll+0x82c9cb]
V  [jvm.dll+0x61ab26]
V  [jvm.dll+0x1c046e]
V  [jvm.dll+0x61d471]
V  [jvm.dll+0x61b4c6]
V  [jvm.dll+0x625317]
V  [jvm.dll+0x1ea19b]
V  [jvm.dll+0x1ea6d5]
V  [jvm.dll+0x1eb10f]
V  [jvm.dll+0x1e05b1]
V  [jvm.dll+0x53bb80]
V  [jvm.dll+0x7aba28]
V  [jvm.dll+0x7abb14]
V  [jvm.dll+0x40c7c5]
V  [jvm.dll+0x4129b8]
C  [java.dll+0x17ec]

Java frames: (J=compiled Java code, j=interpreted, Vv=VM code)
J 1058  java.lang.ClassLoader.defineClass1(Ljava/lang/ClassLoader;Ljava/lang/String;[BIILjava/security/ProtectionDomain;Ljava/lang/String;)Ljava/lang/Class; java.base@17.0.3 (0 bytes) @ 0x0000022187b303db [0x0000022187b30320+0x00000000000000bb]
J 1062 c1 java.lang.ClassLoader.defineClass(Ljava/lang/String;[BIILjava/security/ProtectionDomain;)Ljava/lang/Class; java.base@17.0.3 (43 bytes) @ 0x0000022180778544 [0x0000022180778200+0x0000000000000344]
j  java.security.SecureClassLoader.defineClass(Ljava/lang/String;[BIILjava/security/CodeSource;)Ljava/lang/Class;+12 java.base@17.0.3
J 1281 c1 java.net.URLClassLoader.defineClass(Ljava/lang/String;Ljdk/internal/loader/Resource;)Ljava/lang/Class; java.base@17.0.3 (225 bytes) @ 0x00000221807e3874 [0x00000221807e1e40+0x0000000000001a34]
j  java.net.URLClassLoader$1.run()Ljava/lang/Class;+43 java.base@17.0.3
J 1273 c1 java.net.URLClassLoader$1.run()Ljava/lang/Object; java.base@17.0.3 (5 bytes) @ 0x00000221807e01c4 [0x00000221807e0140+0x0000000000000084]
J 1274 c1 java.security.AccessController.doPrivileged(Ljava/security/PrivilegedExceptionAction;Ljava/security/AccessControlContext;)Ljava/lang/Object; java.base@17.0.3 (26 bytes) @ 0x00000221807e06f4 [0x00000221807e0520+0x00000000000001d4]
J 1271 c1 java.net.URLClassLoader.findClass(Ljava/lang/String;)Ljava/lang/Class; java.base@17.0.3 (47 bytes) @ 0x00000221807df4ec [0x00000221807df380+0x000000000000016c]
J 901 c1 java.lang.ClassLoader.loadClass(Ljava/lang/String;Z)Ljava/lang/Class; java.base@17.0.3 (121 bytes) @ 0x000002218072565c [0x00000221807250c0+0x000000000000059c]
J 797 c1 java.lang.ClassLoader.loadClass(Ljava/lang/String;)Ljava/lang/Class; java.base@17.0.3 (7 bytes) @ 0x00000221806eb2bc [0x00000221806eb1c0+0x00000000000000fc]
v  ~StubRoutines::call_stub
j  org.eclipse.core.runtime.adaptor.EclipseStarter.makeRelative(Ljava/io/File;Ljava/io/File;)Ljava/io/File;+13
j  org.eclipse.core.runtime.adaptor.EclipseStarter.makeRelative(Ljava/net/URL;Ljava/net/URL;)Ljava/net/URL;+92
j  org.eclipse.core.runtime.adaptor.EclipseStarter.getInitialBundles([Ljava/lang/String;)[Lorg/eclipse/core/runtime/adaptor/EclipseStarter$InitialBundle;+331
j  org.eclipse.core.runtime.adaptor.EclipseStarter.loadBasicBundles()[Lorg/osgi/framework/Bundle;+69
j  org.eclipse.core.runtime.adaptor.EclipseStarter.startup([Ljava/lang/String;Ljava/lang/Runnable;)Lorg/osgi/framework/BundleContext;+153
j  org.eclipse.core.runtime.adaptor.EclipseStarter.run([Ljava/lang/String;Ljava/lang/Runnable;)Ljava/lang/Object;+21
v  ~StubRoutines::call_stub
j  jdk.internal.reflect.NativeMethodAccessorImpl.invoke0(Ljava/lang/reflect/Method;Ljava/lang/Object;[Ljava/lang/Object;)Ljava/lang/Object;+0 java.base@17.0.3
j  jdk.internal.reflect.NativeMethodAccessorImpl.invoke(Ljava/lang/Object;[Ljava/lang/Object;)Ljava/lang/Object;+133 java.base@17.0.3
j  jdk.internal.reflect.DelegatingMethodAccessorImpl.invoke(Ljava/lang/Object;[Ljava/lang/Object;)Ljava/lang/Object;+6 java.base@17.0.3
j  java.lang.reflect.Method.invoke(Ljava/lang/Object;[Ljava/lang/Object;)Ljava/lang/Object;+59 java.base@17.0.3
j  org.eclipse.equinox.launcher.Main.invokeFramework([Ljava/lang/String;[Ljava/net/URL;)V+201
j  org.eclipse.equinox.launcher.Main.basicRun([Ljava/lang/String;)V+159
j  org.eclipse.equinox.launcher.Main.run([Ljava/lang/String;)I+4
j  org.eclipse.equinox.launcher.Main.main([Ljava/lang/String;)V+10
v  ~StubRoutines::call_stub

---------------  P R O C E S S  ---------------

Threads class SMR info:
_java_thread_list=0x00000221900206e0, length=14, elements={
0x00000221f61901e0, 0x00000221fcf96ba0, 0x00000221fcf97ba0, 0x00000221ff518050,
0x00000221ff518dd0, 0x00000221ff519b50, 0x00000221ff51c6e0, 0x00000221ff51e390,
0x00000221ff521a40, 0x00000221ff522750, 0x00000221ff691eb0, 0x00000221ff7eccb0,
0x00000221ff72f0f0, 0x0000022190190040
}

Java Threads: ( => current thread )
=>0x00000221f61901e0 JavaThread "main" [_thread_in_vm, id=117704, stack(0x0000002da8800000,0x0000002da8900000)]
  0x00000221fcf96ba0 JavaThread "Reference Handler" daemon [_thread_blocked, id=60056, stack(0x0000002da8b00000,0x0000002da8c00000)]
  0x00000221fcf97ba0 JavaThread "Finalizer" daemon [_thread_blocked, id=115168, stack(0x0000002da8c00000,0x0000002da8d00000)]
  0x00000221ff518050 JavaThread "Signal Dispatcher" daemon [_thread_blocked, id=117616, stack(0x0000002da8d00000,0x0000002da8e00000)]
  0x00000221ff518dd0 JavaThread "Attach Listener" daemon [_thread_blocked, id=96824, stack(0x0000002da8e00000,0x0000002da8f00000)]
  0x00000221ff519b50 JavaThread "Service Thread" daemon [_thread_blocked, id=105284, stack(0x0000002da8f00000,0x0000002da9000000)]
  0x00000221ff51c6e0 JavaThread "Monitor Deflation Thread" daemon [_thread_blocked, id=121692, stack(0x0000002da9000000,0x0000002da9100000)]
  0x00000221ff51e390 JavaThread "C2 CompilerThread0" daemon [_thread_blocked, id=119876, stack(0x0000002da9100000,0x0000002da9200000)]
  0x00000221ff521a40 JavaThread "C1 CompilerThread0" daemon [_thread_blocked, id=113952, stack(0x0000002da9200000,0x0000002da9300000)]
  0x00000221ff522750 JavaThread "Sweeper thread" daemon [_thread_blocked, id=117436, stack(0x0000002da9300000,0x0000002da9400000)]
  0x00000221ff691eb0 JavaThread "Common-Cleaner" daemon [_thread_blocked, id=115724, stack(0x0000002da9400000,0x0000002da9500000)]
  0x00000221ff7eccb0 JavaThread "Notification Thread" daemon [_thread_blocked, id=107460, stack(0x0000002da9500000,0x0000002da9600000)]
  0x00000221ff72f0f0 JavaThread "C2 CompilerThread1" daemon [_thread_blocked, id=106180, stack(0x0000002da9700000,0x0000002da9800000)]
  0x0000022190190040 JavaThread "Active Thread: Equinox Container: 217cd044-814d-49d9-aaee-7178a8f001ce" [_thread_blocked, id=116416, stack(0x0000002da9d00000,0x0000002da9e00000)]

Other Threads:
  0x00000221fcf90120 VMThread "VM Thread" [stack: 0x0000002da8a00000,0x0000002da8b00000] [id=97268]
  0x00000221ff7f3c60 WatcherThread [stack: 0x0000002da9600000,0x0000002da9700000] [id=81260]
  0x00000221f61a33a0 GCTaskThread "GC Thread#0" [stack: 0x0000002da8900000,0x0000002da8a00000] [id=121640]
  0x000002218f35aa30 GCTaskThread "GC Thread#1" [stack: 0x0000002da9800000,0x0000002da9900000] [id=117440]
  0x000002218f35ace0 GCTaskThread "GC Thread#2" [stack: 0x0000002da9900000,0x0000002da9a00000] [id=108456]
  0x000002218f35af90 GCTaskThread "GC Thread#3" [stack: 0x0000002da9a00000,0x0000002da9b00000] [id=120256]
  0x000002218f35b240 GCTaskThread "GC Thread#4" [stack: 0x0000002da9b00000,0x0000002da9c00000] [id=116468]
  0x000002218f35b4f0 GCTaskThread "GC Thread#5" [stack: 0x0000002da9c00000,0x0000002da9d00000] [id=105028]

Threads with active compile tasks:

VM state: not at safepoint (normal execution)

VM Mutex/Monitor currently owned by a thread:  ([mutex/lock_event])
[0x00000221f6189370] Metaspace_lock - owner thread: 0x00000221f61901e0

Heap address: 0x00000000c0000000, size: 1024 MB, Compressed Oops mode: 32-bit

CDS archive(s) not mapped
Compressed class space mapped at: 0x0000000100000000-0x0000000140000000, reserved size: 1073741824
Narrow klass base: 0x0000000000000000, Narrow klass shift: 3, Narrow klass range: 0x140000000

GC Precious Log:
 CPUs: 8 total, 8 available
 Memory: 8068M
 Large Page Support: Disabled
 NUMA Support: Disabled
 Compressed Oops: Enabled (32-bit)
 Alignments: Space 512K, Generation 512K, Heap 2M
 Heap Min Capacity: 100M
 Heap Initial Capacity: 100M
 Heap Max Capacity: 1G
 Pre-touch: Disabled
 Parallel Workers: 8

Heap:
 PSYoungGen      total 29696K, used 19041K [0x00000000eab00000, 0x00000000ecc00000, 0x0000000100000000)
  eden space 25600K, 61% used [0x00000000eab00000,0x00000000eba6e3d0,0x00000000ec400000)
  from space 4096K, 79% used [0x00000000ec400000,0x00000000ec72a1b0,0x00000000ec800000)
  to   space 4096K, 0% used [0x00000000ec800000,0x00000000ec800000,0x00000000ecc00000)
 ParOldGen       total 68608K, used 16K [0x00000000c0000000, 0x00000000c4300000, 0x00000000eab00000)
  object space 68608K, 0% used [0x00000000c0000000,0x00000000c0004000,0x00000000c4300000)
 Metaspace       used 13207K, committed 13376K, reserved 1064960K
  class space    used 1315K, committed 1408K, reserved 1048576K

Card table byte_map: [0x00000221fa830000,0x00000221faa40000] _byte_map_base: 0x00000221fa230000

Marking Bits: (ParMarkBitMap*) 0x00007ffeb7af4b80
 Begin Bits: [0x00000221faba0000, 0x00000221fbba0000)
 End Bits:   [0x00000221fbba0000, 0x00000221fcba0000)

Polling page: 0x00000221f6270000

Metaspace:

Usage:
  Non-class:     11.61 MB used.
      Class:      1.28 MB used.
       Both:     12.90 MB used.

Virtual space:
  Non-class space:       16.00 MB reserved,      11.69 MB ( 73%) committed,  2 nodes.
      Class space:        1.00 GB reserved,       1.38 MB ( <1%) committed,  1 nodes.
             Both:        1.02 GB reserved,      13.06 MB (  1%) committed. 

Chunk freelists:
   Non-Class:  3.86 MB
       Class:  2.48 MB
        Both:  6.34 MB

MaxMetaspaceSize: unlimited
CompressedClassSpaceSize: 1.00 GB
Initial GC threshold: 21.00 MB
Current GC threshold: 21.00 MB
CDS: off
MetaspaceReclaimPolicy: balanced
 - commit_granule_bytes: 65536.
 - commit_granule_words: 8192.
 - virtual_space_node_default_size: 1048576.
 - enlarge_chunks_in_place: 1.
 - new_chunks_are_fully_committed: 0.
 - uncommit_free_chunks: 1.
 - use_allocation_guard: 0.
 - handle_deallocations: 1.


Internal statistics:

num_allocs_failed_limit: 0.
num_arena_births: 56.
num_arena_deaths: 0.
num_vsnodes_births: 3.
num_vsnodes_deaths: 0.
num_space_committed: 209.
num_space_uncommitted: 0.
num_chunks_returned_to_freelist: 0.
num_chunks_taken_from_freelist: 212.
num_chunk_merges: 0.
num_chunk_splits: 148.
num_chunks_enlarged: 121.
num_purges: 0.
num_inconsistent_stats: 0.

CodeHeap 'non-profiled nmethods': size=120000Kb used=536Kb max_used=536Kb free=119463Kb
 bounds [0x0000022187ad0000, 0x0000022187d40000, 0x000002218f000000]
CodeHeap 'profiled nmethods': size=120000Kb used=2562Kb max_used=2562Kb free=117437Kb
 bounds [0x00000221805a0000, 0x0000022180830000, 0x0000022187ad0000]
CodeHeap 'non-nmethods': size=5760Kb used=1154Kb max_used=1187Kb free=4605Kb
 bounds [0x0000022180000000, 0x0000022180270000, 0x00000221805a0000]
 total_blobs=1829 nmethods=1387 adapters=356
 compilation: enabled
              stopped_count=0, restarted_count=0
 full_count=0

Compilation events (20 events):
Event: 1.648 Thread 0x00000221ff521a40 1378  s    3       java.util.Hashtable::remove (133 bytes)
Event: 1.649 Thread 0x00000221ff521a40 nmethod 1378 0x000002218081bd90 code [0x000002218081bf80, 0x000002218081c6b8]
Event: 1.649 Thread 0x00000221ff521a40 1379       1       org.eclipse.osgi.internal.framework.BundleContextImpl::getBundleImpl (5 bytes)
Event: 1.649 Thread 0x00000221ff521a40 nmethod 1379 0x0000022187b53e90 code [0x0000022187b54020, 0x0000022187b540f8]
Event: 1.649 Thread 0x00000221ff521a40 1380       3       sun.net.www.protocol.jar.Handler::indexOfBangSlash (52 bytes)
Event: 1.649 Thread 0x00000221ff72f0f0 1381       4       java.util.StringTokenizer::scanToken (179 bytes)
Event: 1.649 Thread 0x00000221ff521a40 nmethod 1380 0x000002218081c910 code [0x000002218081cb80, 0x000002218081d678]
Event: 1.650 Thread 0x00000221ff521a40 1382       3       java.util.jar.JarFile::getManifest (5 bytes)
Event: 1.650 Thread 0x00000221ff521a40 nmethod 1382 0x000002218081da90 code [0x000002218081dc20, 0x000002218081dd68]
Event: 1.650 Thread 0x00000221ff521a40 1385  s    3       java.util.Hashtable::containsKey (65 bytes)
Event: 1.651 Thread 0x00000221ff521a40 nmethod 1385 0x000002218081de10 code [0x000002218081dfe0, 0x000002218081e518]
Event: 1.651 Thread 0x00000221ff521a40 1387       3       java.lang.Object::toString (36 bytes)
Event: 1.651 Thread 0x00000221ff521a40 nmethod 1387 0x000002218081e710 code [0x000002218081e980, 0x000002218081f1c8]
Event: 1.651 Thread 0x00000221ff521a40 1383       3       java.lang.String::encode8859_1 (7 bytes)
Event: 1.651 Thread 0x00000221ff521a40 nmethod 1383 0x000002218081f510 code [0x000002218081f6a0, 0x000002218081f7c8]
Event: 1.651 Thread 0x00000221ff521a40 1384       3       java.lang.String::encode8859_1 (158 bytes)
Event: 1.652 Thread 0x00000221ff521a40 nmethod 1384 0x000002218081f890 code [0x000002218081faa0, 0x0000022180820238]
Event: 1.652 Thread 0x00000221ff521a40 1386       3       java.util.Collections$UnmodifiableCollection::toArray (10 bytes)
Event: 1.652 Thread 0x00000221ff521a40 nmethod 1386 0x0000022180820490 code [0x0000022180820640, 0x0000022180820808]
Event: 1.655 Thread 0x00000221ff72f0f0 nmethod 1381 0x0000022187b54190 code [0x0000022187b54360, 0x0000022187b54960]

GC Heap History (2 events):
Event: 1.269 GC heap before
{Heap before GC invocations=1 (full 0):
 PSYoungGen      total 29696K, used 25600K [0x00000000eab00000, 0x00000000ecc00000, 0x0000000100000000)
  eden space 25600K, 100% used [0x00000000eab00000,0x00000000ec400000,0x00000000ec400000)
  from space 4096K, 0% used [0x00000000ec800000,0x00000000ec800000,0x00000000ecc00000)
  to   space 4096K, 0% used [0x00000000ec400000,0x00000000ec400000,0x00000000ec800000)
 ParOldGen       total 68608K, used 0K [0x00000000c0000000, 0x00000000c4300000, 0x00000000eab00000)
  object space 68608K, 0% used [0x00000000c0000000,0x00000000c0000000,0x00000000c4300000)
 Metaspace       used 10838K, committed 11008K, reserved 1064960K
  class space    used 1089K, committed 1152K, reserved 1048576K
}
Event: 1.274 GC heap after
{Heap after GC invocations=1 (full 0):
 PSYoungGen      total 29696K, used 3240K [0x00000000eab00000, 0x00000000ecc00000, 0x0000000100000000)
  eden space 25600K, 0% used [0x00000000eab00000,0x00000000eab00000,0x00000000ec400000)
  from space 4096K, 79% used [0x00000000ec400000,0x00000000ec72a1b0,0x00000000ec800000)
  to   space 4096K, 0% used [0x00000000ec800000,0x00000000ec800000,0x00000000ecc00000)
 ParOldGen       total 68608K, used 16K [0x00000000c0000000, 0x00000000c4300000, 0x00000000eab00000)
  object space 68608K, 0% used [0x00000000c0000000,0x00000000c0004000,0x00000000c4300000)
 Metaspace       used 10838K, committed 11008K, reserved 1064960K
  class space    used 1089K, committed 1152K, reserved 1048576K
}

Deoptimization events (20 events):
Event: 1.163 Thread 0x00000221f61901e0 DEOPT PACKING pc=0x0000022187b23818 sp=0x0000002da88fe4c0
Event: 1.163 Thread 0x00000221f61901e0 DEOPT UNPACKING pc=0x00000221800520a3 sp=0x0000002da88fe458 mode 2
Event: 1.255 Thread 0x00000221f61901e0 DEOPT PACKING pc=0x00000221805eb852 sp=0x0000002da88f9f90
Event: 1.255 Thread 0x00000221f61901e0 DEOPT UNPACKING pc=0x0000022180052843 sp=0x0000002da88f93f0 mode 0
Event: 1.320 Thread 0x00000221f61901e0 Uncommon trap: trap_request=0xffffff45 fr.pc=0x0000022187b028b4 relative=0x0000000000000c94
Event: 1.320 Thread 0x00000221f61901e0 Uncommon trap: reason=unstable_if action=reinterpret pc=0x0000022187b028b4 method=lombok.patcher.PatchScript.classMatches(Ljava/lang/String;Ljava/util/Collection;)Z @ 25 c2
Event: 1.320 Thread 0x00000221f61901e0 DEOPT PACKING pc=0x0000022187b028b4 sp=0x0000002da88f87a0
Event: 1.320 Thread 0x00000221f61901e0 DEOPT UNPACKING pc=0x00000221800520a3 sp=0x0000002da88f8708 mode 2
Event: 1.498 Thread 0x00000221f61901e0 Uncommon trap: trap_request=0xffffff45 fr.pc=0x0000022187b14204 relative=0x00000000000002c4
Event: 1.498 Thread 0x00000221f61901e0 Uncommon trap: reason=unstable_if action=reinterpret pc=0x0000022187b14204 method=java.lang.invoke.VarHandle.checkExactAccessMode(Ljava/lang/invoke/VarHandle$AccessDescriptor;)V @ 4 c2
Event: 1.498 Thread 0x00000221f61901e0 DEOPT PACKING pc=0x0000022187b14204 sp=0x0000002da88fe620
Event: 1.498 Thread 0x00000221f61901e0 DEOPT UNPACKING pc=0x00000221800520a3 sp=0x0000002da88fe5f0 mode 2
Event: 1.588 Thread 0x00000221f61901e0 Uncommon trap: trap_request=0xffffffde fr.pc=0x0000022187b32900 relative=0x0000000000000940
Event: 1.588 Thread 0x00000221f61901e0 Uncommon trap: reason=class_check action=maybe_recompile pc=0x0000022187b32900 method=java.util.HashMap.putVal(ILjava/lang/Object;Ljava/lang/Object;ZZ)Ljava/lang/Object; @ 253 c2
Event: 1.588 Thread 0x00000221f61901e0 DEOPT PACKING pc=0x0000022187b32900 sp=0x0000002da88fe0b0
Event: 1.588 Thread 0x00000221f61901e0 DEOPT UNPACKING pc=0x00000221800520a3 sp=0x0000002da88fe030 mode 2
Event: 1.591 Thread 0x00000221f61901e0 Uncommon trap: trap_request=0xffffffde fr.pc=0x0000022187b32900 relative=0x0000000000000940
Event: 1.591 Thread 0x00000221f61901e0 Uncommon trap: reason=class_check action=maybe_recompile pc=0x0000022187b32900 method=java.util.HashMap.putVal(ILjava/lang/Object;Ljava/lang/Object;ZZ)Ljava/lang/Object; @ 253 c2
Event: 1.591 Thread 0x00000221f61901e0 DEOPT PACKING pc=0x0000022187b32900 sp=0x0000002da88fe0b0
Event: 1.591 Thread 0x00000221f61901e0 DEOPT UNPACKING pc=0x00000221800520a3 sp=0x0000002da88fe030 mode 2

Classes unloaded (0 events):
No events

Classes redefined (0 events):
No events

Internal exceptions (20 events):
Event: 0.827 Thread 0x00000221f61901e0 Exception <a 'java/io/FileNotFoundException'{0x00000000eb730a00}> (0x00000000eb730a00) 
thrown [e:\jenkins\tmp\workspace\build\src\src\hotspot\share\prims\jni.cpp, line 516]
Event: 0.827 Thread 0x00000221f61901e0 Exception <a 'java/io/FileNotFoundException'{0x00000000eb7316f8}> (0x00000000eb7316f8) 
thrown [e:\jenkins\tmp\workspace\build\src\src\hotspot\share\prims\jni.cpp, line 516]
Event: 0.845 Thread 0x00000221f61901e0 Implicit null exception at 0x0000022187af1072 to 0x0000022187af15c0
Event: 0.850 Thread 0x00000221f61901e0 Exception <a 'java/io/FileNotFoundException'{0x00000000eb7709a8}> (0x00000000eb7709a8) 
thrown [e:\jenkins\tmp\workspace\build\src\src\hotspot\share\prims\jni.cpp, line 516]
Event: 1.112 Thread 0x00000221f61901e0 Exception <a 'java/lang/ClassNotFoundException'{0x00000000ebf66db0}: sun/net/www/protocol/c/Handler> (0x00000000ebf66db0) 
thrown [e:\jenkins\tmp\workspace\build\src\src\hotspot\share\classfile\systemDictionary.cpp, line 256]
Event: 1.113 Thread 0x00000221f61901e0 Exception <a 'java/lang/ClassNotFoundException'{0x00000000ebf68108}: sun/net/www/protocol/c/Handler> (0x00000000ebf68108) 
thrown [e:\jenkins\tmp\workspace\build\src\src\hotspot\share\classfile\systemDictionary.cpp, line 256]
Event: 1.113 Thread 0x00000221f61901e0 Exception <a 'java/lang/ClassNotFoundException'{0x00000000ebf692a8}: sun/net/www/protocol/c/Handler> (0x00000000ebf692a8) 
thrown [e:\jenkins\tmp\workspace\build\src\src\hotspot\share\classfile\systemDictionary.cpp, line 256]
Event: 1.120 Thread 0x00000221f61901e0 Exception <a 'java/io/FileNotFoundException'{0x00000000ebf87ef0}> (0x00000000ebf87ef0) 
thrown [e:\jenkins\tmp\workspace\build\src\src\hotspot\share\prims\jni.cpp, line 516]
Event: 1.163 Thread 0x00000221f61901e0 Implicit null exception at 0x0000022187b24500 to 0x0000022187b24f78
Event: 1.163 Thread 0x00000221f61901e0 Implicit null exception at 0x0000022187b1fe6c to 0x0000022187b20054
Event: 1.163 Thread 0x00000221f61901e0 Implicit null exception at 0x0000022187b1f7ec to 0x0000022187b1f9d8
Event: 1.163 Thread 0x00000221f61901e0 Implicit null exception at 0x0000022187b2378f to 0x0000022187b23809
Event: 1.219 Thread 0x00000221f61901e0 Exception <a 'java/lang/NoSuchMethodError'{0x00000000ec253228}: 'int java.lang.invoke.DirectMethodHandle$Holder.invokeStaticInit(java.lang.Object, java.lang.Object, java.lang.Object, java.lang.Object)'> (0x00000000ec253228) 
thrown [e:\jenkins\tmp\workspace\build\src\src\hotspot\share\interpreter\linkResolver.cpp, line 766]
Event: 1.220 Thread 0x00000221f61901e0 Exception <a 'java/lang/NoSuchMethodError'{0x00000000ec25d898}: 'java.lang.Object java.lang.invoke.DirectMethodHandle$Holder.invokeInterface(java.lang.Object, java.lang.Object)'> (0x00000000ec25d898) 
thrown [e:\jenkins\tmp\workspace\build\src\src\hotspot\share\interpreter\linkResolver.cpp, line 766]
Event: 1.220 Thread 0x00000221f61901e0 Exception <a 'java/lang/IncompatibleClassChangeError'{0x00000000ec261090}: Found class java.lang.Object, but interface was expected> (0x00000000ec261090) 
thrown [e:\jenkins\tmp\workspace\build\src\src\hotspot\share\interpreter\linkResolver.cpp, line 833]
Event: 1.221 Thread 0x00000221f61901e0 Exception <a 'java/lang/NoSuchMethodError'{0x00000000ec265588}: 'void java.lang.invoke.DirectMethodHandle$Holder.invokeStatic(java.lang.Object, java.lang.Object)'> (0x00000000ec265588) 
thrown [e:\jenkins\tmp\workspace\build\src\src\hotspot\share\interpreter\linkResolver.cpp, line 766]
Event: 1.221 Thread 0x00000221f61901e0 Exception <a 'java/lang/NoSuchMethodError'{0x00000000ec268d88}: 'void java.lang.invoke.DirectMethodHandle$Holder.invokeStaticInit(java.lang.Object, java.lang.Object)'> (0x00000000ec268d88) 
thrown [e:\jenkins\tmp\workspace\build\src\src\hotspot\share\interpreter\linkResolver.cpp, line 766]
Event: 1.222 Thread 0x00000221f61901e0 Exception <a 'java/lang/NoSuchMethodError'{0x00000000ec2701a0}: 'int java.lang.invoke.DirectMethodHandle$Holder.invokeStaticInit(java.lang.Object, java.lang.Object)'> (0x00000000ec2701a0) 
thrown [e:\jenkins\tmp\workspace\build\src\src\hotspot\share\interpreter\linkResolver.cpp, line 766]
Event: 1.260 Thread 0x00000221f61901e0 Exception <a 'java/lang/NoSuchMethodError'{0x00000000ec395990}: 'void java.lang.invoke.DirectMethodHandle$Holder.invokeSpecial(java.lang.Object, java.lang.Object, java.lang.Object)'> (0x00000000ec395990) 
thrown [e:\jenkins\tmp\workspace\build\src\src\hotspot\share\interpreter\linkResolver.cpp, line 766]
Event: 1.570 Thread 0x00000221f61901e0 Exception <a 'java/lang/NoSuchMethodError'{0x00000000eb6318e0}: 'java.lang.Object java.lang.invoke.DirectMethodHandle$Holder.newInvokeSpecial(java.lang.Object, int, java.lang.Object)'> (0x00000000eb6318e0) 
thrown [e:\jenkins\tmp\workspace\build\src\src\hotspot\share\interpreter\linkResolver.cpp, line 766]

VM Operations (20 events):
Event: 0.324 Executing VM operation: HandshakeAllThreads
Event: 0.324 Executing VM operation: HandshakeAllThreads done
Event: 0.772 Executing VM operation: HandshakeAllThreads
Event: 0.772 Executing VM operation: HandshakeAllThreads done
Event: 0.803 Executing VM operation: HandshakeAllThreads
Event: 0.803 Executing VM operation: HandshakeAllThreads done
Event: 1.091 Executing VM operation: HandshakeAllThreads
Event: 1.091 Executing VM operation: HandshakeAllThreads done
Event: 1.091 Executing VM operation: Cleanup
Event: 1.091 Executing VM operation: Cleanup done
Event: 1.269 Executing VM operation: ParallelGCFailedAllocation
Event: 1.274 Executing VM operation: ParallelGCFailedAllocation done
Event: 1.531 Executing VM operation: HandshakeAllThreads
Event: 1.531 Executing VM operation: HandshakeAllThreads done
Event: 1.532 Executing VM operation: HandshakeAllThreads
Event: 1.532 Executing VM operation: HandshakeAllThreads done
Event: 1.540 Executing VM operation: HandshakeAllThreads
Event: 1.541 Executing VM operation: HandshakeAllThreads done
Event: 1.564 Executing VM operation: HandshakeAllThreads
Event: 1.564 Executing VM operation: HandshakeAllThreads done

Events (20 events):
Event: 1.590 loading class java/util/ConcurrentModificationException
Event: 1.591 loading class java/util/ConcurrentModificationException done
Event: 1.597 loading class java/net/ContentHandlerFactory
Event: 1.597 loading class java/net/ContentHandlerFactory done
Event: 1.601 loading class java/net/ContentHandler
Event: 1.601 loading class java/net/ContentHandler done
Event: 1.622 loading class java/security/KeyStoreException
Event: 1.622 loading class java/security/KeyStoreException done
Event: 1.647 loading class java/util/LinkedList$Node
Event: 1.647 loading class java/util/LinkedList$Node done
Event: 1.647 loading class java/util/LinkedList$ListItr
Event: 1.647 loading class java/util/LinkedList$ListItr done
Event: 1.654 loading class sun/nio/fs/WindowsChannelFactory
Event: 1.654 loading class sun/nio/fs/WindowsChannelFactory done
Event: 1.654 loading class sun/nio/fs/WindowsChannelFactory$1
Event: 1.654 loading class sun/nio/fs/WindowsChannelFactory$1 done
Event: 1.654 loading class sun/nio/fs/WindowsChannelFactory$Flags
Event: 1.654 loading class sun/nio/fs/WindowsChannelFactory$Flags done
Event: 1.655 loading class sun/nio/ch/FileChannelImpl$Closer
Event: 1.655 loading class sun/nio/ch/FileChannelImpl$Closer done


Dynamic libraries:
0x00007ff7bdd30000 - 0x00007ff7bdd3e000 	c:\Users\Junior\.vscode\extensions\redhat.java-1.9.0-win32-x64\jre\17.0.3-win32-x86_64\bin\java.exe
0x00007fff01470000 - 0x00007fff01665000 	C:\Windows\SYSTEM32\ntdll.dll
0x00007fff01110000 - 0x00007fff011cd000 	C:\Windows\System32\KERNEL32.DLL
0x00007ffefee90000 - 0x00007ffeff159000 	C:\Windows\System32\KERNELBASE.dll
0x00007ffeff190000 - 0x00007ffeff290000 	C:\Windows\System32\ucrtbase.dll
0x00007ffeead50000 - 0x00007ffeead68000 	c:\Users\Junior\.vscode\extensions\redhat.java-1.9.0-win32-x64\jre\17.0.3-win32-x86_64\bin\jli.dll
0x00007fff011e0000 - 0x00007fff01380000 	C:\Windows\System32\USER32.dll
0x00007ffeff4a0000 - 0x00007ffeff4c2000 	C:\Windows\System32\win32u.dll
0x00007ffeead30000 - 0x00007ffeead49000 	c:\Users\Junior\.vscode\extensions\redhat.java-1.9.0-win32-x64\jre\17.0.3-win32-x86_64\bin\VCRUNTIME140.dll
0x00007ffee5640000 - 0x00007ffee58da000 	C:\Windows\WinSxS\amd64_microsoft.windows.common-controls_6595b64144ccf1df_6.0.19041.1110_none_60b5254171f9507e\COMCTL32.dll
0x00007fff010e0000 - 0x00007fff0110a000 	C:\Windows\System32\GDI32.dll
0x00007ffeffc90000 - 0x00007ffeffd2e000 	C:\Windows\System32\msvcrt.dll
0x00007ffeff390000 - 0x00007ffeff49b000 	C:\Windows\System32\gdi32full.dll
0x00007ffefedf0000 - 0x00007ffefee8d000 	C:\Windows\System32\msvcp_win.dll
0x00007fff00ff0000 - 0x00007fff01020000 	C:\Windows\System32\IMM32.DLL
0x00007ffef3d60000 - 0x00007ffef3d6c000 	c:\Users\Junior\.vscode\extensions\redhat.java-1.9.0-win32-x64\jre\17.0.3-win32-x86_64\bin\vcruntime140_1.dll
0x00007ffec01d0000 - 0x00007ffec0261000 	c:\Users\Junior\.vscode\extensions\redhat.java-1.9.0-win32-x64\jre\17.0.3-win32-x86_64\bin\msvcp140.dll
0x00007ffeb6f70000 - 0x00007ffeb7bb8000 	c:\Users\Junior\.vscode\extensions\redhat.java-1.9.0-win32-x64\jre\17.0.3-win32-x86_64\bin\server\jvm.dll
0x00007fff00220000 - 0x00007fff002cc000 	C:\Windows\System32\ADVAPI32.dll
0x00007fff00da0000 - 0x00007fff00e3b000 	C:\Windows\System32\sechost.dll
0x00007fff00c70000 - 0x00007fff00d9a000 	C:\Windows\System32\RPCRT4.dll
0x00007fff011d0000 - 0x00007fff011d8000 	C:\Windows\System32\PSAPI.DLL
0x00007ffedf780000 - 0x00007ffedf7a7000 	C:\Windows\SYSTEM32\WINMM.dll
0x00007ffef3f90000 - 0x00007ffef3f9a000 	C:\Windows\SYSTEM32\VERSION.dll
0x00007ffe5fae0000 - 0x00007ffe5fae9000 	C:\Windows\SYSTEM32\WSOCK32.dll
0x00007ffeffd30000 - 0x00007ffeffd9b000 	C:\Windows\System32\WS2_32.dll
0x00007ffefd3f0000 - 0x00007ffefd402000 	C:\Windows\SYSTEM32\kernel.appcore.dll
0x00007ffef3d00000 - 0x00007ffef3d0a000 	c:\Users\Junior\.vscode\extensions\redhat.java-1.9.0-win32-x64\jre\17.0.3-win32-x86_64\bin\jimage.dll
0x00007ffefc980000 - 0x00007ffefcb64000 	C:\Windows\SYSTEM32\DBGHELP.DLL
0x00007ffed5240000 - 0x00007ffed526c000 	C:\Windows\SYSTEM32\dbgcore.DLL
0x00007ffefeba0000 - 0x00007ffefec23000 	C:\Windows\System32\bcryptPrimitives.dll
0x00007ffef29b0000 - 0x00007ffef29be000 	c:\Users\Junior\.vscode\extensions\redhat.java-1.9.0-win32-x64\jre\17.0.3-win32-x86_64\bin\instrument.dll
0x00007ffee9430000 - 0x00007ffee9455000 	c:\Users\Junior\.vscode\extensions\redhat.java-1.9.0-win32-x64\jre\17.0.3-win32-x86_64\bin\java.dll
0x00007ffee9780000 - 0x00007ffee9798000 	c:\Users\Junior\.vscode\extensions\redhat.java-1.9.0-win32-x64\jre\17.0.3-win32-x86_64\bin\zip.dll
0x00007fff00480000 - 0x00007fff00bbf000 	C:\Windows\System32\SHELL32.dll
0x00007ffefcc50000 - 0x00007ffefd3e0000 	C:\Windows\SYSTEM32\windows.storage.dll
0x00007ffeff680000 - 0x00007ffeff9d5000 	C:\Windows\System32\combase.dll
0x00007ffefe530000 - 0x00007ffefe55c000 	C:\Windows\SYSTEM32\Wldp.dll
0x00007fff01380000 - 0x00007fff0142e000 	C:\Windows\System32\SHCORE.dll
0x00007fff01020000 - 0x00007fff01075000 	C:\Windows\System32\shlwapi.dll
0x00007ffefeae0000 - 0x00007ffefeaff000 	C:\Windows\SYSTEM32\profapi.dll
0x00007ffeeaca0000 - 0x00007ffeeacb9000 	C:\Users\Junior\.vscode\extensions\redhat.java-1.9.0-win32-x64\jre\17.0.3-win32-x86_64\bin\net.dll
0x00007ffef0640000 - 0x00007ffef0748000 	C:\Windows\SYSTEM32\WINHTTP.dll
0x00007ffefe270000 - 0x00007ffefe2da000 	C:\Windows\system32\mswsock.dll
0x00007ffee92a0000 - 0x00007ffee92b5000 	C:\Users\Junior\.vscode\extensions\redhat.java-1.9.0-win32-x64\jre\17.0.3-win32-x86_64\bin\nio.dll
0x00007ffef1990000 - 0x00007ffef19a0000 	c:\Users\Junior\.vscode\extensions\redhat.java-1.9.0-win32-x64\jre\17.0.3-win32-x86_64\bin\verify.dll

dbghelp: loaded successfully - version: 4.0.5 - missing functions: none
symbol engine: initialized successfully - sym options: 0x614 - pdb path: .;c:\Users\Junior\.vscode\extensions\redhat.java-1.9.0-win32-x64\jre\17.0.3-win32-x86_64\bin;C:\Windows\SYSTEM32;C:\Windows\WinSxS\amd64_microsoft.windows.common-controls_6595b64144ccf1df_6.0.19041.1110_none_60b5254171f9507e;c:\Users\Junior\.vscode\extensions\redhat.java-1.9.0-win32-x64\jre\17.0.3-win32-x86_64\bin\server

VM Arguments:
jvm_args: --add-modules=ALL-SYSTEM --add-opens=java.base/java.util=ALL-UNNAMED --add-opens=java.base/java.lang=ALL-UNNAMED --add-opens=java.base/sun.nio.fs=ALL-UNNAMED -Declipse.application=org.eclipse.jdt.ls.core.id1 -Dosgi.bundles.defaultStartLevel=4 -Declipse.product=org.eclipse.jdt.ls.core.product -Djava.import.generatesMetadataFilesAtProjectRoot=false -Dfile.encoding=utf8 -DwatchParentProcess=false -XX:+UseParallelGC -XX:GCTimeRatio=4 -XX:AdaptiveSizePolicyWeight=90 -Dsun.zip.disableMemoryMapping=true -Xmx1G -Xms100m -javaagent:c:\Users\Junior\.vscode\extensions\redhat.java-1.9.0-win32-x64\lombok\lombok-1.18.24.jar 
java_command: c:\Users\Junior\.vscode\extensions\redhat.java-1.9.0-win32-x64\server\plugins\org.eclipse.equinox.launcher_1.6.400.v20210924-0641.jar -configuration c:\Users\Junior\AppData\Roaming\Code\User\globalStorage\redhat.java\1.9.0\config_ss_win -data c:\Users\Junior\AppData\Roaming\Code\User\workspaceStorage\ffbdc5b72c2d63b49f3b4a6e00aa7888\redhat.java\ss_ws
java_class_path (initial): c:\Users\Junior\.vscode\extensions\redhat.java-1.9.0-win32-x64\server\plugins\org.eclipse.equinox.launcher_1.6.400.v20210924-0641.jar
Launcher Type: SUN_STANDARD

[Global flags]
    uintx AdaptiveSizePolicyWeight                 = 90                                        {product} {command line}
     intx CICompilerCount                          = 4                                         {product} {ergonomic}
    uintx GCTimeRatio                              = 4                                         {product} {command line}
   size_t InitialHeapSize                          = 104857600                                 {product} {command line}
   size_t MaxHeapSize                              = 1073741824                                {product} {command line}
   size_t MaxNewSize                               = 357564416                                 {product} {ergonomic}
   size_t MinHeapDeltaBytes                        = 524288                                    {product} {ergonomic}
   size_t MinHeapSize                              = 104857600                                 {product} {command line}
   size_t NewSize                                  = 34603008                                  {product} {ergonomic}
    uintx NonNMethodCodeHeapSize                   = 5839372                                {pd product} {ergonomic}
    uintx NonProfiledCodeHeapSize                  = 122909434                              {pd product} {ergonomic}
   size_t OldSize                                  = 70254592                                  {product} {ergonomic}
    uintx ProfiledCodeHeapSize                     = 122909434                              {pd product} {ergonomic}
    uintx ReservedCodeCacheSize                    = 251658240                              {pd product} {ergonomic}
     bool SegmentedCodeCache                       = true                                      {product} {ergonomic}
   size_t SoftMaxHeapSize                          = 1073741824                             {manageable} {ergonomic}
     bool UseCompressedClassPointers               = true                           {product lp64_product} {ergonomic}
     bool UseCompressedOops                        = true                           {product lp64_product} {ergonomic}
     bool UseLargePagesIndividualAllocation        = false                                  {pd product} {ergonomic}
     bool UseParallelGC                            = true                                      {product} {command line}

Logging:
Log output configuration:
 #0: stdout all=warning uptime,level,tags
 #1: stderr all=off uptime,level,tags

Environment Variables:
JAVA_HOME=C:\Program Files\Java\jdk-15.0.2
PATH=C:\ProgramData\Oracle\Java\javapath;C:\Program Files\Common Files\Oracle\Java\javapath;C:\Program Files (x86)\Common Files\Oracle\Java\javapath;C:\Windows\system32;C:\Windows;C:\Windows\System32\Wbem;C:\Windows\System32\WindowsPowerShell\v1.0\;C:\Windows\System32\OpenSSH\;C:\Program Files (x86)\Intel\Intel(R) Management Engine Components\DAL;C:\Program Files\Intel\Intel(R) Management Engine Components\DAL;C:\Program Files\Git\cmd;C:\Program Files\Java\jdk-15.0.2\bin;C:\Program Files\dotnet\;C:\Program Files\nodejs\;C:\Users\Junior\AppData\Local\Programs\Python\Python39\Scripts\;C:\Users\Junior\AppData\Local\Programs\Python\Python39\;C:\Users\Junior\AppData\Local\Microsoft\WindowsApps;C:\Users\Junior\AppData\Local\Programs\Microsoft VS Code\bin;C:\Program Files\Salesforce CLI\bin;C:\Users\Junior\AppData\Roaming\npm
USERNAME=Junior
OS=Windows_NT
PROCESSOR_IDENTIFIER=Intel64 Family 6 Model 142 Stepping 12, GenuineIntel



---------------  S Y S T E M  ---------------

OS:
 Windows 10 , 64 bit Build 19041 (10.0.19041.1151)
OS uptime: 15 days 5:34 hours
Hyper-V role detected

CPU: total 8 (initial active 8) (4 cores per cpu, 2 threads per core) family 6 model 142 stepping 12 microcode 0xde, cx8, cmov, fxsr, ht, mmx, 3dnowpref, sse, sse2, sse3, ssse3, sse4.1, sse4.2, popcnt, lzcnt, tsc, tscinvbit, avx, avx2, aes, erms, clmul, bmi1, bmi2, adx, fma, vzeroupper, clflush, clflushopt, hv

Memory: 4k page, system-wide physical 8068M (388M free)
TotalPageFile size 32644M (AvailPageFile size 0M)
current process WorkingSet (physical memory assigned to process): 82M, peak: 82M
current process commit charge ("private bytes"): 204M, peak: 204M

vm_info: OpenJDK 64-Bit Server VM (17.0.3+7) for windows-amd64 JRE (17.0.3+7), built on Apr 19 2022 16:55:35 by "" with MS VC++ 16.7 (VS2019)

END.
