#
# There is insufficient memory for the Java Runtime Environment to continue.
# Native memory allocation (mmap) failed to map 65536 bytes for Failed to commit metaspace.
# Possible reasons:
#   The system is out of physical RAM or swap space
#   The process is running with CompressedOops enabled, and the Java Heap may be blocking the growth of the native heap
# Possible solutions:
#   Reduce memory load on the system
#   Increase physical memory or swap space
#   Check if swap backing store is full
#   Decrease Java heap size (-Xmx/-Xms)
#   Decrease number of Java threads
#   Decrease Java thread stack sizes (-Xss)
#   Set larger code cache with -XX:ReservedCodeCacheSize=
#   JVM is running with Unscaled Compressed Oops mode in which the Java heap is
#     placed in the first 4GB address space. The Java Heap base address is the
#     maximum limit for the native heap growth. Please use -XX:HeapBaseMinAddress
#     to set the Java Heap base and to place the Java Heap above 4GB virtual address.
# This output file may be truncated or incomplete.
#
#  Out of Memory Error (virtualSpaceNode.cpp:110), pid=54720, tid=105600
#
# JRE version: OpenJDK Runtime Environment Temurin-17.0.3+7 (17.0.3+7) (build 17.0.3+7)
# Java VM: OpenJDK 64-Bit Server VM Temurin-17.0.3+7 (17.0.3+7, mixed mode, tiered, compressed oops, compressed class ptrs, parallel gc, windows-amd64)
# No core dump will be written. Minidumps are not enabled by default on client versions of Windows
#

---------------  S U M M A R Y ------------

Command Line: --add-modules=ALL-SYSTEM --add-opens=java.base/java.util=ALL-UNNAMED --add-opens=java.base/java.lang=ALL-UNNAMED --add-opens=java.base/sun.nio.fs=ALL-UNNAMED -Declipse.application=org.eclipse.jdt.ls.core.id1 -Dosgi.bundles.defaultStartLevel=4 -Declipse.product=org.eclipse.jdt.ls.core.product -Djava.import.generatesMetadataFilesAtProjectRoot=false -Dfile.encoding=utf8 -DwatchParentProcess=false -XX:+UseParallelGC -XX:GCTimeRatio=4 -XX:AdaptiveSizePolicyWeight=90 -Dsun.zip.disableMemoryMapping=true -Xmx1G -Xms100m -javaagent:c:\Users\Junior\.vscode\extensions\redhat.java-1.9.0-win32-x64\lombok\lombok-1.18.24.jar -XX:+HeapDumpOnOutOfMemoryError -XX:HeapDumpPath=c:\Users\Junior\AppData\Roaming\Code\User\workspaceStorage\ffbdc5b72c2d63b49f3b4a6e00aa7888\redhat.java c:\Users\Junior\.vscode\extensions\redhat.java-1.9.0-win32-x64\server\plugins\org.eclipse.equinox.launcher_1.6.400.v20210924-0641.jar -configuration c:\Users\Junior\AppData\Roaming\Code\User\globalStorage\redhat.java\1.9.0\config_win -data c:\Users\Junior\AppData\Roaming\Code\User\workspaceStorage\ffbdc5b72c2d63b49f3b4a6e00aa7888\redhat.java\jdt_ws

Host: Intel(R) Core(TM) i5-8265U CPU @ 1.60GHz, 8 cores, 7G,  Windows 10 , 64 bit Build 19041 (10.0.19041.1151)
Time: Tue Aug  2 11:30:28 2022 Hora oficial do Brasil elapsed time: 0.918859 seconds (0d 0h 0m 0s)

---------------  T H R E A D  ---------------

Current thread (0x00000273dc9a8460):  JavaThread "main" [_thread_in_vm, id=105600, stack(0x0000007864800000,0x0000007864900000)]

Stack: [0x0000007864800000,0x0000007864900000]
Native frames: (J=compiled Java code, j=interpreted, Vv=VM code, C=native code)
V  [jvm.dll+0x675efa]
V  [jvm.dll+0x830a24]
V  [jvm.dll+0x8321ce]
V  [jvm.dll+0x832833]
V  [jvm.dll+0x2454b5]
V  [jvm.dll+0x82c9cb]
V  [jvm.dll+0x61ab26]
V  [jvm.dll+0x61ab8a]
V  [jvm.dll+0x61d3aa]
V  [jvm.dll+0x61b4c6]
V  [jvm.dll+0x62c2b9]
V  [jvm.dll+0x6255e4]
V  [jvm.dll+0x37f5c1]
C  0x00000273df63c6fe

Java frames: (J=compiled Java code, j=interpreted, Vv=VM code)
j  jdk.internal.math.FloatingDecimal$ASCIIToBinaryBuffer.doubleValue()D+0 java.base@17.0.3
j  jdk.internal.math.FloatingDecimal.parseDouble(Ljava/lang/String;)D+4 java.base@17.0.3
j  java.lang.Double.parseDouble(Ljava/lang/String;)D+1 java.base@17.0.3
j  java.security.Provider.parseVersionStr(Ljava/lang/String;)D+66 java.base@17.0.3
j  java.security.Provider.<init>(Ljava/lang/String;Ljava/lang/String;Ljava/lang/String;)V+26 java.base@17.0.3
j  sun.security.jca.ProviderList$1.<init>(Ljava/lang/String;Ljava/lang/String;Ljava/lang/String;)V+4 java.base@17.0.3
j  sun.security.jca.ProviderList.<clinit>()V+57 java.base@17.0.3
v  ~StubRoutines::call_stub
j  sun.security.jca.Providers.<clinit>()V+10 java.base@17.0.3
v  ~StubRoutines::call_stub
j  sun.security.util.SignatureFileVerifier.<init>(Ljava/util/ArrayList;Lsun/security/util/ManifestDigester;Ljava/lang/String;[B)V+28 java.base@17.0.3
j  java.util.jar.JarVerifier.processEntry(Lsun/security/util/ManifestEntryVerifier;)V+318 java.base@17.0.3
j  java.util.jar.JarVerifier.update(I[BIILsun/security/util/ManifestEntryVerifier;)V+39 java.base@17.0.3
j  java.util.jar.JarFile.initializeVerifier()V+163 java.base@17.0.3
j  java.util.jar.JarFile.ensureInitialization()V+41 java.base@17.0.3
j  java.util.jar.JavaUtilJarAccessImpl.ensureInitialization(Ljava/util/jar/JarFile;)V+1 java.base@17.0.3
j  jdk.internal.loader.URLClassPath$JarLoader$2.getManifest()Ljava/util/jar/Manifest;+10 java.base@17.0.3
j  jdk.internal.loader.BuiltinClassLoader.defineClass(Ljava/lang/String;Ljdk/internal/loader/Resource;)Ljava/lang/Class;+29 java.base@17.0.3
j  jdk.internal.loader.BuiltinClassLoader.findClassOnClassPathOrNull(Ljava/lang/String;)Ljava/lang/Class;+37 java.base@17.0.3
j  jdk.internal.loader.BuiltinClassLoader.loadClassOrNull(Ljava/lang/String;Z)Ljava/lang/Class;+111 java.base@17.0.3
j  jdk.internal.loader.BuiltinClassLoader.loadClass(Ljava/lang/String;Z)Ljava/lang/Class;+3 java.base@17.0.3
j  jdk.internal.loader.ClassLoaders$AppClassLoader.loadClass(Ljava/lang/String;Z)Ljava/lang/Class;+36 java.base@17.0.3
j  java.lang.ClassLoader.loadClass(Ljava/lang/String;)Ljava/lang/Class;+3 java.base@17.0.3
v  ~StubRoutines::call_stub
j  java.lang.Class.forName0(Ljava/lang/String;ZLjava/lang/ClassLoader;Ljava/lang/Class;)Ljava/lang/Class;+0 java.base@17.0.3
j  java.lang.Class.forName(Ljava/lang/String;ZLjava/lang/ClassLoader;)Ljava/lang/Class;+43 java.base@17.0.3
j  sun.launcher.LauncherHelper.loadMainClass(ILjava/lang/String;)Ljava/lang/Class;+95 java.base@17.0.3
j  sun.launcher.LauncherHelper.checkAndLoadMain(ZILjava/lang/String;)Ljava/lang/Class;+42 java.base@17.0.3
v  ~StubRoutines::call_stub

---------------  P R O C E S S  ---------------

Threads class SMR info:
_java_thread_list=0x00000273f30ca370, length=12, elements={
0x00000273dc9a8460, 0x00000273f0827260, 0x00000273f0827fe0, 0x00000273f2dc5150,
0x00000273f2dc5ed0, 0x00000273f2dc8b60, 0x00000273f2dcad30, 0x00000273f2dce2c0,
0x00000273f2dda6c0, 0x00000273f2ddcf10, 0x00000273f2eaa020, 0x00000273f30d0180
}

Java Threads: ( => current thread )
=>0x00000273dc9a8460 JavaThread "main" [_thread_in_vm, id=105600, stack(0x0000007864800000,0x0000007864900000)]
  0x00000273f0827260 JavaThread "Reference Handler" daemon [_thread_blocked, id=112636, stack(0x0000007864b00000,0x0000007864c00000)]
  0x00000273f0827fe0 JavaThread "Finalizer" daemon [_thread_blocked, id=111696, stack(0x0000007864c00000,0x0000007864d00000)]
  0x00000273f2dc5150 JavaThread "Signal Dispatcher" daemon [_thread_blocked, id=118776, stack(0x0000007864d00000,0x0000007864e00000)]
  0x00000273f2dc5ed0 JavaThread "Attach Listener" daemon [_thread_blocked, id=117680, stack(0x0000007864e00000,0x0000007864f00000)]
  0x00000273f2dc8b60 JavaThread "Service Thread" daemon [_thread_blocked, id=119376, stack(0x0000007864f00000,0x0000007865000000)]
  0x00000273f2dcad30 JavaThread "Monitor Deflation Thread" daemon [_thread_blocked, id=115556, stack(0x0000007865000000,0x0000007865100000)]
  0x00000273f2dce2c0 JavaThread "C2 CompilerThread0" daemon [_thread_blocked, id=101368, stack(0x0000007865100000,0x0000007865200000)]
  0x00000273f2dda6c0 JavaThread "C1 CompilerThread0" daemon [_thread_blocked, id=121976, stack(0x0000007865200000,0x0000007865300000)]
  0x00000273f2ddcf10 JavaThread "Sweeper thread" daemon [_thread_blocked, id=96976, stack(0x0000007865300000,0x0000007865400000)]
  0x00000273f2eaa020 JavaThread "Common-Cleaner" daemon [_thread_blocked, id=115756, stack(0x0000007865400000,0x0000007865500000)]
  0x00000273f30d0180 JavaThread "Notification Thread" daemon [_thread_blocked, id=97008, stack(0x0000007865500000,0x0000007865600000)]

Other Threads:
  0x00000273f081f6d0 VMThread "VM Thread" [stack: 0x0000007864a00000,0x0000007864b00000] [id=104588]
  0x00000273f30d0650 WatcherThread [stack: 0x0000007865600000,0x0000007865700000] [id=112268]
  0x00000273dc9be230 GCTaskThread "GC Thread#0" [stack: 0x0000007864900000,0x0000007864a00000] [id=112560]

Threads with active compile tasks:

VM state: not at safepoint (normal execution)

VM Mutex/Monitor currently owned by a thread:  ([mutex/lock_event])
[0x00000273dc9a1c40] Metaspace_lock - owner thread: 0x00000273dc9a8460

Heap address: 0x00000000c0000000, size: 1024 MB, Compressed Oops mode: 32-bit

CDS archive(s) not mapped
Compressed class space mapped at: 0x0000000100000000-0x0000000140000000, reserved size: 1073741824
Narrow klass base: 0x0000000000000000, Narrow klass shift: 3, Narrow klass range: 0x140000000

GC Precious Log:
 CPUs: 8 total, 8 available
 Memory: 8068M
 Large Page Support: Disabled
 NUMA Support: Disabled
 Compressed Oops: Enabled (32-bit)
 Alignments: Space 512K, Generation 512K, Heap 2M
 Heap Min Capacity: 100M
 Heap Initial Capacity: 100M
 Heap Max Capacity: 1G
 Pre-touch: Disabled
 Parallel Workers: 8

Heap:
 PSYoungGen      total 29696K, used 7776K [0x00000000eab00000, 0x00000000ecc00000, 0x0000000100000000)
  eden space 25600K, 30% used [0x00000000eab00000,0x00000000eb2981a0,0x00000000ec400000)
  from space 4096K, 0% used [0x00000000ec800000,0x00000000ec800000,0x00000000ecc00000)
  to   space 4096K, 0% used [0x00000000ec400000,0x00000000ec400000,0x00000000ec800000)
 ParOldGen       total 68608K, used 0K [0x00000000c0000000, 0x00000000c4300000, 0x00000000eab00000)
  object space 68608K, 0% used [0x00000000c0000000,0x00000000c0000000,0x00000000c4300000)
 Metaspace       used 6423K, committed 6528K, reserved 1056768K
  class space    used 629K, committed 704K, reserved 1048576K

Card table byte_map: [0x00000273dc380000,0x00000273dc590000] _byte_map_base: 0x00000273dbd80000

Marking Bits: (ParMarkBitMap*) 0x00007ffeb6b34b80
 Begin Bits: [0x00000273ee630000, 0x00000273ef630000)
 End Bits:   [0x00000273ef630000, 0x00000273f0630000)

Polling page: 0x00000273da9c0000

Metaspace:

Usage:
  Non-class:      5.66 MB used.
      Class:    629.28 KB used.
       Both:      6.27 MB used.

Virtual space:
  Non-class space:        8.00 MB reserved,       5.69 MB ( 71%) committed,  1 nodes.
      Class space:        1.00 GB reserved,     704.00 KB ( <1%) committed,  1 nodes.
             Both:        1.01 GB reserved,       6.38 MB ( <1%) committed. 

Chunk freelists:
   Non-Class:  2.27 MB
       Class:  3.22 MB
        Both:  5.48 MB

MaxMetaspaceSize: unlimited
CompressedClassSpaceSize: 1.00 GB
Initial GC threshold: 21.00 MB
Current GC threshold: 21.00 MB
CDS: off
MetaspaceReclaimPolicy: balanced
 - commit_granule_bytes: 65536.
 - commit_granule_words: 8192.
 - virtual_space_node_default_size: 1048576.
 - enlarge_chunks_in_place: 1.
 - new_chunks_are_fully_committed: 0.
 - uncommit_free_chunks: 1.
 - use_allocation_guard: 0.
 - handle_deallocations: 1.


Internal statistics:

num_allocs_failed_limit: 0.
num_arena_births: 10.
num_arena_deaths: 0.
num_vsnodes_births: 2.
num_vsnodes_deaths: 0.
num_space_committed: 102.
num_space_uncommitted: 0.
num_chunks_returned_to_freelist: 0.
num_chunks_taken_from_freelist: 34.
num_chunk_merges: 0.
num_chunk_splits: 19.
num_chunks_enlarged: 16.
num_purges: 0.
num_inconsistent_stats: 0.

CodeHeap 'non-profiled nmethods': size=120000Kb used=108Kb max_used=108Kb free=119891Kb
 bounds [0x00000273e7100000, 0x00000273e7370000, 0x00000273ee630000]
CodeHeap 'profiled nmethods': size=120000Kb used=516Kb max_used=516Kb free=119483Kb
 bounds [0x00000273dfbd0000, 0x00000273dfe40000, 0x00000273e7100000]
CodeHeap 'non-nmethods': size=5760Kb used=1100Kb max_used=1113Kb free=4659Kb
 bounds [0x00000273df630000, 0x00000273df8a0000, 0x00000273dfbd0000]
 total_blobs=773 nmethods=393 adapters=295
 compilation: enabled
              stopped_count=0, restarted_count=0
 full_count=0

Compilation events (20 events):
Event: 0.907 Thread 0x00000273f2dda6c0 nmethod 380 0x00000273e711a190 code [0x00000273e711a320, 0x00000273e711a3d8]
Event: 0.909 Thread 0x00000273f2dda6c0  386       1       java.util.LinkedHashMap::removeEldestEntry (2 bytes)
Event: 0.909 Thread 0x00000273f2dda6c0 nmethod 386 0x00000273e711a490 code [0x00000273e711a620, 0x00000273e711a6f8]
Event: 0.909 Thread 0x00000273f2dda6c0  387       3       java.util.jar.Manifest$FastInputStream::readLine (296 bytes)
Event: 0.910 Thread 0x00000273f2dda6c0 nmethod 387 0x00000273dfc4c890 code [0x00000273dfc4cac0, 0x00000273dfc4d3c8]
Event: 0.910 Thread 0x00000273f2dda6c0  389       3       lombok.patcher.PatchScript::classMatches (41 bytes)
Event: 0.910 Thread 0x00000273f2dda6c0 nmethod 389 0x00000273dfc4d710 code [0x00000273dfc4d920, 0x00000273dfc4df68]
Event: 0.910 Thread 0x00000273f2dda6c0  388       3       lombok.patcher.scripts.MethodLevelPatchScript::patch (21 bytes)
Event: 0.910 Thread 0x00000273f2dda6c0 nmethod 388 0x00000273dfc4e190 code [0x00000273dfc4e340, 0x00000273dfc4e5b8]
Event: 0.910 Thread 0x00000273f2dda6c0  390       3       java.util.Collections$UnmodifiableCollection::iterator (9 bytes)
Event: 0.910 Thread 0x00000273f2dda6c0 nmethod 390 0x00000273dfc4e690 code [0x00000273dfc4e840, 0x00000273dfc4eb68]
Event: 0.910 Thread 0x00000273f2dda6c0  391       3       java.util.Collections$UnmodifiableCollection$1::<init> (26 bytes)
Event: 0.911 Thread 0x00000273f2dda6c0 nmethod 391 0x00000273dfc4ec90 code [0x00000273dfc4ee40, 0x00000273dfc4f0a8]
Event: 0.912 Thread 0x00000273f2dda6c0  392       3       java.lang.Class::getPackageName (81 bytes)
Event: 0.913 Thread 0x00000273f2dda6c0 nmethod 392 0x00000273dfc4f210 code [0x00000273dfc4f4a0, 0x00000273dfc4ff08]
Event: 0.913 Thread 0x00000273f2dda6c0  393       3       java.lang.invoke.MethodType::equals (56 bytes)
Event: 0.914 Thread 0x00000273f2dda6c0 nmethod 393 0x00000273dfc50310 code [0x00000273dfc50540, 0x00000273dfc51038]
Event: 0.914 Thread 0x00000273f2dce2c0 nmethod 378 0x00000273e711a790 code [0x00000273e711a940, 0x00000273e711ade8]
Event: 0.914 Thread 0x00000273f2dce2c0  381       4       java.lang.String::toString (2 bytes)
Event: 0.915 Thread 0x00000273f2dce2c0 nmethod 381 0x00000273e711b090 code [0x00000273e711b200, 0x00000273e711b278]

GC Heap History (0 events):
No events

Deoptimization events (14 events):
Event: 0.904 Thread 0x00000273dc9a8460 DEOPT PACKING pc=0x00000273dfbe9113 sp=0x00000078648fe3a0
Event: 0.904 Thread 0x00000273dc9a8460 DEOPT UNPACKING pc=0x00000273df682843 sp=0x00000078648fd860 mode 0
Event: 0.906 Thread 0x00000273dc9a8460 Uncommon trap: trap_request=0xffffff45 fr.pc=0x00000273e710ec5c relative=0x000000000000005c
Event: 0.906 Thread 0x00000273dc9a8460 Uncommon trap: reason=unstable_if action=reinterpret pc=0x00000273e710ec5c method=java.lang.String.isLatin1()Z @ 10 c2
Event: 0.906 Thread 0x00000273dc9a8460 DEOPT PACKING pc=0x00000273e710ec5c sp=0x00000078648fe670
Event: 0.906 Thread 0x00000273dc9a8460 DEOPT UNPACKING pc=0x00000273df6820a3 sp=0x00000078648fe600 mode 2
Event: 0.906 Thread 0x00000273dc9a8460 Uncommon trap: trap_request=0xffffff45 fr.pc=0x00000273e710f678 relative=0x0000000000000078
Event: 0.906 Thread 0x00000273dc9a8460 Uncommon trap: reason=unstable_if action=reinterpret pc=0x00000273e710f678 method=java.lang.String.isLatin1()Z @ 10 c2
Event: 0.906 Thread 0x00000273dc9a8460 DEOPT PACKING pc=0x00000273e710f678 sp=0x00000078648ff070
Event: 0.906 Thread 0x00000273dc9a8460 DEOPT UNPACKING pc=0x00000273df6820a3 sp=0x00000078648fefb0 mode 2
Event: 0.908 Thread 0x00000273dc9a8460 DEOPT PACKING pc=0x00000273dfbe9113 sp=0x00000078648fd9f0
Event: 0.908 Thread 0x00000273dc9a8460 DEOPT UNPACKING pc=0x00000273df682843 sp=0x00000078648fceb0 mode 0
Event: 0.912 Thread 0x00000273dc9a8460 DEOPT PACKING pc=0x00000273dfbe9113 sp=0x00000078648fcb00
Event: 0.912 Thread 0x00000273dc9a8460 DEOPT UNPACKING pc=0x00000273df682843 sp=0x00000078648fbfc0 mode 0

Classes unloaded (0 events):
No events

Classes redefined (0 events):
No events

Internal exceptions (2 events):
Event: 0.433 Thread 0x00000273dc9a8460 Exception <a 'java/lang/NoSuchMethodError'{0x00000000eacb24e8}: 'void java.lang.invoke.DirectMethodHandle$Holder.invokeStatic(java.lang.Object, java.lang.Object, java.lang.Object)'> (0x00000000eacb24e8) 
thrown [e:\jenkins\tmp\workspace\build\src\src\hotspot\share\interpreter\linkResolver.cpp, line 766]
Event: 0.810 Thread 0x00000273dc9a8460 Exception <a 'java/lang/reflect/InvocationTargetException'{0x00000000eaf79638}> (0x00000000eaf79638) 
thrown [e:\jenkins\tmp\workspace\build\src\src\hotspot\share\runtime\reflection.cpp, line 1121]

VM Operations (4 events):
Event: 0.443 Executing VM operation: HandshakeAllThreads
Event: 0.444 Executing VM operation: HandshakeAllThreads done
Event: 0.655 Executing VM operation: HandshakeAllThreads
Event: 0.655 Executing VM operation: HandshakeAllThreads done

Events (20 events):
Event: 0.915 loading class java/security/Provider$ServiceKey
Event: 0.915 loading class java/security/Provider$ServiceKey done
Event: 0.915 loading class java/security/Provider$EngineDescription
Event: 0.915 loading class java/security/Provider$EngineDescription done
Event: 0.915 loading class jdk/internal/math/FloatingDecimal
Event: 0.915 loading class jdk/internal/math/FloatingDecimal done
Event: 0.915 loading class jdk/internal/math/FloatingDecimal$ExceptionalBinaryToASCIIBuffer
Event: 0.916 loading class jdk/internal/math/FloatingDecimal$BinaryToASCIIConverter
Event: 0.916 loading class jdk/internal/math/FloatingDecimal$BinaryToASCIIConverter done
Event: 0.916 loading class jdk/internal/math/FloatingDecimal$ExceptionalBinaryToASCIIBuffer done
Event: 0.916 loading class jdk/internal/math/FloatingDecimal$BinaryToASCIIBuffer
Event: 0.916 loading class jdk/internal/math/FloatingDecimal$BinaryToASCIIBuffer done
Event: 0.916 loading class jdk/internal/math/FloatingDecimal$1
Event: 0.916 loading class jdk/internal/math/FloatingDecimal$1 done
Event: 0.916 loading class jdk/internal/math/FloatingDecimal$PreparedASCIIToBinaryBuffer
Event: 0.916 loading class jdk/internal/math/FloatingDecimal$ASCIIToBinaryConverter
Event: 0.916 loading class jdk/internal/math/FloatingDecimal$ASCIIToBinaryConverter done
Event: 0.916 loading class jdk/internal/math/FloatingDecimal$PreparedASCIIToBinaryBuffer done
Event: 0.916 loading class jdk/internal/math/FloatingDecimal$ASCIIToBinaryBuffer
Event: 0.916 loading class jdk/internal/math/FloatingDecimal$ASCIIToBinaryBuffer done


Dynamic libraries:
0x00007ff6c0a40000 - 0x00007ff6c0a4e000 	c:\Users\Junior\.vscode\extensions\redhat.java-1.9.0-win32-x64\jre\17.0.3-win32-x86_64\bin\java.exe
0x00007fff01470000 - 0x00007fff01665000 	C:\Windows\SYSTEM32\ntdll.dll
0x00007fff01110000 - 0x00007fff011cd000 	C:\Windows\System32\KERNEL32.DLL
0x00007ffefee90000 - 0x00007ffeff159000 	C:\Windows\System32\KERNELBASE.dll
0x00007ffeff190000 - 0x00007ffeff290000 	C:\Windows\System32\ucrtbase.dll
0x00007ffeead50000 - 0x00007ffeead68000 	c:\Users\Junior\.vscode\extensions\redhat.java-1.9.0-win32-x64\jre\17.0.3-win32-x86_64\bin\jli.dll
0x00007ffeeaf20000 - 0x00007ffeeaf39000 	c:\Users\Junior\.vscode\extensions\redhat.java-1.9.0-win32-x64\jre\17.0.3-win32-x86_64\bin\VCRUNTIME140.dll
0x00007fff011e0000 - 0x00007fff01380000 	C:\Windows\System32\USER32.dll
0x00007ffeff4a0000 - 0x00007ffeff4c2000 	C:\Windows\System32\win32u.dll
0x00007fff010e0000 - 0x00007fff0110a000 	C:\Windows\System32\GDI32.dll
0x00007ffeff390000 - 0x00007ffeff49b000 	C:\Windows\System32\gdi32full.dll
0x00007ffefedf0000 - 0x00007ffefee8d000 	C:\Windows\System32\msvcp_win.dll
0x00007ffee5640000 - 0x00007ffee58da000 	C:\Windows\WinSxS\amd64_microsoft.windows.common-controls_6595b64144ccf1df_6.0.19041.1110_none_60b5254171f9507e\COMCTL32.dll
0x00007ffeffc90000 - 0x00007ffeffd2e000 	C:\Windows\System32\msvcrt.dll
0x00007fff00ff0000 - 0x00007fff01020000 	C:\Windows\System32\IMM32.DLL
0x00007ffef4da0000 - 0x00007ffef4dac000 	c:\Users\Junior\.vscode\extensions\redhat.java-1.9.0-win32-x64\jre\17.0.3-win32-x86_64\bin\vcruntime140_1.dll
0x00007ffec6210000 - 0x00007ffec62a1000 	c:\Users\Junior\.vscode\extensions\redhat.java-1.9.0-win32-x64\jre\17.0.3-win32-x86_64\bin\msvcp140.dll
0x00007ffeb5fb0000 - 0x00007ffeb6bf8000 	c:\Users\Junior\.vscode\extensions\redhat.java-1.9.0-win32-x64\jre\17.0.3-win32-x86_64\bin\server\jvm.dll
0x00007fff00220000 - 0x00007fff002cc000 	C:\Windows\System32\ADVAPI32.dll
0x00007fff00da0000 - 0x00007fff00e3b000 	C:\Windows\System32\sechost.dll
0x00007fff00c70000 - 0x00007fff00d9a000 	C:\Windows\System32\RPCRT4.dll
0x00007fff011d0000 - 0x00007fff011d8000 	C:\Windows\System32\PSAPI.DLL
0x00007ffe5fae0000 - 0x00007ffe5fae9000 	C:\Windows\SYSTEM32\WSOCK32.dll
0x00007ffeffd30000 - 0x00007ffeffd9b000 	C:\Windows\System32\WS2_32.dll
0x00007ffef3f90000 - 0x00007ffef3f9a000 	C:\Windows\SYSTEM32\VERSION.dll
0x00007ffedf780000 - 0x00007ffedf7a7000 	C:\Windows\SYSTEM32\WINMM.dll
0x00007ffefd3f0000 - 0x00007ffefd402000 	C:\Windows\SYSTEM32\kernel.appcore.dll
0x00007ffef3d60000 - 0x00007ffef3d6a000 	c:\Users\Junior\.vscode\extensions\redhat.java-1.9.0-win32-x64\jre\17.0.3-win32-x86_64\bin\jimage.dll
0x00007ffefc980000 - 0x00007ffefcb64000 	C:\Windows\SYSTEM32\DBGHELP.DLL
0x00007ffed5240000 - 0x00007ffed526c000 	C:\Windows\SYSTEM32\dbgcore.DLL
0x00007ffefeba0000 - 0x00007ffefec23000 	C:\Windows\System32\bcryptPrimitives.dll
0x00007ffef3d00000 - 0x00007ffef3d0e000 	c:\Users\Junior\.vscode\extensions\redhat.java-1.9.0-win32-x64\jre\17.0.3-win32-x86_64\bin\instrument.dll
0x00007ffee9430000 - 0x00007ffee9455000 	c:\Users\Junior\.vscode\extensions\redhat.java-1.9.0-win32-x64\jre\17.0.3-win32-x86_64\bin\java.dll
0x00007ffeead30000 - 0x00007ffeead48000 	c:\Users\Junior\.vscode\extensions\redhat.java-1.9.0-win32-x64\jre\17.0.3-win32-x86_64\bin\zip.dll
0x00007fff00480000 - 0x00007fff00bbf000 	C:\Windows\System32\SHELL32.dll
0x00007ffefcc50000 - 0x00007ffefd3e0000 	C:\Windows\SYSTEM32\windows.storage.dll
0x00007ffeff680000 - 0x00007ffeff9d5000 	C:\Windows\System32\combase.dll
0x00007ffefe530000 - 0x00007ffefe55c000 	C:\Windows\SYSTEM32\Wldp.dll
0x00007fff01380000 - 0x00007fff0142e000 	C:\Windows\System32\SHCORE.dll
0x00007fff01020000 - 0x00007fff01075000 	C:\Windows\System32\shlwapi.dll
0x00007ffefeae0000 - 0x00007ffefeaff000 	C:\Windows\SYSTEM32\profapi.dll
0x00007ffeeaca0000 - 0x00007ffeeacb9000 	C:\Users\Junior\.vscode\extensions\redhat.java-1.9.0-win32-x64\jre\17.0.3-win32-x86_64\bin\net.dll
0x00007ffef0640000 - 0x00007ffef0748000 	C:\Windows\SYSTEM32\WINHTTP.dll
0x00007ffefe270000 - 0x00007ffefe2da000 	C:\Windows\system32\mswsock.dll
0x00007ffee9780000 - 0x00007ffee9795000 	C:\Users\Junior\.vscode\extensions\redhat.java-1.9.0-win32-x64\jre\17.0.3-win32-x86_64\bin\nio.dll
0x00007ffef29b0000 - 0x00007ffef29c0000 	c:\Users\Junior\.vscode\extensions\redhat.java-1.9.0-win32-x64\jre\17.0.3-win32-x86_64\bin\verify.dll

dbghelp: loaded successfully - version: 4.0.5 - missing functions: none
symbol engine: initialized successfully - sym options: 0x614 - pdb path: .;c:\Users\Junior\.vscode\extensions\redhat.java-1.9.0-win32-x64\jre\17.0.3-win32-x86_64\bin;C:\Windows\SYSTEM32;C:\Windows\WinSxS\amd64_microsoft.windows.common-controls_6595b64144ccf1df_6.0.19041.1110_none_60b5254171f9507e;c:\Users\Junior\.vscode\extensions\redhat.java-1.9.0-win32-x64\jre\17.0.3-win32-x86_64\bin\server

VM Arguments:
jvm_args: --add-modules=ALL-SYSTEM --add-opens=java.base/java.util=ALL-UNNAMED --add-opens=java.base/java.lang=ALL-UNNAMED --add-opens=java.base/sun.nio.fs=ALL-UNNAMED -Declipse.application=org.eclipse.jdt.ls.core.id1 -Dosgi.bundles.defaultStartLevel=4 -Declipse.product=org.eclipse.jdt.ls.core.product -Djava.import.generatesMetadataFilesAtProjectRoot=false -Dfile.encoding=utf8 -DwatchParentProcess=false -XX:+UseParallelGC -XX:GCTimeRatio=4 -XX:AdaptiveSizePolicyWeight=90 -Dsun.zip.disableMemoryMapping=true -Xmx1G -Xms100m -javaagent:c:\Users\Junior\.vscode\extensions\redhat.java-1.9.0-win32-x64\lombok\lombok-1.18.24.jar -XX:+HeapDumpOnOutOfMemoryError -XX:HeapDumpPath=c:\Users\Junior\AppData\Roaming\Code\User\workspaceStorage\ffbdc5b72c2d63b49f3b4a6e00aa7888\redhat.java 
java_command: c:\Users\Junior\.vscode\extensions\redhat.java-1.9.0-win32-x64\server\plugins\org.eclipse.equinox.launcher_1.6.400.v20210924-0641.jar -configuration c:\Users\Junior\AppData\Roaming\Code\User\globalStorage\redhat.java\1.9.0\config_win -data c:\Users\Junior\AppData\Roaming\Code\User\workspaceStorage\ffbdc5b72c2d63b49f3b4a6e00aa7888\redhat.java\jdt_ws
java_class_path (initial): c:\Users\Junior\.vscode\extensions\redhat.java-1.9.0-win32-x64\server\plugins\org.eclipse.equinox.launcher_1.6.400.v20210924-0641.jar
Launcher Type: SUN_STANDARD

[Global flags]
    uintx AdaptiveSizePolicyWeight                 = 90                                        {product} {command line}
     intx CICompilerCount                          = 4                                         {product} {ergonomic}
    uintx GCTimeRatio                              = 4                                         {product} {command line}
     bool HeapDumpOnOutOfMemoryError               = true                                   {manageable} {command line}
    ccstr HeapDumpPath                             = c:\Users\Junior\AppData\Roaming\Code\User\workspaceStorage\ffbdc5b72c2d63b49f3b4a6e00aa7888\redhat.java         {manageable} {command line}
   size_t InitialHeapSize                          = 104857600                                 {product} {command line}
   size_t MaxHeapSize                              = 1073741824                                {product} {command line}
   size_t MaxNewSize                               = 357564416                                 {product} {ergonomic}
   size_t MinHeapDeltaBytes                        = 524288                                    {product} {ergonomic}
   size_t MinHeapSize                              = 104857600                                 {product} {command line}
   size_t NewSize                                  = 34603008                                  {product} {ergonomic}
    uintx NonNMethodCodeHeapSize                   = 5839372                                {pd product} {ergonomic}
    uintx NonProfiledCodeHeapSize                  = 122909434                              {pd product} {ergonomic}
   size_t OldSize                                  = 70254592                                  {product} {ergonomic}
    uintx ProfiledCodeHeapSize                     = 122909434                              {pd product} {ergonomic}
    uintx ReservedCodeCacheSize                    = 251658240                              {pd product} {ergonomic}
     bool SegmentedCodeCache                       = true                                      {product} {ergonomic}
   size_t SoftMaxHeapSize                          = 1073741824                             {manageable} {ergonomic}
     bool UseCompressedClassPointers               = true                           {product lp64_product} {ergonomic}
     bool UseCompressedOops                        = true                           {product lp64_product} {ergonomic}
     bool UseLargePagesIndividualAllocation        = false                                  {pd product} {ergonomic}
     bool UseParallelGC                            = true                                      {product} {command line}

Logging:
Log output configuration:
 #0: stdout all=warning uptime,level,tags
 #1: stderr all=off uptime,level,tags

Environment Variables:
JAVA_HOME=C:\Program Files\Java\jdk-15.0.2
PATH=C:\ProgramData\Oracle\Java\javapath;C:\Program Files\Common Files\Oracle\Java\javapath;C:\Program Files (x86)\Common Files\Oracle\Java\javapath;C:\Windows\system32;C:\Windows;C:\Windows\System32\Wbem;C:\Windows\System32\WindowsPowerShell\v1.0\;C:\Windows\System32\OpenSSH\;C:\Program Files (x86)\Intel\Intel(R) Management Engine Components\DAL;C:\Program Files\Intel\Intel(R) Management Engine Components\DAL;C:\Program Files\Git\cmd;C:\Program Files\Java\jdk-15.0.2\bin;C:\Program Files\dotnet\;C:\Program Files\nodejs\;C:\Users\Junior\AppData\Local\Programs\Python\Python39\Scripts\;C:\Users\Junior\AppData\Local\Programs\Python\Python39\;C:\Users\Junior\AppData\Local\Microsoft\WindowsApps;C:\Users\Junior\AppData\Local\Programs\Microsoft VS Code\bin;C:\Program Files\Salesforce CLI\bin;C:\Users\Junior\AppData\Roaming\npm
USERNAME=Junior
OS=Windows_NT
PROCESSOR_IDENTIFIER=Intel64 Family 6 Model 142 Stepping 12, GenuineIntel



---------------  S Y S T E M  ---------------

OS:
 Windows 10 , 64 bit Build 19041 (10.0.19041.1151)
OS uptime: 15 days 1:22 hours
Hyper-V role detected

CPU: total 8 (initial active 8) (4 cores per cpu, 2 threads per core) family 6 model 142 stepping 12 microcode 0xde, cx8, cmov, fxsr, ht, mmx, 3dnowpref, sse, sse2, sse3, ssse3, sse4.1, sse4.2, popcnt, lzcnt, tsc, tscinvbit, avx, avx2, aes, erms, clmul, bmi1, bmi2, adx, fma, vzeroupper, clflush, clflushopt, hv

Memory: 4k page, system-wide physical 8068M (411M free)
TotalPageFile size 32644M (AvailPageFile size 0M)
current process WorkingSet (physical memory assigned to process): 39M, peak: 39M
current process commit charge ("private bytes"): 187M, peak: 187M

vm_info: OpenJDK 64-Bit Server VM (17.0.3+7) for windows-amd64 JRE (17.0.3+7), built on Apr 19 2022 16:55:35 by "" with MS VC++ 16.7 (VS2019)

END.
